Using pre-set license
Built from '2022.3/staging' branch; Version is '2022.3.8f1 (b5eafc012955) revision 11922172'; Using compiler version '192829333'; Build Type 'Release'
OS: 'Windows 11  (10.0.22621) 64bit CoreCountrySpecific' Language: 'zh' Physical Memory: 64780 MB
BatchMode: 1, IsHumanControllingUs: 0, StartBugReporterOnCrash: 0, Is64bit: 1, IsPro: 1

COMMAND LINE ARGUMENTS:
C:\Program Files\Unity\Hub\Editor\2022.3.8f1\Editor\Unity.exe
-adb2
-batchMode
-noUpm
-name
AssetImportWorker4
-projectPath
C:/Users/rinny/Dark Revenge
-logFile
Logs/AssetImportWorker4.log
-srvPort
63766
Successfully changed project path to: C:/Users/rinny/Dark Revenge
C:/Users/rinny/Dark Revenge
[UnityMemory] Configuration Parameters - Can be set up in boot.config
    "memorysetup-bucket-allocator-granularity=16"
    "memorysetup-bucket-allocator-bucket-count=8"
    "memorysetup-bucket-allocator-block-size=33554432"
    "memorysetup-bucket-allocator-block-count=8"
    "memorysetup-main-allocator-block-size=16777216"
    "memorysetup-thread-allocator-block-size=16777216"
    "memorysetup-gfx-main-allocator-block-size=16777216"
    "memorysetup-gfx-thread-allocator-block-size=16777216"
    "memorysetup-cache-allocator-block-size=4194304"
    "memorysetup-typetree-allocator-block-size=2097152"
    "memorysetup-profiler-bucket-allocator-granularity=16"
    "memorysetup-profiler-bucket-allocator-bucket-count=8"
    "memorysetup-profiler-bucket-allocator-block-size=33554432"
    "memorysetup-profiler-bucket-allocator-block-count=8"
    "memorysetup-profiler-allocator-block-size=16777216"
    "memorysetup-profiler-editor-allocator-block-size=1048576"
    "memorysetup-temp-allocator-size-main=16777216"
    "memorysetup-job-temp-allocator-block-size=2097152"
    "memorysetup-job-temp-allocator-block-size-background=1048576"
    "memorysetup-job-temp-allocator-reduction-small-platforms=262144"
    "memorysetup-allocator-temp-initial-block-size-main=262144"
    "memorysetup-allocator-temp-initial-block-size-worker=262144"
    "memorysetup-temp-allocator-size-background-worker=32768"
    "memorysetup-temp-allocator-size-job-worker=262144"
    "memorysetup-temp-allocator-size-preload-manager=33554432"
    "memorysetup-temp-allocator-size-nav-mesh-worker=65536"
    "memorysetup-temp-allocator-size-audio-worker=65536"
    "memorysetup-temp-allocator-size-cloud-worker=32768"
    "memorysetup-temp-allocator-size-gi-baking-worker=262144"
    "memorysetup-temp-allocator-size-gfx=262144"
Player connection [34472] Host "[IP] 192.168.1.4 [Port] 0 [Flags] 2 [Guid] 3163376596 [EditorId] 3163376596 [Version] 1048832 [Id] WindowsEditor(7,NuclearComputer) [Debug] 1 [PackageName] WindowsEditor [ProjectName] Editor" joined multi-casting on [225.0.0.222:54997]...

Player connection [34472] Host "[IP] 192.168.1.4 [Port] 0 [Flags] 2 [Guid] 3163376596 [EditorId] 3163376596 [Version] 1048832 [Id] WindowsEditor(7,NuclearComputer) [Debug] 1 [PackageName] WindowsEditor [ProjectName] Editor" joined alternative multi-casting on [225.0.0.222:34997]...

[Physics::Module] Initialized MultithreadedJobDispatcher with 15 workers.
Refreshing native plugins compatible for Editor in 21.14 ms, found 4 plugins.
Preloading 0 native plugins for Editor in 0.00 ms.
Initialize engine version: 2022.3.8f1 (b5eafc012955)
[Subsystems] Discovering subsystems at path C:/Program Files/Unity/Hub/Editor/2022.3.8f1/Editor/Data/Resources/UnitySubsystems
[Subsystems] Discovering subsystems at path C:/Users/rinny/Dark Revenge/Assets
GfxDevice: creating device client; threaded=0; jobified=0
Direct3D:
    Version:  Direct3D 11.0 [level 11.1]
    Renderer: NVIDIA GeForce RTX 3070 Ti Laptop GPU (ID=0x24a0)
    Vendor:   NVIDIA
    VRAM:     8032 MB
    Driver:   31.0.15.2849
Initialize mono
Mono path[0] = 'C:/Program Files/Unity/Hub/Editor/2022.3.8f1/Editor/Data/Managed'
Mono path[1] = 'C:/Program Files/Unity/Hub/Editor/2022.3.8f1/Editor/Data/MonoBleedingEdge/lib/mono/unityjit-win32'
Mono config path = 'C:/Program Files/Unity/Hub/Editor/2022.3.8f1/Editor/Data/MonoBleedingEdge/etc'
Using monoOptions --debugger-agent=transport=dt_socket,embedding=1,server=y,suspend=n,address=127.0.0.1:56468
Begin MonoManager ReloadAssembly
Registering precompiled unity dll's ...
Register platform support module: C:/Program Files/Unity/Hub/Editor/2022.3.8f1/Editor/Data/PlaybackEngines/WebGLSupport/UnityEditor.WebGL.Extensions.dll
Register platform support module: C:/Program Files/Unity/Hub/Editor/2022.3.8f1/Editor/Data/PlaybackEngines/WindowsStandaloneSupport/UnityEditor.WindowsStandalone.Extensions.dll
Registered in 0.011123 seconds.
- Loaded All Assemblies, in  0.334 seconds
Native extension for WindowsStandalone target not found
Native extension for WebGL target not found
Mono: successfully reloaded assembly
- Finished resetting the current domain, in  0.226 seconds
Domain Reload Profiling: 558ms
	BeginReloadAssembly (101ms)
		ExecutionOrderSort (0ms)
		DisableScriptedObjects (0ms)
		BackupInstance (0ms)
		ReleaseScriptingObjects (0ms)
		CreateAndSetChildDomain (1ms)
	RebuildCommonClasses (38ms)
	RebuildNativeTypeToScriptingClass (10ms)
	initialDomainReloadingComplete (62ms)
	LoadAllAssembliesAndSetupDomain (121ms)
		LoadAssemblies (99ms)
		RebuildTransferFunctionScriptingTraits (0ms)
		AnalyzeDomain (119ms)
			TypeCache.Refresh (118ms)
				TypeCache.ScanAssembly (106ms)
			ScanForSourceGeneratedMonoScriptInfo (0ms)
			ResolveRequiredComponents (0ms)
	FinalizeReload (227ms)
		ReleaseScriptCaches (0ms)
		RebuildScriptCaches (0ms)
		SetupLoadedEditorAssemblies (177ms)
			LogAssemblyErrors (0ms)
			InitializePlatformSupportModulesInManaged (11ms)
			SetLoadedEditorAssemblies (5ms)
			RefreshPlugins (0ms)
			BeforeProcessingInitializeOnLoad (2ms)
			ProcessInitializeOnLoadAttributes (111ms)
			ProcessInitializeOnLoadMethodAttributes (48ms)
			AfterProcessingInitializeOnLoad (0ms)
			EditorAssembliesLoaded (0ms)
		ExecutionOrderSort2 (0ms)
		AwakeInstancesAfterBackupRestoration (0ms)
========================================================================
Worker process is ready to serve import requests
Begin MonoManager ReloadAssembly
- Loaded All Assemblies, in  0.567 seconds
Refreshing native plugins compatible for Editor in 5.76 ms, found 4 plugins.
Native extension for WindowsStandalone target not found
Native extension for WebGL target not found
Package Manager log level set to [2]
[Package Manager] Server::EnsureServerProcessIsRunning -- launch failed, reason: Unity was launched with the -noUpm command-line argument
[Package Manager] UpmClient::Send -- Unable to send message (not connected to UPM process).
[Package Manager] Cannot connect to Unity Package Manager local server
Mono: successfully reloaded assembly
- Finished resetting the current domain, in  0.545 seconds
Domain Reload Profiling: 1107ms
	BeginReloadAssembly (133ms)
		ExecutionOrderSort (0ms)
		DisableScriptedObjects (4ms)
		BackupInstance (0ms)
		ReleaseScriptingObjects (0ms)
		CreateAndSetChildDomain (21ms)
	RebuildCommonClasses (28ms)
	RebuildNativeTypeToScriptingClass (8ms)
	initialDomainReloadingComplete (39ms)
	LoadAllAssembliesAndSetupDomain (354ms)
		LoadAssemblies (285ms)
		RebuildTransferFunctionScriptingTraits (0ms)
		AnalyzeDomain (143ms)
			TypeCache.Refresh (122ms)
				TypeCache.ScanAssembly (109ms)
			ScanForSourceGeneratedMonoScriptInfo (17ms)
			ResolveRequiredComponents (3ms)
	FinalizeReload (545ms)
		ReleaseScriptCaches (0ms)
		RebuildScriptCaches (0ms)
		SetupLoadedEditorAssemblies (409ms)
			LogAssemblyErrors (0ms)
			InitializePlatformSupportModulesInManaged (8ms)
			SetLoadedEditorAssemblies (3ms)
			RefreshPlugins (0ms)
			BeforeProcessingInitializeOnLoad (70ms)
			ProcessInitializeOnLoadAttributes (289ms)
			ProcessInitializeOnLoadMethodAttributes (30ms)
			AfterProcessingInitializeOnLoad (10ms)
			EditorAssembliesLoaded (0ms)
		ExecutionOrderSort2 (0ms)
		AwakeInstancesAfterBackupRestoration (11ms)
Launched and connected shader compiler UnityShaderCompiler.exe after 0.08 seconds
Refreshing native plugins compatible for Editor in 6.27 ms, found 4 plugins.
Preloading 0 native plugins for Editor in 0.00 ms.
Unloading 4043 Unused Serialized files (Serialized files now loaded: 0)
Unloading 68 unused Assets / (198.8 KB). Loaded Objects now: 4504.
Memory consumption went from 141.4 MB to 141.2 MB.
Total: 4.724800 ms (FindLiveObjects: 0.299200 ms CreateObjectMapping: 0.294900 ms MarkObjects: 3.814300 ms  DeleteObjects: 0.315400 ms)

AssetImportParameters requested are different than current active one (requested -> active):
  custom:container-demuxer-ogg: 62fdf1f143b41e24485cea50d1cbac27 -> 
  custom:video-codec-MediaFoundation-h265: 746d11721c4dcdbdad8f713fa42b33f4 -> 
  custom:video-decoder-ogg-theora: a1e56fd34408186e4bbccfd4996cb3dc -> 
  custom:framework-win-MediaFoundation: 216162199b28c13a410421893ffa2e32 -> 
  custom:CustomObjectIndexerAttribute: 756ad292c208cfabdd7b50bc23989ffe -> 
  custom:container-demuxer-webm: 4f35f7cbe854078d1ac9338744f61a02 -> 
  custom:container-muxer-webm: aa71ff27fc2769a1b78a27578f13a17b -> 
  custom:video-decoder-webm-vp8: 9c59270c3fd7afecdb556c50c9e8de78 -> 
  custom:SearchIndexIgnoredProperties: e643bd26f0fe6173181afceb89e7c659 -> 
  custom:AudioImporter_EditorPlatform: d09bf68614088b80899f8185d706f6e7 -> 
  custom:video-encoder-webm-vp8: eb34c28f22e8b96e1ab97ce403110664 -> 
  custom:audio-decoder-ogg-vorbis: bf7c407c2cedff20999df2af8eb42d56 -> 
  custom:audio-encoder-webm-vorbis: bf7c407c2cedff20999df2af8eb42d56 -> 
========================================================================
Received Import Request.
  Time since last request: 1228729.239818 seconds.
  path: Assets/Hero and Opponents/Sprites/Enemy2/attack-A9.png
  artifactKey: Guid(edd97a80a81597f4fb0bbe103ee61ecd) Importer(815301076,1909f56bfc062723c751e8b465ee728b)
Start importing Assets/Hero and Opponents/Sprites/Enemy2/attack-A9.png using Guid(edd97a80a81597f4fb0bbe103ee61ecd) Importer(815301076,1909f56bfc062723c751e8b465ee728b)  -> (artifact id: '92e888bd920bba799a308141f6918b81') in 0.095353 seconds
Number of updated asset objects reloaded before import = 0
Number of asset objects unloaded after import = 3
========================================================================
Received Import Request.
  Time since last request: 0.000038 seconds.
  path: Assets/Hero and Opponents/Sprites/Enemy2/shield-block-1.png
  artifactKey: Guid(3757da37e36931447b84ca852c015afd) Importer(815301076,1909f56bfc062723c751e8b465ee728b)
Start importing Assets/Hero and Opponents/Sprites/Enemy2/shield-block-1.png using Guid(3757da37e36931447b84ca852c015afd) Importer(815301076,1909f56bfc062723c751e8b465ee728b)  -> (artifact id: 'bedc38017850fb4852a2916dadd62554') in 0.019182 seconds
Number of updated asset objects reloaded before import = 0
Number of asset objects unloaded after import = 3
========================================================================
Received Import Request.
  Time since last request: 0.000018 seconds.
  path: Assets/Hero and Opponents/Sprites/Enemy2/jump-3.png
  artifactKey: Guid(cb105fc34bff67146be09b680d162557) Importer(815301076,1909f56bfc062723c751e8b465ee728b)
Start importing Assets/Hero and Opponents/Sprites/Enemy2/jump-3.png using Guid(cb105fc34bff67146be09b680d162557) Importer(815301076,1909f56bfc062723c751e8b465ee728b)  -> (artifact id: 'cba020ebd5879fd23d4075c9f60ca7e1') in 0.019491 seconds
Number of updated asset objects reloaded before import = 0
Number of asset objects unloaded after import = 3
========================================================================
Received Import Request.
  Time since last request: 0.000017 seconds.
  path: Assets/Hero and Opponents/Sprites/Enemy2/attack-B7.png
  artifactKey: Guid(3a742c30c1875074688c6cbd67ed91fe) Importer(815301076,1909f56bfc062723c751e8b465ee728b)
Start importing Assets/Hero and Opponents/Sprites/Enemy2/attack-B7.png using Guid(3a742c30c1875074688c6cbd67ed91fe) Importer(815301076,1909f56bfc062723c751e8b465ee728b)  -> (artifact id: '2a0a136c7e03f63181d6a63ac8f2c098') in 0.017119 seconds
Number of updated asset objects reloaded before import = 0
Number of asset objects unloaded after import = 3
========================================================================
Received Import Request.
  Time since last request: 0.000018 seconds.
  path: Assets/Hero and Opponents/Sprites/Enemy2/jump-2.png
  artifactKey: Guid(39fc07b598af2d44b8bc426acb76937d) Importer(815301076,1909f56bfc062723c751e8b465ee728b)
Start importing Assets/Hero and Opponents/Sprites/Enemy2/jump-2.png using Guid(39fc07b598af2d44b8bc426acb76937d) Importer(815301076,1909f56bfc062723c751e8b465ee728b)  -> (artifact id: 'b939ad0765ad651f8cd87477a3786b2c') in 0.016226 seconds
Number of updated asset objects reloaded before import = 0
Number of asset objects unloaded after import = 3
========================================================================
Received Import Request.
  Time since last request: 0.000018 seconds.
  path: Assets/Hero and Opponents/Sprites/Enemy2/attack-A8.png
  artifactKey: Guid(1f6a8ee66fc2b2f4eb8beaf25dd3a841) Importer(815301076,1909f56bfc062723c751e8b465ee728b)
Start importing Assets/Hero and Opponents/Sprites/Enemy2/attack-A8.png using Guid(1f6a8ee66fc2b2f4eb8beaf25dd3a841) Importer(815301076,1909f56bfc062723c751e8b465ee728b)  -> (artifact id: '6f40b60cb1a01bd23443abc501d7d733') in 0.015898 seconds
Number of updated asset objects reloaded before import = 0
Number of asset objects unloaded after import = 3
========================================================================
Received Import Request.
  Time since last request: 2.103558 seconds.
  path: Assets/Hero and Opponents/Sprites/Enemy3
  artifactKey: Guid(f7bd740c50633dc43a906bf2fc5e8c27) Importer(815301076,1909f56bfc062723c751e8b465ee728b)
Start importing Assets/Hero and Opponents/Sprites/Enemy3 using Guid(f7bd740c50633dc43a906bf2fc5e8c27) Importer(815301076,1909f56bfc062723c751e8b465ee728b)  -> (artifact id: 'ed3b722c0c4a4043705bd79b31a4c174') in 0.000538 seconds
Number of updated asset objects reloaded before import = 0
Number of asset objects unloaded after import = 0
========================================================================
Received Import Request.
  Time since last request: 0.068941 seconds.
  path: Assets/Hero and Opponents/Sprites/Enemy3/attack-A1.png
  artifactKey: Guid(265406c4eb5581249bb0f7999d03774c) Importer(815301076,1909f56bfc062723c751e8b465ee728b)
Start importing Assets/Hero and Opponents/Sprites/Enemy3/attack-A1.png using Guid(265406c4eb5581249bb0f7999d03774c) Importer(815301076,1909f56bfc062723c751e8b465ee728b)  -> (artifact id: 'f0858d58c915c480400bf0604d3b16c3') in 0.033565 seconds
Number of updated asset objects reloaded before import = 0
Number of asset objects unloaded after import = 3
========================================================================
Received Import Request.
  Time since last request: 0.000014 seconds.
  path: Assets/Hero and Opponents/Sprites/Enemy3/hit-3.png
  artifactKey: Guid(a80a75ba0dcdcca44bb16b950986375b) Importer(815301076,1909f56bfc062723c751e8b465ee728b)
Start importing Assets/Hero and Opponents/Sprites/Enemy3/hit-3.png using Guid(a80a75ba0dcdcca44bb16b950986375b) Importer(815301076,1909f56bfc062723c751e8b465ee728b)  -> (artifact id: '3e323d2b52f5d96bbac4dc39f1729088') in 0.017978 seconds
Number of updated asset objects reloaded before import = 0
Number of asset objects unloaded after import = 3
========================================================================
Received Import Request.
  Time since last request: 0.000016 seconds.
  path: Assets/Hero and Opponents/Sprites/Enemy3/walk-2.png
  artifactKey: Guid(6bfffeba0b62cf5448929c448f711700) Importer(815301076,1909f56bfc062723c751e8b465ee728b)
Start importing Assets/Hero and Opponents/Sprites/Enemy3/walk-2.png using Guid(6bfffeba0b62cf5448929c448f711700) Importer(815301076,1909f56bfc062723c751e8b465ee728b)  -> (artifact id: '24337b5b8b1db9fd774f086b5d0bc76a') in 0.023344 seconds
Number of updated asset objects reloaded before import = 0
Number of asset objects unloaded after import = 3
========================================================================
Received Import Request.
  Time since last request: 0.000018 seconds.
  path: Assets/Hero and Opponents/Sprites/Enemy3/attack-C7.png
  artifactKey: Guid(9ed74cf91486f7640b10fbb54e84ae98) Importer(815301076,1909f56bfc062723c751e8b465ee728b)
Start importing Assets/Hero and Opponents/Sprites/Enemy3/attack-C7.png using Guid(9ed74cf91486f7640b10fbb54e84ae98) Importer(815301076,1909f56bfc062723c751e8b465ee728b)  -> (artifact id: '157c0d6b5ad592764e6d4456c04e95d9') in 0.016085 seconds
Number of updated asset objects reloaded before import = 0
Number of asset objects unloaded after import = 3
========================================================================
Received Import Request.
  Time since last request: 0.000014 seconds.
  path: Assets/Hero and Opponents/Sprites/Enemy3/attack-B4.png
  artifactKey: Guid(06423f39ae16b3849a9ee4295973598f) Importer(815301076,1909f56bfc062723c751e8b465ee728b)
Start importing Assets/Hero and Opponents/Sprites/Enemy3/attack-B4.png using Guid(06423f39ae16b3849a9ee4295973598f) Importer(815301076,1909f56bfc062723c751e8b465ee728b)  -> (artifact id: '293cc7e1bb4ec665e8ad22820027920e') in 0.023241 seconds
Number of updated asset objects reloaded before import = 0
Number of asset objects unloaded after import = 3
========================================================================
Received Import Request.
  Time since last request: 0.000013 seconds.
  path: Assets/Hero and Opponents/Sprites/Enemy3/attack-B11.png
  artifactKey: Guid(342b9aa1508b26c44951671e25d81119) Importer(815301076,1909f56bfc062723c751e8b465ee728b)
Start importing Assets/Hero and Opponents/Sprites/Enemy3/attack-B11.png using Guid(342b9aa1508b26c44951671e25d81119) Importer(815301076,1909f56bfc062723c751e8b465ee728b)  -> (artifact id: '02249d7234e9ed8104a103bf6d1a1a2d') in 0.020727 seconds
Number of updated asset objects reloaded before import = 0
Number of asset objects unloaded after import = 3
========================================================================
Received Import Request.
  Time since last request: 0.000023 seconds.
  path: Assets/Hero and Opponents/Sprites/Enemy3/attack-B3.png
  artifactKey: Guid(c28b7c74e33a7b648aca59528fc31631) Importer(815301076,1909f56bfc062723c751e8b465ee728b)
Start importing Assets/Hero and Opponents/Sprites/Enemy3/attack-B3.png using Guid(c28b7c74e33a7b648aca59528fc31631) Importer(815301076,1909f56bfc062723c751e8b465ee728b)  -> (artifact id: 'a80e0acf408ce69759125572d9a0698f') in 0.019250 seconds
Number of updated asset objects reloaded before import = 0
Number of asset objects unloaded after import = 3
========================================================================
Received Import Request.
  Time since last request: 0.000014 seconds.
  path: Assets/Hero and Opponents/Sprites/Enemy3/attack-C4.png
  artifactKey: Guid(4698c5a1f5a5eca4fb015729046dd6ca) Importer(815301076,1909f56bfc062723c751e8b465ee728b)
Start importing Assets/Hero and Opponents/Sprites/Enemy3/attack-C4.png using Guid(4698c5a1f5a5eca4fb015729046dd6ca) Importer(815301076,1909f56bfc062723c751e8b465ee728b)  -> (artifact id: '327c986aa4b5c9b40e26f9018bab87db') in 0.020726 seconds
Number of updated asset objects reloaded before import = 0
Number of asset objects unloaded after import = 3
========================================================================
Received Import Request.
  Time since last request: 0.000019 seconds.
  path: Assets/Hero and Opponents/Sprites/Enemy3/walk-4.png
  artifactKey: Guid(fdee10d35cd1a3e4cbf2c18cbaccbaad) Importer(815301076,1909f56bfc062723c751e8b465ee728b)
Start importing Assets/Hero and Opponents/Sprites/Enemy3/walk-4.png using Guid(fdee10d35cd1a3e4cbf2c18cbaccbaad) Importer(815301076,1909f56bfc062723c751e8b465ee728b)  -> (artifact id: 'dea26498ffeb79ca77b559376fc3cafb') in 0.016243 seconds
Number of updated asset objects reloaded before import = 0
Number of asset objects unloaded after import = 3
========================================================================
Received Import Request.
  Time since last request: 0.000023 seconds.
  path: Assets/Hero and Opponents/Sprites/Enemy3/attack-A9.png
  artifactKey: Guid(9a0ae200e9c42ba45ab8c2505d22151c) Importer(815301076,1909f56bfc062723c751e8b465ee728b)
Start importing Assets/Hero and Opponents/Sprites/Enemy3/attack-A9.png using Guid(9a0ae200e9c42ba45ab8c2505d22151c) Importer(815301076,1909f56bfc062723c751e8b465ee728b)  -> (artifact id: 'c743ad6a3ec617fc2002bbb48a9c42fe') in 0.019900 seconds
Number of updated asset objects reloaded before import = 0
Number of asset objects unloaded after import = 3
========================================================================
Received Import Request.
  Time since last request: 0.000016 seconds.
  path: Assets/Hero and Opponents/Sprites/Enemy3/attack-A8.png
  artifactKey: Guid(769c1d00bdf28e2418ee4cee4fa058d7) Importer(815301076,1909f56bfc062723c751e8b465ee728b)
Start importing Assets/Hero and Opponents/Sprites/Enemy3/attack-A8.png using Guid(769c1d00bdf28e2418ee4cee4fa058d7) Importer(815301076,1909f56bfc062723c751e8b465ee728b)  -> (artifact id: '57df33e2d4cc532c9182a6a002014a4e') in 0.026840 seconds
Number of updated asset objects reloaded before import = 0
Number of asset objects unloaded after import = 3
========================================================================
Received Import Request.
  Time since last request: 1.218438 seconds.
  path: Assets/Hero and Opponents/Sprites/Enemy4
  artifactKey: Guid(36cba78085e87984f81e2d270cf7a236) Importer(815301076,1909f56bfc062723c751e8b465ee728b)
Start importing Assets/Hero and Opponents/Sprites/Enemy4 using Guid(36cba78085e87984f81e2d270cf7a236) Importer(815301076,1909f56bfc062723c751e8b465ee728b)  -> (artifact id: '65bee58818adedb39ae12528c2130e50') in 0.000544 seconds
Number of updated asset objects reloaded before import = 0
Number of asset objects unloaded after import = 0
========================================================================
Received Import Request.
  Time since last request: 0.629316 seconds.
  path: Assets/Hero and Opponents/Sprites/Enemy4/attack-A1.png
  artifactKey: Guid(2750b4c5b3ad38d43b4d095b1c6e9c0b) Importer(815301076,1909f56bfc062723c751e8b465ee728b)
Start importing Assets/Hero and Opponents/Sprites/Enemy4/attack-A1.png using Guid(2750b4c5b3ad38d43b4d095b1c6e9c0b) Importer(815301076,1909f56bfc062723c751e8b465ee728b)  -> (artifact id: '635a9df9604f4fcabd9a1091471dc9ee') in 0.016539 seconds
Number of updated asset objects reloaded before import = 0
Number of asset objects unloaded after import = 3
========================================================================
Received Import Request.
  Time since last request: 0.000017 seconds.
  path: Assets/Hero and Opponents/Sprites/Enemy4/attack-B6.png
  artifactKey: Guid(d08fe4a10a671684d83aa0273666bb5c) Importer(815301076,1909f56bfc062723c751e8b465ee728b)
Start importing Assets/Hero and Opponents/Sprites/Enemy4/attack-B6.png using Guid(d08fe4a10a671684d83aa0273666bb5c) Importer(815301076,1909f56bfc062723c751e8b465ee728b)  -> (artifact id: '4a91cc074368e5a35b3ed54734b04531') in 0.017968 seconds
Number of updated asset objects reloaded before import = 0
Number of asset objects unloaded after import = 3
========================================================================
Received Import Request.
  Time since last request: 0.000015 seconds.
  path: Assets/Hero and Opponents/Sprites/Enemy4/jump-4.png
  artifactKey: Guid(3324cc57d8c029545b5eb6fee623dd95) Importer(815301076,1909f56bfc062723c751e8b465ee728b)
Start importing Assets/Hero and Opponents/Sprites/Enemy4/jump-4.png using Guid(3324cc57d8c029545b5eb6fee623dd95) Importer(815301076,1909f56bfc062723c751e8b465ee728b)  -> (artifact id: '1b6c472acfac435f138e67dac8ccbeac') in 0.018499 seconds
Number of updated asset objects reloaded before import = 0
Number of asset objects unloaded after import = 3
========================================================================
Received Import Request.
  Time since last request: 0.000017 seconds.
  path: Assets/Hero and Opponents/Sprites/Enemy4/dead-4.png
  artifactKey: Guid(7e8ba4b2b7507f047a6233b78457fb52) Importer(815301076,1909f56bfc062723c751e8b465ee728b)
Start importing Assets/Hero and Opponents/Sprites/Enemy4/dead-4.png using Guid(7e8ba4b2b7507f047a6233b78457fb52) Importer(815301076,1909f56bfc062723c751e8b465ee728b)  -> (artifact id: 'c961292e9196c4be49975c92246e0132') in 0.020917 seconds
Number of updated asset objects reloaded before import = 0
Number of asset objects unloaded after import = 3
========================================================================
Received Import Request.
  Time since last request: 0.000019 seconds.
  path: Assets/Hero and Opponents/Sprites/Enemy4/walk-3.png
  artifactKey: Guid(a61e380b02e65914187d4cd06dfee31b) Importer(815301076,1909f56bfc062723c751e8b465ee728b)
Start importing Assets/Hero and Opponents/Sprites/Enemy4/walk-3.png using Guid(a61e380b02e65914187d4cd06dfee31b) Importer(815301076,1909f56bfc062723c751e8b465ee728b)  -> (artifact id: '9e114ef139b701bbf11e43f74ac226a0') in 0.023969 seconds
Number of updated asset objects reloaded before import = 0
Number of asset objects unloaded after import = 3
========================================================================
Received Import Request.
  Time since last request: 0.000018 seconds.
  path: Assets/Hero and Opponents/Sprites/Enemy4/attack-B5.png
  artifactKey: Guid(40f21547c0783134a949366e117afb38) Importer(815301076,1909f56bfc062723c751e8b465ee728b)
Start importing Assets/Hero and Opponents/Sprites/Enemy4/attack-B5.png using Guid(40f21547c0783134a949366e117afb38) Importer(815301076,1909f56bfc062723c751e8b465ee728b)  -> (artifact id: '27d7b492bc96e712c6e86a5ce56ff640') in 0.014974 seconds
Number of updated asset objects reloaded before import = 0
Number of asset objects unloaded after import = 3
========================================================================
Received Import Request.
  Time since last request: 0.000015 seconds.
  path: Assets/Hero and Opponents/Sprites/Enemy4/attack-B1.png
  artifactKey: Guid(2996d796e449946468de23654d897467) Importer(815301076,1909f56bfc062723c751e8b465ee728b)
Start importing Assets/Hero and Opponents/Sprites/Enemy4/attack-B1.png using Guid(2996d796e449946468de23654d897467) Importer(815301076,1909f56bfc062723c751e8b465ee728b)  -> (artifact id: 'f59b0e53cd537952a35b9775de073be3') in 0.018629 seconds
Number of updated asset objects reloaded before import = 0
Number of asset objects unloaded after import = 3
========================================================================
Received Import Request.
  Time since last request: 0.000019 seconds.
  path: Assets/Hero and Opponents/Sprites/Enemy4/jump-1.png
  artifactKey: Guid(f7369fbd274b8ef459f0a3413a60cfc1) Importer(815301076,1909f56bfc062723c751e8b465ee728b)
Start importing Assets/Hero and Opponents/Sprites/Enemy4/jump-1.png using Guid(f7369fbd274b8ef459f0a3413a60cfc1) Importer(815301076,1909f56bfc062723c751e8b465ee728b)  -> (artifact id: '65322cf5f1954bf7ef75ba7b19160913') in 0.017950 seconds
Number of updated asset objects reloaded before import = 0
Number of asset objects unloaded after import = 3
========================================================================
Received Import Request.
  Time since last request: 0.000027 seconds.
  path: Assets/Hero and Opponents/Sprites/Enemy4/walk-4.png
  artifactKey: Guid(ab87589022c07504eaca608f5eee8dae) Importer(815301076,1909f56bfc062723c751e8b465ee728b)
Start importing Assets/Hero and Opponents/Sprites/Enemy4/walk-4.png using Guid(ab87589022c07504eaca608f5eee8dae) Importer(815301076,1909f56bfc062723c751e8b465ee728b)  -> (artifact id: '47b80f5c4ab7418a77748dae7e09bf43') in 0.015848 seconds
Number of updated asset objects reloaded before import = 0
Number of asset objects unloaded after import = 3
========================================================================
Received Import Request.
  Time since last request: 1.397349 seconds.
  path: Assets/Hero and Opponents/Sprites/Enemy5
  artifactKey: Guid(98cdd2ae08e14f34597905a9b9de7d59) Importer(815301076,1909f56bfc062723c751e8b465ee728b)
Start importing Assets/Hero and Opponents/Sprites/Enemy5 using Guid(98cdd2ae08e14f34597905a9b9de7d59) Importer(815301076,1909f56bfc062723c751e8b465ee728b)  -> (artifact id: 'a6ee5b25e94ed7f6fc91f18aa3d013f6') in 0.000479 seconds
Number of updated asset objects reloaded before import = 0
Number of asset objects unloaded after import = 0
========================================================================
Received Import Request.
  Time since last request: 0.062328 seconds.
  path: Assets/Hero and Opponents/Sprites/Enemy5/attack-A1.png
  artifactKey: Guid(5b4b5bb559abd044791dedff1b79315e) Importer(815301076,1909f56bfc062723c751e8b465ee728b)
Start importing Assets/Hero and Opponents/Sprites/Enemy5/attack-A1.png using Guid(5b4b5bb559abd044791dedff1b79315e) Importer(815301076,1909f56bfc062723c751e8b465ee728b)  -> (artifact id: '40a1131cd44891d8f278b014ee19b6db') in 0.015572 seconds
Number of updated asset objects reloaded before import = 0
Number of asset objects unloaded after import = 3
========================================================================
Received Import Request.
  Time since last request: 0.000017 seconds.
  path: Assets/Hero and Opponents/Sprites/Enemy5/run-2.png
  artifactKey: Guid(3b9b7ec69ebddd747b6411cf1b52570a) Importer(815301076,1909f56bfc062723c751e8b465ee728b)
Start importing Assets/Hero and Opponents/Sprites/Enemy5/run-2.png using Guid(3b9b7ec69ebddd747b6411cf1b52570a) Importer(815301076,1909f56bfc062723c751e8b465ee728b)  -> (artifact id: '84a2c303ad499b1b237535bb54566b40') in 0.015805 seconds
Number of updated asset objects reloaded before import = 0
Number of asset objects unloaded after import = 3
========================================================================
Received Import Request.
  Time since last request: 0.000013 seconds.
  path: Assets/Hero and Opponents/Sprites/Enemy5/dead-4.png
  artifactKey: Guid(2681b9ea165818a40a0d60507953ce71) Importer(815301076,1909f56bfc062723c751e8b465ee728b)
Start importing Assets/Hero and Opponents/Sprites/Enemy5/dead-4.png using Guid(2681b9ea165818a40a0d60507953ce71) Importer(815301076,1909f56bfc062723c751e8b465ee728b)  -> (artifact id: '218a70918ac29a3639c798427a2e3439') in 0.015620 seconds
Number of updated asset objects reloaded before import = 0
Number of asset objects unloaded after import = 3
========================================================================
Received Import Request.
  Time since last request: 0.000014 seconds.
  path: Assets/Hero and Opponents/Sprites/Enemy5/run-5.png
  artifactKey: Guid(0872883f26db6b846bf3b9427f298aab) Importer(815301076,1909f56bfc062723c751e8b465ee728b)
Start importing Assets/Hero and Opponents/Sprites/Enemy5/run-5.png using Guid(0872883f26db6b846bf3b9427f298aab) Importer(815301076,1909f56bfc062723c751e8b465ee728b)  -> (artifact id: '7e4d1065d2d72dfafeb6e913eebd2c4f') in 0.020061 seconds
Number of updated asset objects reloaded before import = 0
Number of asset objects unloaded after import = 3
========================================================================
Received Import Request.
  Time since last request: 0.000016 seconds.
  path: Assets/Hero and Opponents/Sprites/Enemy5/attack-B2.png
  artifactKey: Guid(ed9b567ed7c32dc4cbcac37af8841754) Importer(815301076,1909f56bfc062723c751e8b465ee728b)
Start importing Assets/Hero and Opponents/Sprites/Enemy5/attack-B2.png using Guid(ed9b567ed7c32dc4cbcac37af8841754) Importer(815301076,1909f56bfc062723c751e8b465ee728b)  -> (artifact id: 'cb80aa9221f2a808fb06dfa049ba9466') in 0.016446 seconds
Number of updated asset objects reloaded before import = 0
Number of asset objects unloaded after import = 3
========================================================================
Received Import Request.
  Time since last request: 0.000017 seconds.
  path: Assets/Hero and Opponents/Sprites/Enemy5/jump-3.png
  artifactKey: Guid(6c4b72a04c613ee40a3d3ce5740fc370) Importer(815301076,1909f56bfc062723c751e8b465ee728b)
Start importing Assets/Hero and Opponents/Sprites/Enemy5/jump-3.png using Guid(6c4b72a04c613ee40a3d3ce5740fc370) Importer(815301076,1909f56bfc062723c751e8b465ee728b)  -> (artifact id: '64dcf84a1243156d21fff6a7bb08c6c3') in 0.018587 seconds
Number of updated asset objects reloaded before import = 0
Number of asset objects unloaded after import = 3
========================================================================
Received Import Request.
  Time since last request: 0.000079 seconds.
  path: Assets/Hero and Opponents/Sprites/Enemy5/jump-5.png
  artifactKey: Guid(ff8c22abfeb161146a5de37d00a1430d) Importer(815301076,1909f56bfc062723c751e8b465ee728b)
Start importing Assets/Hero and Opponents/Sprites/Enemy5/jump-5.png using Guid(ff8c22abfeb161146a5de37d00a1430d) Importer(815301076,1909f56bfc062723c751e8b465ee728b)  -> (artifact id: 'a54627f4619456c92ae00e58c43f931a') in 0.019113 seconds
Number of updated asset objects reloaded before import = 0
Number of asset objects unloaded after import = 3
========================================================================
Received Import Request.
  Time since last request: 0.000092 seconds.
  path: Assets/Hero and Opponents/Sprites/Enemy5/hit-3.png
  artifactKey: Guid(9c40aa4b6471d854c88de8253331279a) Importer(815301076,1909f56bfc062723c751e8b465ee728b)
Start importing Assets/Hero and Opponents/Sprites/Enemy5/hit-3.png using Guid(9c40aa4b6471d854c88de8253331279a) Importer(815301076,1909f56bfc062723c751e8b465ee728b)  -> (artifact id: 'f3ad6a353425fdd942c1ae012d1e2a7a') in 0.017300 seconds
Number of updated asset objects reloaded before import = 0
Number of asset objects unloaded after import = 3
========================================================================
Received Import Request.
  Time since last request: 0.000020 seconds.
  path: Assets/Hero and Opponents/Sprites/Enemy5/jump-2.png
  artifactKey: Guid(3e943c1d00529284eb403cf58465cd2d) Importer(815301076,1909f56bfc062723c751e8b465ee728b)
Start importing Assets/Hero and Opponents/Sprites/Enemy5/jump-2.png using Guid(3e943c1d00529284eb403cf58465cd2d) Importer(815301076,1909f56bfc062723c751e8b465ee728b)  -> (artifact id: 'd428e05327a963e0e25930e23b4f87b7') in 0.017028 seconds
Number of updated asset objects reloaded before import = 0
Number of asset objects unloaded after import = 3
========================================================================
Received Import Request.
  Time since last request: 0.000017 seconds.
  path: Assets/Hero and Opponents/Sprites/Enemy5/attack-A5.png
  artifactKey: Guid(ad356ffa6d5fb044faa7b7a6441a601b) Importer(815301076,1909f56bfc062723c751e8b465ee728b)
Start importing Assets/Hero and Opponents/Sprites/Enemy5/attack-A5.png using Guid(ad356ffa6d5fb044faa7b7a6441a601b) Importer(815301076,1909f56bfc062723c751e8b465ee728b)  -> (artifact id: '2615b662c2b1aa14a4b6d121245a1de3') in 0.015868 seconds
Number of updated asset objects reloaded before import = 0
Number of asset objects unloaded after import = 3
========================================================================
Received Import Request.
  Time since last request: 1.342853 seconds.
  path: Assets/Hero and Opponents/Sprites/Player
  artifactKey: Guid(75ca810d79817194d9ddcae88eb4460e) Importer(815301076,1909f56bfc062723c751e8b465ee728b)
Start importing Assets/Hero and Opponents/Sprites/Player using Guid(75ca810d79817194d9ddcae88eb4460e) Importer(815301076,1909f56bfc062723c751e8b465ee728b)  -> (artifact id: 'ff70785d65e775cd558894a0033d14e3') in 0.000553 seconds
Number of updated asset objects reloaded before import = 0
Number of asset objects unloaded after import = 0
========================================================================
Received Import Request.
  Time since last request: 0.032486 seconds.
  path: Assets/Hero and Opponents/Sprites/Player/walk-with-weapon-1.png
  artifactKey: Guid(2a25ca5ed66f7e54c8e97c7ce3315866) Importer(815301076,1909f56bfc062723c751e8b465ee728b)
Start importing Assets/Hero and Opponents/Sprites/Player/walk-with-weapon-1.png using Guid(2a25ca5ed66f7e54c8e97c7ce3315866) Importer(815301076,1909f56bfc062723c751e8b465ee728b)  -> (artifact id: '04304bd25cb982b03dfc52a0e7efefc3') in 0.016105 seconds
Number of updated asset objects reloaded before import = 0
Number of asset objects unloaded after import = 3
========================================================================
Received Import Request.
  Time since last request: 0.000016 seconds.
  path: Assets/Hero and Opponents/Sprites/Player/walk-with-weapon-11.png
  artifactKey: Guid(6b54e6c1b030f924ea6b6c2428036b07) Importer(815301076,1909f56bfc062723c751e8b465ee728b)
Start importing Assets/Hero and Opponents/Sprites/Player/walk-with-weapon-11.png using Guid(6b54e6c1b030f924ea6b6c2428036b07) Importer(815301076,1909f56bfc062723c751e8b465ee728b)  -> (artifact id: '653e866f3db917f69098425328497b35') in 0.017547 seconds
Number of updated asset objects reloaded before import = 0
Number of asset objects unloaded after import = 3
========================================================================
Received Import Request.
  Time since last request: 0.000017 seconds.
  path: Assets/Hero and Opponents/Sprites/Player/walk-with-weapon-5.png
  artifactKey: Guid(e0ebb88f3d6e3ac45a706d9ae526756a) Importer(815301076,1909f56bfc062723c751e8b465ee728b)
Start importing Assets/Hero and Opponents/Sprites/Player/walk-with-weapon-5.png using Guid(e0ebb88f3d6e3ac45a706d9ae526756a) Importer(815301076,1909f56bfc062723c751e8b465ee728b)  -> (artifact id: '2f357bd52a50f63eec116b55a16aa9be') in 0.017400 seconds
Number of updated asset objects reloaded before import = 0
Number of asset objects unloaded after import = 3
========================================================================
Received Prepare
Begin MonoManager ReloadAssembly
- Loaded All Assemblies, in  0.437 seconds
Refreshing native plugins compatible for Editor in 5.56 ms, found 4 plugins.
Native extension for WindowsStandalone target not found
Native extension for WebGL target not found
[Package Manager] Server::EnsureServerProcessIsRunning -- launch failed, reason: Unity was launched with the -noUpm command-line argument
[Package Manager] UpmClient::Send -- Unable to send message (not connected to UPM process).
[Package Manager] Cannot connect to Unity Package Manager local server
Mono: successfully reloaded assembly
- Finished resetting the current domain, in  1.050 seconds
Domain Reload Profiling: 1481ms
	BeginReloadAssembly (150ms)
		ExecutionOrderSort (0ms)
		DisableScriptedObjects (10ms)
		BackupInstance (0ms)
		ReleaseScriptingObjects (0ms)
		CreateAndSetChildDomain (34ms)
	RebuildCommonClasses (27ms)
	RebuildNativeTypeToScriptingClass (9ms)
	initialDomainReloadingComplete (31ms)
	LoadAllAssembliesAndSetupDomain (215ms)
		LoadAssemblies (282ms)
		RebuildTransferFunctionScriptingTraits (0ms)
		AnalyzeDomain (9ms)
			TypeCache.Refresh (4ms)
				TypeCache.ScanAssembly (0ms)
			ScanForSourceGeneratedMonoScriptInfo (0ms)
			ResolveRequiredComponents (4ms)
	FinalizeReload (1051ms)
		ReleaseScriptCaches (0ms)
		RebuildScriptCaches (0ms)
		SetupLoadedEditorAssemblies (411ms)
			LogAssemblyErrors (0ms)
			InitializePlatformSupportModulesInManaged (8ms)
			SetLoadedEditorAssemblies (3ms)
			RefreshPlugins (0ms)
			BeforeProcessingInitializeOnLoad (80ms)
			ProcessInitializeOnLoadAttributes (283ms)
			ProcessInitializeOnLoadMethodAttributes (27ms)
			AfterProcessingInitializeOnLoad (10ms)
			EditorAssembliesLoaded (0ms)
		ExecutionOrderSort2 (0ms)
		AwakeInstancesAfterBackupRestoration (20ms)
Refreshing native plugins compatible for Editor in 6.20 ms, found 4 plugins.
Preloading 0 native plugins for Editor in 0.00 ms.
Unloading 4022 Unused Serialized files (Serialized files now loaded: 0)
Unloading 40 unused Assets / (171.0 KB). Loaded Objects now: 4515.
Memory consumption went from 140.8 MB to 140.6 MB.
Total: 4.646400 ms (FindLiveObjects: 0.317600 ms CreateObjectMapping: 0.284400 ms MarkObjects: 3.855300 ms  DeleteObjects: 0.187700 ms)

Prepare: number of updated asset objects reloaded= 0
AssetImportParameters requested are different than current active one (requested -> active):
  custom:container-demuxer-ogg: 62fdf1f143b41e24485cea50d1cbac27 -> 
  custom:video-codec-MediaFoundation-h265: 746d11721c4dcdbdad8f713fa42b33f4 -> 
  custom:video-decoder-ogg-theora: a1e56fd34408186e4bbccfd4996cb3dc -> 
  custom:framework-win-MediaFoundation: 216162199b28c13a410421893ffa2e32 -> 
  custom:CustomObjectIndexerAttribute: 756ad292c208cfabdd7b50bc23989ffe -> 
  custom:container-demuxer-webm: 4f35f7cbe854078d1ac9338744f61a02 -> 
  custom:container-muxer-webm: aa71ff27fc2769a1b78a27578f13a17b -> 
  custom:video-decoder-webm-vp8: 9c59270c3fd7afecdb556c50c9e8de78 -> 
  custom:SearchIndexIgnoredProperties: e643bd26f0fe6173181afceb89e7c659 -> 
  custom:AudioImporter_EditorPlatform: d09bf68614088b80899f8185d706f6e7 -> 
  custom:video-encoder-webm-vp8: eb34c28f22e8b96e1ab97ce403110664 -> 
  custom:audio-decoder-ogg-vorbis: bf7c407c2cedff20999df2af8eb42d56 -> 
  custom:audio-encoder-webm-vorbis: bf7c407c2cedff20999df2af8eb42d56 -> 
