Using pre-set license
Built from '2022.3/staging' branch; Version is '2022.3.8f1 (b5eafc012955) revision 11922172'; Using compiler version '192829333'; Build Type 'Release'
OS: 'Windows 11  (10.0.22621) 64bit CoreCountrySpecific' Language: 'zh' Physical Memory: 64780 MB
BatchMode: 1, IsHumanControllingUs: 0, StartBugReporterOnCrash: 0, Is64bit: 1, IsPro: 1

COMMAND LINE ARGUMENTS:
C:\Program Files\Unity\Hub\Editor\2022.3.8f1\Editor\Unity.exe
-adb2
-batchMode
-noUpm
-name
AssetImportWorker2
-projectPath
C:/Users/rinny/Dark Revenge
-logFile
Logs/AssetImportWorker2.log
-srvPort
54157
Successfully changed project path to: C:/Users/rinny/Dark Revenge
C:/Users/rinny/Dark Revenge
[UnityMemory] Configuration Parameters - Can be set up in boot.config
    "memorysetup-bucket-allocator-granularity=16"
    "memorysetup-bucket-allocator-bucket-count=8"
    "memorysetup-bucket-allocator-block-size=33554432"
    "memorysetup-bucket-allocator-block-count=8"
    "memorysetup-main-allocator-block-size=16777216"
    "memorysetup-thread-allocator-block-size=16777216"
    "memorysetup-gfx-main-allocator-block-size=16777216"
    "memorysetup-gfx-thread-allocator-block-size=16777216"
    "memorysetup-cache-allocator-block-size=4194304"
    "memorysetup-typetree-allocator-block-size=2097152"
    "memorysetup-profiler-bucket-allocator-granularity=16"
    "memorysetup-profiler-bucket-allocator-bucket-count=8"
    "memorysetup-profiler-bucket-allocator-block-size=33554432"
    "memorysetup-profiler-bucket-allocator-block-count=8"
    "memorysetup-profiler-allocator-block-size=16777216"
    "memorysetup-profiler-editor-allocator-block-size=1048576"
    "memorysetup-temp-allocator-size-main=16777216"
    "memorysetup-job-temp-allocator-block-size=2097152"
    "memorysetup-job-temp-allocator-block-size-background=1048576"
    "memorysetup-job-temp-allocator-reduction-small-platforms=262144"
    "memorysetup-allocator-temp-initial-block-size-main=262144"
    "memorysetup-allocator-temp-initial-block-size-worker=262144"
    "memorysetup-temp-allocator-size-background-worker=32768"
    "memorysetup-temp-allocator-size-job-worker=262144"
    "memorysetup-temp-allocator-size-preload-manager=33554432"
    "memorysetup-temp-allocator-size-nav-mesh-worker=65536"
    "memorysetup-temp-allocator-size-audio-worker=65536"
    "memorysetup-temp-allocator-size-cloud-worker=32768"
    "memorysetup-temp-allocator-size-gi-baking-worker=262144"
    "memorysetup-temp-allocator-size-gfx=262144"
Player connection [24888] Host "[IP] 192.168.1.4 [Port] 0 [Flags] 2 [Guid] 1107647894 [EditorId] 1107647894 [Version] 1048832 [Id] WindowsEditor(7,NuclearComputer) [Debug] 1 [PackageName] WindowsEditor [ProjectName] Editor" joined multi-casting on [225.0.0.222:54997]...

Player connection [24888] Host "[IP] 192.168.1.4 [Port] 0 [Flags] 2 [Guid] 1107647894 [EditorId] 1107647894 [Version] 1048832 [Id] WindowsEditor(7,NuclearComputer) [Debug] 1 [PackageName] WindowsEditor [ProjectName] Editor" joined alternative multi-casting on [225.0.0.222:34997]...

[Physics::Module] Initialized MultithreadedJobDispatcher with 15 workers.
Refreshing native plugins compatible for Editor in 16.56 ms, found 4 plugins.
Preloading 0 native plugins for Editor in 0.00 ms.
Initialize engine version: 2022.3.8f1 (b5eafc012955)
[Subsystems] Discovering subsystems at path C:/Program Files/Unity/Hub/Editor/2022.3.8f1/Editor/Data/Resources/UnitySubsystems
[Subsystems] Discovering subsystems at path C:/Users/rinny/Dark Revenge/Assets
GfxDevice: creating device client; threaded=0; jobified=0
Direct3D:
    Version:  Direct3D 11.0 [level 11.1]
    Renderer: NVIDIA GeForce RTX 3070 Ti Laptop GPU (ID=0x24a0)
    Vendor:   NVIDIA
    VRAM:     8032 MB
    Driver:   31.0.15.2849
Initialize mono
Mono path[0] = 'C:/Program Files/Unity/Hub/Editor/2022.3.8f1/Editor/Data/Managed'
Mono path[1] = 'C:/Program Files/Unity/Hub/Editor/2022.3.8f1/Editor/Data/MonoBleedingEdge/lib/mono/unityjit-win32'
Mono config path = 'C:/Program Files/Unity/Hub/Editor/2022.3.8f1/Editor/Data/MonoBleedingEdge/etc'
Using monoOptions --debugger-agent=transport=dt_socket,embedding=1,server=y,suspend=n,address=127.0.0.1:56392
Begin MonoManager ReloadAssembly
Registering precompiled unity dll's ...
Register platform support module: C:/Program Files/Unity/Hub/Editor/2022.3.8f1/Editor/Data/PlaybackEngines/WebGLSupport/UnityEditor.WebGL.Extensions.dll
Register platform support module: C:/Program Files/Unity/Hub/Editor/2022.3.8f1/Editor/Data/PlaybackEngines/WindowsStandaloneSupport/UnityEditor.WindowsStandalone.Extensions.dll
Registered in 0.010977 seconds.
- Loaded All Assemblies, in  0.334 seconds
Native extension for WindowsStandalone target not found
Native extension for WebGL target not found
Mono: successfully reloaded assembly
- Finished resetting the current domain, in  0.231 seconds
Domain Reload Profiling: 563ms
	BeginReloadAssembly (110ms)
		ExecutionOrderSort (0ms)
		DisableScriptedObjects (0ms)
		BackupInstance (0ms)
		ReleaseScriptingObjects (0ms)
		CreateAndSetChildDomain (1ms)
	RebuildCommonClasses (31ms)
	RebuildNativeTypeToScriptingClass (8ms)
	initialDomainReloadingComplete (63ms)
	LoadAllAssembliesAndSetupDomain (119ms)
		LoadAssemblies (107ms)
		RebuildTransferFunctionScriptingTraits (0ms)
		AnalyzeDomain (116ms)
			TypeCache.Refresh (115ms)
				TypeCache.ScanAssembly (104ms)
			ScanForSourceGeneratedMonoScriptInfo (0ms)
			ResolveRequiredComponents (0ms)
	FinalizeReload (231ms)
		ReleaseScriptCaches (0ms)
		RebuildScriptCaches (0ms)
		SetupLoadedEditorAssemblies (182ms)
			LogAssemblyErrors (0ms)
			InitializePlatformSupportModulesInManaged (10ms)
			SetLoadedEditorAssemblies (4ms)
			RefreshPlugins (0ms)
			BeforeProcessingInitializeOnLoad (2ms)
			ProcessInitializeOnLoadAttributes (117ms)
			ProcessInitializeOnLoadMethodAttributes (49ms)
			AfterProcessingInitializeOnLoad (0ms)
			EditorAssembliesLoaded (0ms)
		ExecutionOrderSort2 (0ms)
		AwakeInstancesAfterBackupRestoration (0ms)
========================================================================
Worker process is ready to serve import requests
Begin MonoManager ReloadAssembly
- Loaded All Assemblies, in  0.592 seconds
Refreshing native plugins compatible for Editor in 5.59 ms, found 4 plugins.
Native extension for WindowsStandalone target not found
Native extension for WebGL target not found
Package Manager log level set to [2]
[Package Manager] Server::EnsureServerProcessIsRunning -- launch failed, reason: Unity was launched with the -noUpm command-line argument
[Package Manager] UpmClient::Send -- Unable to send message (not connected to UPM process).
[Package Manager] Cannot connect to Unity Package Manager local server
Mono: successfully reloaded assembly
- Finished resetting the current domain, in  0.560 seconds
Domain Reload Profiling: 1147ms
	BeginReloadAssembly (137ms)
		ExecutionOrderSort (0ms)
		DisableScriptedObjects (5ms)
		BackupInstance (0ms)
		ReleaseScriptingObjects (0ms)
		CreateAndSetChildDomain (21ms)
	RebuildCommonClasses (30ms)
	RebuildNativeTypeToScriptingClass (8ms)
	initialDomainReloadingComplete (42ms)
	LoadAllAssembliesAndSetupDomain (370ms)
		LoadAssemblies (301ms)
		RebuildTransferFunctionScriptingTraits (0ms)
		AnalyzeDomain (150ms)
			TypeCache.Refresh (128ms)
				TypeCache.ScanAssembly (112ms)
			ScanForSourceGeneratedMonoScriptInfo (19ms)
			ResolveRequiredComponents (4ms)
	FinalizeReload (560ms)
		ReleaseScriptCaches (0ms)
		RebuildScriptCaches (0ms)
		SetupLoadedEditorAssemblies (425ms)
			LogAssemblyErrors (0ms)
			InitializePlatformSupportModulesInManaged (8ms)
			SetLoadedEditorAssemblies (3ms)
			RefreshPlugins (0ms)
			BeforeProcessingInitializeOnLoad (71ms)
			ProcessInitializeOnLoadAttributes (290ms)
			ProcessInitializeOnLoadMethodAttributes (44ms)
			AfterProcessingInitializeOnLoad (8ms)
			EditorAssembliesLoaded (0ms)
		ExecutionOrderSort2 (0ms)
		AwakeInstancesAfterBackupRestoration (11ms)
Launched and connected shader compiler UnityShaderCompiler.exe after 0.06 seconds
Refreshing native plugins compatible for Editor in 6.28 ms, found 4 plugins.
Preloading 0 native plugins for Editor in 0.00 ms.
Unloading 4040 Unused Serialized files (Serialized files now loaded: 0)
Unloading 68 unused Assets / (199.4 KB). Loaded Objects now: 4501.
Memory consumption went from 141.4 MB to 141.2 MB.
Total: 3.978300 ms (FindLiveObjects: 0.312600 ms CreateObjectMapping: 0.249900 ms MarkObjects: 3.168800 ms  DeleteObjects: 0.245800 ms)

AssetImportParameters requested are different than current active one (requested -> active):
  custom:container-demuxer-ogg: 62fdf1f143b41e24485cea50d1cbac27 -> 
  custom:video-codec-MediaFoundation-h265: 746d11721c4dcdbdad8f713fa42b33f4 -> 
  custom:video-decoder-ogg-theora: a1e56fd34408186e4bbccfd4996cb3dc -> 
  custom:framework-win-MediaFoundation: 216162199b28c13a410421893ffa2e32 -> 
  custom:CustomObjectIndexerAttribute: 756ad292c208cfabdd7b50bc23989ffe -> 
  custom:container-demuxer-webm: 4f35f7cbe854078d1ac9338744f61a02 -> 
  custom:container-muxer-webm: aa71ff27fc2769a1b78a27578f13a17b -> 
  custom:video-decoder-webm-vp8: 9c59270c3fd7afecdb556c50c9e8de78 -> 
  custom:SearchIndexIgnoredProperties: e643bd26f0fe6173181afceb89e7c659 -> 
  custom:AudioImporter_EditorPlatform: d09bf68614088b80899f8185d706f6e7 -> 
  custom:video-encoder-webm-vp8: eb34c28f22e8b96e1ab97ce403110664 -> 
  custom:audio-decoder-ogg-vorbis: bf7c407c2cedff20999df2af8eb42d56 -> 
  custom:audio-encoder-webm-vorbis: bf7c407c2cedff20999df2af8eb42d56 -> 
========================================================================
Received Import Request.
  Time since last request: 797306.242945 seconds.
  path: Assets/Character_31002/31002/Prefab/Normal_Stand_270.prefab
  artifactKey: Guid(9b60e87af21bda041b807e1ab96a4178) Importer(815301076,1909f56bfc062723c751e8b465ee728b)
Start importing Assets/Character_31002/31002/Prefab/Normal_Stand_270.prefab using Guid(9b60e87af21bda041b807e1ab96a4178) Importer(815301076,1909f56bfc062723c751e8b465ee728b)  -> (artifact id: '0229f52d80938a19902a6b13c3c00fc7') in 0.096075 seconds
Number of updated asset objects reloaded before import = 0
Number of asset objects unloaded after import = 19
========================================================================
Received Import Request.
  Time since last request: 0.000017 seconds.
  path: Assets/Character_31002/31002/Prefab/Normal_Death_135.prefab
  artifactKey: Guid(2c4650676bd24f2489a3bae0f960773e) Importer(815301076,1909f56bfc062723c751e8b465ee728b)
Start importing Assets/Character_31002/31002/Prefab/Normal_Death_135.prefab using Guid(2c4650676bd24f2489a3bae0f960773e) Importer(815301076,1909f56bfc062723c751e8b465ee728b)  -> (artifact id: '7562d6233c82a9b5ba767336beda338a') in 0.014467 seconds
Number of updated asset objects reloaded before import = 0
Number of asset objects unloaded after import = 23
========================================================================
Received Import Request.
  Time since last request: 0.005385 seconds.
  path: Assets/Character_31002/31002/Prefab/Normal_Attack_315.prefab
  artifactKey: Guid(5985fdd9c19c3804b8da38710049841a) Importer(815301076,1909f56bfc062723c751e8b465ee728b)
Start importing Assets/Character_31002/31002/Prefab/Normal_Attack_315.prefab using Guid(5985fdd9c19c3804b8da38710049841a) Importer(815301076,1909f56bfc062723c751e8b465ee728b)  -> (artifact id: 'b2b6b068b1233608b01f9758c8f829a0') in 0.010863 seconds
Number of updated asset objects reloaded before import = 0
Number of asset objects unloaded after import = 24
========================================================================
Received Import Request.
  Time since last request: 0.019336 seconds.
  path: Assets/Pallets/New Palette.prefab
  artifactKey: Guid(2a3ed2ad80564d34b82abf7326f50190) Importer(815301076,1909f56bfc062723c751e8b465ee728b)
Start importing Assets/Pallets/New Palette.prefab using Guid(2a3ed2ad80564d34b82abf7326f50190) Importer(815301076,1909f56bfc062723c751e8b465ee728b)  -> (artifact id: '9c58141a921e50f64c52c38d876dbfd8') in 0.608885 seconds
Number of updated asset objects reloaded before import = 0
Number of asset objects unloaded after import = 1928
========================================================================
Received Import Request.
  Time since last request: 0.139167 seconds.
  path: Assets/Pallets/mainlevbuild_896.asset
  artifactKey: Guid(91bdf6d421ef3f240ab7e10d4d68b801) Importer(815301076,1909f56bfc062723c751e8b465ee728b)
Start importing Assets/Pallets/mainlevbuild_896.asset using Guid(91bdf6d421ef3f240ab7e10d4d68b801) Importer(815301076,1909f56bfc062723c751e8b465ee728b)  -> (artifact id: '7a310c01677599477191b01fdba6917a') in 0.013674 seconds
Number of updated asset objects reloaded before import = 0
Number of asset objects unloaded after import = 3
========================================================================
Received Import Request.
  Time since last request: 0.012275 seconds.
  path: Assets/Pallets/mainlevbuild_887.asset
  artifactKey: Guid(5d19dda929e036f408caaf8076645be9) Importer(815301076,1909f56bfc062723c751e8b465ee728b)
Start importing Assets/Pallets/mainlevbuild_887.asset using Guid(5d19dda929e036f408caaf8076645be9) Importer(815301076,1909f56bfc062723c751e8b465ee728b)  -> (artifact id: 'cd7b77bf19080a32490bf3a57b833740') in 0.005921 seconds
Number of updated asset objects reloaded before import = 0
Number of asset objects unloaded after import = 3
========================================================================
Received Import Request.
  Time since last request: 0.000020 seconds.
  path: Assets/Pallets/mainlevbuild_890.asset
  artifactKey: Guid(5de765354d2a859448d06cd8567f0165) Importer(815301076,1909f56bfc062723c751e8b465ee728b)
Start importing Assets/Pallets/mainlevbuild_890.asset using Guid(5de765354d2a859448d06cd8567f0165) Importer(815301076,1909f56bfc062723c751e8b465ee728b)  -> (artifact id: '37d1cea6f7734aa64b07b63b7854dfee') in 0.005504 seconds
Number of updated asset objects reloaded before import = 0
Number of asset objects unloaded after import = 3
========================================================================
Received Import Request.
  Time since last request: 0.001770 seconds.
  path: Assets/Pallets/mainlevbuild_876.asset
  artifactKey: Guid(46fa2c5e89ddc414589aeea9824193f8) Importer(815301076,1909f56bfc062723c751e8b465ee728b)
Start importing Assets/Pallets/mainlevbuild_876.asset using Guid(46fa2c5e89ddc414589aeea9824193f8) Importer(815301076,1909f56bfc062723c751e8b465ee728b)  -> (artifact id: 'f6b0ceafd6bd63881235a48e2c22e307') in 0.005766 seconds
Number of updated asset objects reloaded before import = 0
Number of asset objects unloaded after import = 3
========================================================================
Received Import Request.
  Time since last request: 0.000016 seconds.
  path: Assets/Pallets/mainlevbuild_880.asset
  artifactKey: Guid(0edc52f00e3662343bcfe10cfccd223e) Importer(815301076,1909f56bfc062723c751e8b465ee728b)
Start importing Assets/Pallets/mainlevbuild_880.asset using Guid(0edc52f00e3662343bcfe10cfccd223e) Importer(815301076,1909f56bfc062723c751e8b465ee728b)  -> (artifact id: '98adb6d6306b5cd1b3f112e719bab7c3') in 0.007478 seconds
Number of updated asset objects reloaded before import = 0
Number of asset objects unloaded after import = 3
========================================================================
Received Import Request.
  Time since last request: 0.017737 seconds.
  path: Assets/Pallets/mainlevbuild_867.asset
  artifactKey: Guid(6f4eca34712eb534fa1e8a4b28762595) Importer(815301076,1909f56bfc062723c751e8b465ee728b)
Start importing Assets/Pallets/mainlevbuild_867.asset using Guid(6f4eca34712eb534fa1e8a4b28762595) Importer(815301076,1909f56bfc062723c751e8b465ee728b)  -> (artifact id: 'ccc9894b48f4d80552f587029411a57f') in 0.007443 seconds
Number of updated asset objects reloaded before import = 0
Number of asset objects unloaded after import = 3
========================================================================
Received Import Request.
  Time since last request: 0.000018 seconds.
  path: Assets/Pallets/mainlevbuild_871.asset
  artifactKey: Guid(21c3d30d5ae2aae4d93b10c6cd704d04) Importer(815301076,1909f56bfc062723c751e8b465ee728b)
Start importing Assets/Pallets/mainlevbuild_871.asset using Guid(21c3d30d5ae2aae4d93b10c6cd704d04) Importer(815301076,1909f56bfc062723c751e8b465ee728b)  -> (artifact id: '5b32285c15d3ff1d6403ba45c6eca471') in 0.007353 seconds
Number of updated asset objects reloaded before import = 0
Number of asset objects unloaded after import = 3
========================================================================
Received Import Request.
  Time since last request: 0.011915 seconds.
  path: Assets/Pallets/mainlevbuild_857.asset
  artifactKey: Guid(7025910e15120424fbe6d26acde5f7cf) Importer(815301076,1909f56bfc062723c751e8b465ee728b)
Start importing Assets/Pallets/mainlevbuild_857.asset using Guid(7025910e15120424fbe6d26acde5f7cf) Importer(815301076,1909f56bfc062723c751e8b465ee728b)  -> (artifact id: '6ea761a4a958b3d0af7c5ba2bcd889c4') in 0.006710 seconds
Number of updated asset objects reloaded before import = 0
Number of asset objects unloaded after import = 3
========================================================================
Received Import Request.
  Time since last request: 0.000020 seconds.
  path: Assets/Pallets/mainlevbuild_860.asset
  artifactKey: Guid(60a0de22c081f404589ebeca1e81a890) Importer(815301076,1909f56bfc062723c751e8b465ee728b)
Start importing Assets/Pallets/mainlevbuild_860.asset using Guid(60a0de22c081f404589ebeca1e81a890) Importer(815301076,1909f56bfc062723c751e8b465ee728b)  -> (artifact id: '448388e2c61b2401a8d01dfefa59a639') in 0.006546 seconds
Number of updated asset objects reloaded before import = 0
Number of asset objects unloaded after import = 3
========================================================================
Received Import Request.
  Time since last request: 0.021555 seconds.
  path: Assets/Pallets/mainlevbuild_848.asset
  artifactKey: Guid(5b33b4d1ab99e6c45adf55663df51e84) Importer(815301076,1909f56bfc062723c751e8b465ee728b)
Start importing Assets/Pallets/mainlevbuild_848.asset using Guid(5b33b4d1ab99e6c45adf55663df51e84) Importer(815301076,1909f56bfc062723c751e8b465ee728b)  -> (artifact id: '208c4b2f2fff0e52ff009aa40749f885') in 0.007045 seconds
Number of updated asset objects reloaded before import = 0
Number of asset objects unloaded after import = 3
========================================================================
Received Import Request.
  Time since last request: 0.000016 seconds.
  path: Assets/Pallets/mainlevbuild_851.asset
  artifactKey: Guid(686230d4d14ccd041a1a723fba4000ae) Importer(815301076,1909f56bfc062723c751e8b465ee728b)
Start importing Assets/Pallets/mainlevbuild_851.asset using Guid(686230d4d14ccd041a1a723fba4000ae) Importer(815301076,1909f56bfc062723c751e8b465ee728b)  -> (artifact id: '11f1d08d76a451d9a90f9a60c7e04a34') in 0.005897 seconds
Number of updated asset objects reloaded before import = 0
Number of asset objects unloaded after import = 3
========================================================================
Received Import Request.
  Time since last request: 0.241836 seconds.
  path: Assets/Pallets/mainlevbuild_837.asset
  artifactKey: Guid(3df4c4a3da5c7ea4494e56356c8aa319) Importer(815301076,1909f56bfc062723c751e8b465ee728b)
Start importing Assets/Pallets/mainlevbuild_837.asset using Guid(3df4c4a3da5c7ea4494e56356c8aa319) Importer(815301076,1909f56bfc062723c751e8b465ee728b)  -> (artifact id: 'c8de4f652f8c00d81db8613f32cbe3cb') in 0.006421 seconds
Number of updated asset objects reloaded before import = 0
Number of asset objects unloaded after import = 3
========================================================================
Received Import Request.
  Time since last request: 0.000022 seconds.
  path: Assets/Pallets/mainlevbuild_840.asset
  artifactKey: Guid(a9a5395b738ea694ca61a034e58f1367) Importer(815301076,1909f56bfc062723c751e8b465ee728b)
Start importing Assets/Pallets/mainlevbuild_840.asset using Guid(a9a5395b738ea694ca61a034e58f1367) Importer(815301076,1909f56bfc062723c751e8b465ee728b)  -> (artifact id: '5f352cec61a4358ff8e66274766bc13f') in 0.007486 seconds
Number of updated asset objects reloaded before import = 0
Number of asset objects unloaded after import = 3
========================================================================
Received Import Request.
  Time since last request: 0.013610 seconds.
  path: Assets/Pallets/mainlevbuild_829.asset
  artifactKey: Guid(f660258d2c1a39c429c6d79cb21e91ea) Importer(815301076,1909f56bfc062723c751e8b465ee728b)
Start importing Assets/Pallets/mainlevbuild_829.asset using Guid(f660258d2c1a39c429c6d79cb21e91ea) Importer(815301076,1909f56bfc062723c751e8b465ee728b)  -> (artifact id: '308f628078b996407c05919681ab025c') in 0.006607 seconds
Number of updated asset objects reloaded before import = 0
Number of asset objects unloaded after import = 3
========================================================================
Received Import Request.
  Time since last request: 0.000013 seconds.
  path: Assets/Pallets/mainlevbuild_832.asset
  artifactKey: Guid(9248eadc39033204dba1124a17da5253) Importer(815301076,1909f56bfc062723c751e8b465ee728b)
Start importing Assets/Pallets/mainlevbuild_832.asset using Guid(9248eadc39033204dba1124a17da5253) Importer(815301076,1909f56bfc062723c751e8b465ee728b)  -> (artifact id: 'defc182ed0d3309dcb002732bc81a7f0') in 0.005537 seconds
Number of updated asset objects reloaded before import = 0
Number of asset objects unloaded after import = 3
========================================================================
Received Import Request.
  Time since last request: 0.000018 seconds.
  path: Assets/Pallets/mainlevbuild_820.asset
  artifactKey: Guid(7bb3460a24eba614a920b415a3776d61) Importer(815301076,1909f56bfc062723c751e8b465ee728b)
Start importing Assets/Pallets/mainlevbuild_820.asset using Guid(7bb3460a24eba614a920b415a3776d61) Importer(815301076,1909f56bfc062723c751e8b465ee728b)  -> (artifact id: '6c7a3ac8240ccdfbaa41b644ea504abe') in 0.006477 seconds
Number of updated asset objects reloaded before import = 0
Number of asset objects unloaded after import = 3
========================================================================
Received Import Request.
  Time since last request: 0.003879 seconds.
  path: Assets/Pallets/mainlevbuild_808.asset
  artifactKey: Guid(c6d78cb767efc284caf4da79fdc4e450) Importer(815301076,1909f56bfc062723c751e8b465ee728b)
Start importing Assets/Pallets/mainlevbuild_808.asset using Guid(c6d78cb767efc284caf4da79fdc4e450) Importer(815301076,1909f56bfc062723c751e8b465ee728b)  -> (artifact id: '6d2e566911cd838e0350076e3c5d7b87') in 0.006089 seconds
Number of updated asset objects reloaded before import = 0
Number of asset objects unloaded after import = 3
========================================================================
Received Import Request.
  Time since last request: 0.000017 seconds.
  path: Assets/Pallets/mainlevbuild_811.asset
  artifactKey: Guid(4346a8f91efe8cd4088c648c56589e9b) Importer(815301076,1909f56bfc062723c751e8b465ee728b)
Start importing Assets/Pallets/mainlevbuild_811.asset using Guid(4346a8f91efe8cd4088c648c56589e9b) Importer(815301076,1909f56bfc062723c751e8b465ee728b)  -> (artifact id: 'c0d8ab6f9f3082cd25424f69e735ffff') in 0.006795 seconds
Number of updated asset objects reloaded before import = 0
Number of asset objects unloaded after import = 3
========================================================================
Received Import Request.
  Time since last request: 0.004557 seconds.
  path: Assets/Pallets/mainlevbuild_789.asset
  artifactKey: Guid(2a6a752dfea0e8943bc482181bdbef1f) Importer(815301076,1909f56bfc062723c751e8b465ee728b)
Start importing Assets/Pallets/mainlevbuild_789.asset using Guid(2a6a752dfea0e8943bc482181bdbef1f) Importer(815301076,1909f56bfc062723c751e8b465ee728b)  -> (artifact id: '820f85c3f79811bbd5dc42f923874251') in 0.008715 seconds
Number of updated asset objects reloaded before import = 0
Number of asset objects unloaded after import = 3
========================================================================
Received Import Request.
  Time since last request: 0.010043 seconds.
  path: Assets/Pallets/mainlevbuild_779.asset
  artifactKey: Guid(c30cda6a4518e75479c67e1590225934) Importer(815301076,1909f56bfc062723c751e8b465ee728b)
Start importing Assets/Pallets/mainlevbuild_779.asset using Guid(c30cda6a4518e75479c67e1590225934) Importer(815301076,1909f56bfc062723c751e8b465ee728b)  -> (artifact id: '7b24d3a69978afea64b661e3d9c26d7e') in 0.006086 seconds
Number of updated asset objects reloaded before import = 0
Number of asset objects unloaded after import = 3
========================================================================
Received Import Request.
  Time since last request: 0.000030 seconds.
  path: Assets/Pallets/mainlevbuild_782.asset
  artifactKey: Guid(bbb9e8f0d43524144b751be5aa0a60b1) Importer(815301076,1909f56bfc062723c751e8b465ee728b)
Start importing Assets/Pallets/mainlevbuild_782.asset using Guid(bbb9e8f0d43524144b751be5aa0a60b1) Importer(815301076,1909f56bfc062723c751e8b465ee728b)  -> (artifact id: 'afffe35c50acad27fd8f473dec6ea4e2') in 0.007225 seconds
Number of updated asset objects reloaded before import = 0
Number of asset objects unloaded after import = 3
========================================================================
Received Import Request.
  Time since last request: 0.003995 seconds.
  path: Assets/Pallets/mainlevbuild_770.asset
  artifactKey: Guid(ed3fdf328ebc8b14ea10743ddce525e5) Importer(815301076,1909f56bfc062723c751e8b465ee728b)
Start importing Assets/Pallets/mainlevbuild_770.asset using Guid(ed3fdf328ebc8b14ea10743ddce525e5) Importer(815301076,1909f56bfc062723c751e8b465ee728b)  -> (artifact id: '65f58e24819b7d32d8efe3ed20d4e312') in 0.007379 seconds
Number of updated asset objects reloaded before import = 0
Number of asset objects unloaded after import = 3
========================================================================
Received Import Request.
  Time since last request: 0.000017 seconds.
  path: Assets/Pallets/mainlevbuild_773.asset
  artifactKey: Guid(ea8e36ebb6622b74f8f58c142b15890f) Importer(815301076,1909f56bfc062723c751e8b465ee728b)
Start importing Assets/Pallets/mainlevbuild_773.asset using Guid(ea8e36ebb6622b74f8f58c142b15890f) Importer(815301076,1909f56bfc062723c751e8b465ee728b)  -> (artifact id: '1921d2a3b7092d5b5efebdc2dc1fb776') in 0.006162 seconds
Number of updated asset objects reloaded before import = 0
Number of asset objects unloaded after import = 3
========================================================================
Received Import Request.
  Time since last request: 0.003183 seconds.
  path: Assets/Pallets/mainlevbuild_761.asset
  artifactKey: Guid(3a8ae42d2a7e505489d115b10369a8f2) Importer(815301076,1909f56bfc062723c751e8b465ee728b)
Start importing Assets/Pallets/mainlevbuild_761.asset using Guid(3a8ae42d2a7e505489d115b10369a8f2) Importer(815301076,1909f56bfc062723c751e8b465ee728b)  -> (artifact id: 'ee4e75c71adc9ea0185fbcb99c61385c') in 0.006008 seconds
Number of updated asset objects reloaded before import = 0
Number of asset objects unloaded after import = 3
========================================================================
Received Import Request.
  Time since last request: 0.000021 seconds.
  path: Assets/Pallets/mainlevbuild_764.asset
  artifactKey: Guid(25ea129deea9e234099acf5e5a15074d) Importer(815301076,1909f56bfc062723c751e8b465ee728b)
Start importing Assets/Pallets/mainlevbuild_764.asset using Guid(25ea129deea9e234099acf5e5a15074d) Importer(815301076,1909f56bfc062723c751e8b465ee728b)  -> (artifact id: 'a75567c59b75d1a631217c0e2347e536') in 0.008007 seconds
Number of updated asset objects reloaded before import = 0
Number of asset objects unloaded after import = 3
========================================================================
Received Import Request.
  Time since last request: 0.242611 seconds.
  path: Assets/Pallets/mainlevbuild_751.asset
  artifactKey: Guid(88d296696a545eb4d8b5186a02b41ef5) Importer(815301076,1909f56bfc062723c751e8b465ee728b)
Start importing Assets/Pallets/mainlevbuild_751.asset using Guid(88d296696a545eb4d8b5186a02b41ef5) Importer(815301076,1909f56bfc062723c751e8b465ee728b)  -> (artifact id: '135e09bbd79f9dff3f905125fa69a22e') in 0.007641 seconds
Number of updated asset objects reloaded before import = 0
Number of asset objects unloaded after import = 3
========================================================================
Received Import Request.
  Time since last request: 0.014540 seconds.
  path: Assets/Pallets/mainlevbuild_741.asset
  artifactKey: Guid(4e04a3e8516cfab47b4b83fd76bebee8) Importer(815301076,1909f56bfc062723c751e8b465ee728b)
Start importing Assets/Pallets/mainlevbuild_741.asset using Guid(4e04a3e8516cfab47b4b83fd76bebee8) Importer(815301076,1909f56bfc062723c751e8b465ee728b)  -> (artifact id: '50313e8aec534409ca3715154b923611') in 0.007219 seconds
Number of updated asset objects reloaded before import = 0
Number of asset objects unloaded after import = 3
========================================================================
Received Import Request.
  Time since last request: 0.000020 seconds.
  path: Assets/Pallets/mainlevbuild_744.asset
  artifactKey: Guid(39b25b459d3fb9f4d9bab48e52b4e0cb) Importer(815301076,1909f56bfc062723c751e8b465ee728b)
Start importing Assets/Pallets/mainlevbuild_744.asset using Guid(39b25b459d3fb9f4d9bab48e52b4e0cb) Importer(815301076,1909f56bfc062723c751e8b465ee728b)  -> (artifact id: '07641f9d837f6cac2a5a2cfc72728274') in 0.005584 seconds
Number of updated asset objects reloaded before import = 0
Number of asset objects unloaded after import = 3
========================================================================
Received Import Request.
  Time since last request: 0.002020 seconds.
  path: Assets/Pallets/mainlevbuild_721.asset
  artifactKey: Guid(ad13733e811531644a6a7ee1c3f0f93f) Importer(815301076,1909f56bfc062723c751e8b465ee728b)
Start importing Assets/Pallets/mainlevbuild_721.asset using Guid(ad13733e811531644a6a7ee1c3f0f93f) Importer(815301076,1909f56bfc062723c751e8b465ee728b)  -> (artifact id: 'f6afb3bcda9569f3ed33bc7aa237d7f1') in 0.006372 seconds
Number of updated asset objects reloaded before import = 0
Number of asset objects unloaded after import = 3
========================================================================
Received Import Request.
  Time since last request: 0.000016 seconds.
  path: Assets/Pallets/mainlevbuild_725.asset
  artifactKey: Guid(57338cc4464668f4ba2a94d32658736c) Importer(815301076,1909f56bfc062723c751e8b465ee728b)
Start importing Assets/Pallets/mainlevbuild_725.asset using Guid(57338cc4464668f4ba2a94d32658736c) Importer(815301076,1909f56bfc062723c751e8b465ee728b)  -> (artifact id: '540d2c01d154096ab6f50ea30fdbd4af') in 0.007411 seconds
Number of updated asset objects reloaded before import = 0
Number of asset objects unloaded after import = 3
========================================================================
Received Import Request.
  Time since last request: 0.013723 seconds.
  path: Assets/Pallets/mainlevbuild_682.asset
  artifactKey: Guid(df5fc4a20a58be14bb01de8c256e3d92) Importer(815301076,1909f56bfc062723c751e8b465ee728b)
Start importing Assets/Pallets/mainlevbuild_682.asset using Guid(df5fc4a20a58be14bb01de8c256e3d92) Importer(815301076,1909f56bfc062723c751e8b465ee728b)  -> (artifact id: 'e78f71754efa0e8b95e51d412e83c596') in 0.008042 seconds
Number of updated asset objects reloaded before import = 0
Number of asset objects unloaded after import = 3
========================================================================
Received Import Request.
  Time since last request: 0.000016 seconds.
  path: Assets/Pallets/mainlevbuild_686.asset
  artifactKey: Guid(6eae911898ebc7440b3f33a14a271ff6) Importer(815301076,1909f56bfc062723c751e8b465ee728b)
Start importing Assets/Pallets/mainlevbuild_686.asset using Guid(6eae911898ebc7440b3f33a14a271ff6) Importer(815301076,1909f56bfc062723c751e8b465ee728b)  -> (artifact id: '041a95e0214f007bc995a685c8d1394a') in 0.005763 seconds
Number of updated asset objects reloaded before import = 0
Number of asset objects unloaded after import = 3
========================================================================
Received Import Request.
  Time since last request: 0.000014 seconds.
  path: Assets/Pallets/mainlevbuild_674.asset
  artifactKey: Guid(b1eb2a94303042448853407643a205e1) Importer(815301076,1909f56bfc062723c751e8b465ee728b)
Start importing Assets/Pallets/mainlevbuild_674.asset using Guid(b1eb2a94303042448853407643a205e1) Importer(815301076,1909f56bfc062723c751e8b465ee728b)  -> (artifact id: '7a2186f3bacfc47170b30b2d796d1cf5') in 0.006835 seconds
Number of updated asset objects reloaded before import = 0
Number of asset objects unloaded after import = 3
========================================================================
Received Import Request.
  Time since last request: 0.004754 seconds.
  path: Assets/Pallets/mainlevbuild_653.asset
  artifactKey: Guid(848cfdb884773f84e8c1098fb86875ca) Importer(815301076,1909f56bfc062723c751e8b465ee728b)
Start importing Assets/Pallets/mainlevbuild_653.asset using Guid(848cfdb884773f84e8c1098fb86875ca) Importer(815301076,1909f56bfc062723c751e8b465ee728b)  -> (artifact id: '10fa3fe614b2e98eeda0a19cfde114a0') in 0.007439 seconds
Number of updated asset objects reloaded before import = 0
Number of asset objects unloaded after import = 3
========================================================================
Received Import Request.
  Time since last request: 0.000017 seconds.
  path: Assets/Pallets/mainlevbuild_657.asset
  artifactKey: Guid(088b5b740380ff343ac0d1bb64d36e23) Importer(815301076,1909f56bfc062723c751e8b465ee728b)
Start importing Assets/Pallets/mainlevbuild_657.asset using Guid(088b5b740380ff343ac0d1bb64d36e23) Importer(815301076,1909f56bfc062723c751e8b465ee728b)  -> (artifact id: '6e14a34c59df9d05e92e37658975dd5f') in 0.005456 seconds
Number of updated asset objects reloaded before import = 0
Number of asset objects unloaded after import = 3
========================================================================
Received Import Request.
  Time since last request: 0.003726 seconds.
  path: Assets/Pallets/mainlevbuild_644.asset
  artifactKey: Guid(a5da08637d91d844989dbeacbf8964c9) Importer(815301076,1909f56bfc062723c751e8b465ee728b)
Start importing Assets/Pallets/mainlevbuild_644.asset using Guid(a5da08637d91d844989dbeacbf8964c9) Importer(815301076,1909f56bfc062723c751e8b465ee728b)  -> (artifact id: '71feb627f55a2bd5c36c350a7d31f18d') in 0.006357 seconds
Number of updated asset objects reloaded before import = 0
Number of asset objects unloaded after import = 3
========================================================================
Received Import Request.
  Time since last request: 0.000017 seconds.
  path: Assets/Pallets/mainlevbuild_647.asset
  artifactKey: Guid(3f3f9de28273f1043b2f7507aab1e2a7) Importer(815301076,1909f56bfc062723c751e8b465ee728b)
Start importing Assets/Pallets/mainlevbuild_647.asset using Guid(3f3f9de28273f1043b2f7507aab1e2a7) Importer(815301076,1909f56bfc062723c751e8b465ee728b)  -> (artifact id: '4d7b7c349280c61ac5df688bc7ffe4b9') in 0.006304 seconds
Number of updated asset objects reloaded before import = 0
Number of asset objects unloaded after import = 3
========================================================================
Received Import Request.
  Time since last request: 0.224945 seconds.
  path: Assets/Pallets/mainlevbuild_635.asset
  artifactKey: Guid(603b64678c12eee4787ac49e0447152b) Importer(815301076,1909f56bfc062723c751e8b465ee728b)
Start importing Assets/Pallets/mainlevbuild_635.asset using Guid(603b64678c12eee4787ac49e0447152b) Importer(815301076,1909f56bfc062723c751e8b465ee728b)  -> (artifact id: '752aa8078a3a03c1cc079d5d71df9dbb') in 0.006235 seconds
Number of updated asset objects reloaded before import = 0
Number of asset objects unloaded after import = 3
========================================================================
Received Import Request.
  Time since last request: 0.000023 seconds.
  path: Assets/Pallets/mainlevbuild_638.asset
  artifactKey: Guid(8c8293424723386439a418bc8399a112) Importer(815301076,1909f56bfc062723c751e8b465ee728b)
Start importing Assets/Pallets/mainlevbuild_638.asset using Guid(8c8293424723386439a418bc8399a112) Importer(815301076,1909f56bfc062723c751e8b465ee728b)  -> (artifact id: 'ae016ee4d0e97bbc8967ca330d162b42') in 0.008033 seconds
Number of updated asset objects reloaded before import = 0
Number of asset objects unloaded after import = 3
========================================================================
Received Import Request.
  Time since last request: 0.017833 seconds.
  path: Assets/Pallets/mainlevbuild_624.asset
  artifactKey: Guid(c95a6ef34efbd404a97e4eecb2cd92e6) Importer(815301076,1909f56bfc062723c751e8b465ee728b)
Start importing Assets/Pallets/mainlevbuild_624.asset using Guid(c95a6ef34efbd404a97e4eecb2cd92e6) Importer(815301076,1909f56bfc062723c751e8b465ee728b)  -> (artifact id: '60d3ce49f2ed3d2da916ff356f52af55') in 0.006759 seconds
Number of updated asset objects reloaded before import = 0
Number of asset objects unloaded after import = 3
========================================================================
Received Import Request.
  Time since last request: 0.000016 seconds.
  path: Assets/Pallets/mainlevbuild_627.asset
  artifactKey: Guid(66b029fa99ce90140a495f4233d6fbcc) Importer(815301076,1909f56bfc062723c751e8b465ee728b)
Start importing Assets/Pallets/mainlevbuild_627.asset using Guid(66b029fa99ce90140a495f4233d6fbcc) Importer(815301076,1909f56bfc062723c751e8b465ee728b)  -> (artifact id: 'f5aa9e82b869bbf8892cc8c4f0d1d128') in 0.007075 seconds
Number of updated asset objects reloaded before import = 0
Number of asset objects unloaded after import = 3
========================================================================
Received Import Request.
  Time since last request: 0.018781 seconds.
  path: Assets/Pallets/mainlevbuild_595.asset
  artifactKey: Guid(8847e366674a97046a25e83d60551da6) Importer(815301076,1909f56bfc062723c751e8b465ee728b)
Start importing Assets/Pallets/mainlevbuild_595.asset using Guid(8847e366674a97046a25e83d60551da6) Importer(815301076,1909f56bfc062723c751e8b465ee728b)  -> (artifact id: '70a2bdea1c1348e11eadabe6c9f59172') in 0.007482 seconds
Number of updated asset objects reloaded before import = 0
Number of asset objects unloaded after import = 3
========================================================================
Received Import Request.
  Time since last request: 0.000016 seconds.
  path: Assets/Pallets/mainlevbuild_599.asset
  artifactKey: Guid(50e722a337b9c3440b2cbbb7b823c978) Importer(815301076,1909f56bfc062723c751e8b465ee728b)
Start importing Assets/Pallets/mainlevbuild_599.asset using Guid(50e722a337b9c3440b2cbbb7b823c978) Importer(815301076,1909f56bfc062723c751e8b465ee728b)  -> (artifact id: 'e5b8f9dc58cfc3691528e04aba484af6') in 0.006179 seconds
Number of updated asset objects reloaded before import = 0
Number of asset objects unloaded after import = 3
========================================================================
Received Import Request.
  Time since last request: 0.000014 seconds.
  path: Assets/Pallets/mainlevbuild_569.asset
  artifactKey: Guid(63bb39cb338e80442b8a3fa3e63ac1f1) Importer(815301076,1909f56bfc062723c751e8b465ee728b)
Start importing Assets/Pallets/mainlevbuild_569.asset using Guid(63bb39cb338e80442b8a3fa3e63ac1f1) Importer(815301076,1909f56bfc062723c751e8b465ee728b)  -> (artifact id: '3ec21933993b3f9ece6c4b10b779723a') in 0.006556 seconds
Number of updated asset objects reloaded before import = 0
Number of asset objects unloaded after import = 3
========================================================================
Received Import Request.
  Time since last request: 0.005211 seconds.
  path: Assets/Pallets/mainlevbuild_547.asset
  artifactKey: Guid(ad7580cc730b9b94c8c1455558a42297) Importer(815301076,1909f56bfc062723c751e8b465ee728b)
Start importing Assets/Pallets/mainlevbuild_547.asset using Guid(ad7580cc730b9b94c8c1455558a42297) Importer(815301076,1909f56bfc062723c751e8b465ee728b)  -> (artifact id: 'a51cc7350618313131be8e9eec427fea') in 0.006625 seconds
Number of updated asset objects reloaded before import = 0
Number of asset objects unloaded after import = 3
========================================================================
Received Import Request.
  Time since last request: 0.000024 seconds.
  path: Assets/Pallets/mainlevbuild_550.asset
  artifactKey: Guid(196988b5acf514e4a820d3d321424ba0) Importer(815301076,1909f56bfc062723c751e8b465ee728b)
Start importing Assets/Pallets/mainlevbuild_550.asset using Guid(196988b5acf514e4a820d3d321424ba0) Importer(815301076,1909f56bfc062723c751e8b465ee728b)  -> (artifact id: 'b359404028e4a641ff387d07292cd083') in 0.007188 seconds
Number of updated asset objects reloaded before import = 0
Number of asset objects unloaded after import = 3
========================================================================
Received Import Request.
  Time since last request: 0.003729 seconds.
  path: Assets/Pallets/mainlevbuild_517.asset
  artifactKey: Guid(55be0c8780502a24abe951f494110721) Importer(815301076,1909f56bfc062723c751e8b465ee728b)
Start importing Assets/Pallets/mainlevbuild_517.asset using Guid(55be0c8780502a24abe951f494110721) Importer(815301076,1909f56bfc062723c751e8b465ee728b)  -> (artifact id: '32259fb3a1089d2f997111fe5f680d52') in 0.005690 seconds
Number of updated asset objects reloaded before import = 0
Number of asset objects unloaded after import = 3
========================================================================
Received Import Request.
  Time since last request: 0.000015 seconds.
  path: Assets/Pallets/mainlevbuild_520.asset
  artifactKey: Guid(fe2179a4e08a4834b98b5bde2ddd6a8b) Importer(815301076,1909f56bfc062723c751e8b465ee728b)
Start importing Assets/Pallets/mainlevbuild_520.asset using Guid(fe2179a4e08a4834b98b5bde2ddd6a8b) Importer(815301076,1909f56bfc062723c751e8b465ee728b)  -> (artifact id: 'a6164cac44661c752b7247e543f5eac5') in 0.005783 seconds
Number of updated asset objects reloaded before import = 0
Number of asset objects unloaded after import = 3
========================================================================
Received Import Request.
  Time since last request: 0.004366 seconds.
  path: Assets/Pallets/mainlevbuild_489.asset
  artifactKey: Guid(0f97a92040ac30344bcc3f03e63904d3) Importer(815301076,1909f56bfc062723c751e8b465ee728b)
Start importing Assets/Pallets/mainlevbuild_489.asset using Guid(0f97a92040ac30344bcc3f03e63904d3) Importer(815301076,1909f56bfc062723c751e8b465ee728b)  -> (artifact id: 'aa9c97588fb97e8d387dceaa658ca340') in 0.008172 seconds
Number of updated asset objects reloaded before import = 0
Number of asset objects unloaded after import = 3
========================================================================
Received Import Request.
  Time since last request: 0.000019 seconds.
  path: Assets/Pallets/mainlevbuild_492.asset
  artifactKey: Guid(1c6a091b61a24904b97e4ec2c7e27e07) Importer(815301076,1909f56bfc062723c751e8b465ee728b)
Start importing Assets/Pallets/mainlevbuild_492.asset using Guid(1c6a091b61a24904b97e4ec2c7e27e07) Importer(815301076,1909f56bfc062723c751e8b465ee728b)  -> (artifact id: '36a1ad29cd48db658c39c15bf21ecacc') in 0.005857 seconds
Number of updated asset objects reloaded before import = 0
Number of asset objects unloaded after import = 3
========================================================================
Received Import Request.
  Time since last request: 0.001752 seconds.
  path: Assets/Pallets/mainlevbuild_468.asset
  artifactKey: Guid(60231e09fe27f43468b25a0fd9caa38d) Importer(815301076,1909f56bfc062723c751e8b465ee728b)
Start importing Assets/Pallets/mainlevbuild_468.asset using Guid(60231e09fe27f43468b25a0fd9caa38d) Importer(815301076,1909f56bfc062723c751e8b465ee728b)  -> (artifact id: 'b6aa3af885cb25f5eaf67ab6add19284') in 0.006185 seconds
Number of updated asset objects reloaded before import = 0
Number of asset objects unloaded after import = 3
========================================================================
Received Import Request.
  Time since last request: 0.000016 seconds.
  path: Assets/Pallets/mainlevbuild_471.asset
  artifactKey: Guid(a84a1cf8fdabccc45b788d506195c7a5) Importer(815301076,1909f56bfc062723c751e8b465ee728b)
Start importing Assets/Pallets/mainlevbuild_471.asset using Guid(a84a1cf8fdabccc45b788d506195c7a5) Importer(815301076,1909f56bfc062723c751e8b465ee728b)  -> (artifact id: '34e683a6773fb915f1943aa18233e4f5') in 0.007026 seconds
Number of updated asset objects reloaded before import = 0
Number of asset objects unloaded after import = 3
========================================================================
Received Import Request.
  Time since last request: 0.005032 seconds.
  path: Assets/Pallets/mainlevbuild_459.asset
  artifactKey: Guid(58f28aa124cc54548bbacaa3004ba9d8) Importer(815301076,1909f56bfc062723c751e8b465ee728b)
Start importing Assets/Pallets/mainlevbuild_459.asset using Guid(58f28aa124cc54548bbacaa3004ba9d8) Importer(815301076,1909f56bfc062723c751e8b465ee728b)  -> (artifact id: '722784e2792e18dbf65ed194a0361326') in 0.007109 seconds
Number of updated asset objects reloaded before import = 0
Number of asset objects unloaded after import = 3
========================================================================
Received Import Request.
  Time since last request: 0.000021 seconds.
  path: Assets/Pallets/mainlevbuild_462.asset
  artifactKey: Guid(1ac4b929efa3c594e8f0447448c1fcea) Importer(815301076,1909f56bfc062723c751e8b465ee728b)
Start importing Assets/Pallets/mainlevbuild_462.asset using Guid(1ac4b929efa3c594e8f0447448c1fcea) Importer(815301076,1909f56bfc062723c751e8b465ee728b)  -> (artifact id: 'f5d4a9cceceb893ed2555a91854eca38') in 0.006273 seconds
Number of updated asset objects reloaded before import = 0
Number of asset objects unloaded after import = 3
========================================================================
Received Import Request.
  Time since last request: 0.003193 seconds.
  path: Assets/Pallets/mainlevbuild_450.asset
  artifactKey: Guid(0b703ea405054c649b7c086166d10f94) Importer(815301076,1909f56bfc062723c751e8b465ee728b)
Start importing Assets/Pallets/mainlevbuild_450.asset using Guid(0b703ea405054c649b7c086166d10f94) Importer(815301076,1909f56bfc062723c751e8b465ee728b)  -> (artifact id: 'fe8cab45efcccee0993175d11626c148') in 0.005981 seconds
Number of updated asset objects reloaded before import = 0
Number of asset objects unloaded after import = 3
========================================================================
Received Import Request.
  Time since last request: 0.000028 seconds.
  path: Assets/Pallets/mainlevbuild_453.asset
  artifactKey: Guid(3545cbc6229b2f547af49150fd4a5844) Importer(815301076,1909f56bfc062723c751e8b465ee728b)
Start importing Assets/Pallets/mainlevbuild_453.asset using Guid(3545cbc6229b2f547af49150fd4a5844) Importer(815301076,1909f56bfc062723c751e8b465ee728b)  -> (artifact id: '3373b5413b499785637da7fb2485e231') in 0.007066 seconds
Number of updated asset objects reloaded before import = 0
Number of asset objects unloaded after import = 3
========================================================================
Received Import Request.
  Time since last request: 0.219638 seconds.
  path: Assets/Pallets/mainlevbuild_439.asset
  artifactKey: Guid(53f25e12191d3054c89bef33f01d0a8c) Importer(815301076,1909f56bfc062723c751e8b465ee728b)
Start importing Assets/Pallets/mainlevbuild_439.asset using Guid(53f25e12191d3054c89bef33f01d0a8c) Importer(815301076,1909f56bfc062723c751e8b465ee728b)  -> (artifact id: '4a8cfa47ecd0333b55d03b7287cf6324') in 0.006757 seconds
Number of updated asset objects reloaded before import = 0
Number of asset objects unloaded after import = 3
========================================================================
Received Import Request.
  Time since last request: 0.000017 seconds.
  path: Assets/Pallets/mainlevbuild_443.asset
  artifactKey: Guid(61ba94f2b19efc140a24980295e96159) Importer(815301076,1909f56bfc062723c751e8b465ee728b)
Start importing Assets/Pallets/mainlevbuild_443.asset using Guid(61ba94f2b19efc140a24980295e96159) Importer(815301076,1909f56bfc062723c751e8b465ee728b)  -> (artifact id: '3c003a441f39ae566715903e9ed9f857') in 0.007498 seconds
Number of updated asset objects reloaded before import = 0
Number of asset objects unloaded after import = 3
========================================================================
Received Import Request.
  Time since last request: 0.000124 seconds.
  path: Assets/Pallets/mainlevbuild_433.asset
  artifactKey: Guid(61e1c2eb06773604f9f01ed1e75ef62a) Importer(815301076,1909f56bfc062723c751e8b465ee728b)
Start importing Assets/Pallets/mainlevbuild_433.asset using Guid(61e1c2eb06773604f9f01ed1e75ef62a) Importer(815301076,1909f56bfc062723c751e8b465ee728b)  -> (artifact id: '1467ac5650beed3034eb17ef1bb1c595') in 0.008577 seconds
Number of updated asset objects reloaded before import = 0
Number of asset objects unloaded after import = 3
========================================================================
Received Import Request.
  Time since last request: 0.006254 seconds.
  path: Assets/Pallets/mainlevbuild_402.asset
  artifactKey: Guid(eb0d9728d10c9ac4291eef1f76805920) Importer(815301076,1909f56bfc062723c751e8b465ee728b)
Start importing Assets/Pallets/mainlevbuild_402.asset using Guid(eb0d9728d10c9ac4291eef1f76805920) Importer(815301076,1909f56bfc062723c751e8b465ee728b)  -> (artifact id: 'e5ca05a1509153958fa093463726162d') in 0.006249 seconds
Number of updated asset objects reloaded before import = 0
Number of asset objects unloaded after import = 3
========================================================================
Received Import Request.
  Time since last request: 0.000020 seconds.
  path: Assets/Pallets/mainlevbuild_405.asset
  artifactKey: Guid(b9c0c19659ff78f4d9ac3a07c7c6adcd) Importer(815301076,1909f56bfc062723c751e8b465ee728b)
Start importing Assets/Pallets/mainlevbuild_405.asset using Guid(b9c0c19659ff78f4d9ac3a07c7c6adcd) Importer(815301076,1909f56bfc062723c751e8b465ee728b)  -> (artifact id: '722dbb76e0e4b7be968f190f00df3d1a') in 0.007366 seconds
Number of updated asset objects reloaded before import = 0
Number of asset objects unloaded after import = 3
========================================================================
Received Import Request.
  Time since last request: 0.002750 seconds.
  path: Assets/Pallets/mainlevbuild_353.asset
  artifactKey: Guid(923d815eaaddfaa41911f06ddce117a7) Importer(815301076,1909f56bfc062723c751e8b465ee728b)
Start importing Assets/Pallets/mainlevbuild_353.asset using Guid(923d815eaaddfaa41911f06ddce117a7) Importer(815301076,1909f56bfc062723c751e8b465ee728b)  -> (artifact id: '0916cf06baf741ed85fa570fc80b6cf2') in 0.005986 seconds
Number of updated asset objects reloaded before import = 0
Number of asset objects unloaded after import = 3
========================================================================
Received Import Request.
  Time since last request: 0.000019 seconds.
  path: Assets/Pallets/mainlevbuild_356.asset
  artifactKey: Guid(d532691c84c21224a9568c189fd03ce3) Importer(815301076,1909f56bfc062723c751e8b465ee728b)
Start importing Assets/Pallets/mainlevbuild_356.asset using Guid(d532691c84c21224a9568c189fd03ce3) Importer(815301076,1909f56bfc062723c751e8b465ee728b)  -> (artifact id: 'ff7737ebc8081ffafb04f8d3a45f5244') in 0.005904 seconds
Number of updated asset objects reloaded before import = 0
Number of asset objects unloaded after import = 3
========================================================================
Received Import Request.
  Time since last request: 0.001144 seconds.
  path: Assets/Pallets/mainlevbuild_304.asset
  artifactKey: Guid(528f3f41537a5d34dae54b972cf6871a) Importer(815301076,1909f56bfc062723c751e8b465ee728b)
Start importing Assets/Pallets/mainlevbuild_304.asset using Guid(528f3f41537a5d34dae54b972cf6871a) Importer(815301076,1909f56bfc062723c751e8b465ee728b)  -> (artifact id: 'bb04d47a71b800d5614d174d09a58e78') in 0.007187 seconds
Number of updated asset objects reloaded before import = 0
Number of asset objects unloaded after import = 3
========================================================================
Received Import Request.
  Time since last request: 0.000027 seconds.
  path: Assets/Pallets/mainlevbuild_307.asset
  artifactKey: Guid(0d1655c1a9162a84ba0b8abce0ebe84e) Importer(815301076,1909f56bfc062723c751e8b465ee728b)
Start importing Assets/Pallets/mainlevbuild_307.asset using Guid(0d1655c1a9162a84ba0b8abce0ebe84e) Importer(815301076,1909f56bfc062723c751e8b465ee728b)  -> (artifact id: '468d8c88fc86816c4588e907d54f69a4') in 0.007200 seconds
Number of updated asset objects reloaded before import = 0
Number of asset objects unloaded after import = 3
========================================================================
Received Import Request.
  Time since last request: 0.003439 seconds.
  path: Assets/Pallets/mainlevbuild_266.asset
  artifactKey: Guid(80259bf6d4ef26a489f31ffba3957b2c) Importer(815301076,1909f56bfc062723c751e8b465ee728b)
Start importing Assets/Pallets/mainlevbuild_266.asset using Guid(80259bf6d4ef26a489f31ffba3957b2c) Importer(815301076,1909f56bfc062723c751e8b465ee728b)  -> (artifact id: '1a623fc0500633357f76e38ff7a40699') in 0.006743 seconds
Number of updated asset objects reloaded before import = 0
Number of asset objects unloaded after import = 3
========================================================================
Received Import Request.
  Time since last request: 0.000015 seconds.
  path: Assets/Pallets/mainlevbuild_269.asset
  artifactKey: Guid(ab565f83ce4b35149a83562d99e87743) Importer(815301076,1909f56bfc062723c751e8b465ee728b)
Start importing Assets/Pallets/mainlevbuild_269.asset using Guid(ab565f83ce4b35149a83562d99e87743) Importer(815301076,1909f56bfc062723c751e8b465ee728b)  -> (artifact id: '21fc3891b848df4801a2608e410c3c1b') in 0.005826 seconds
Number of updated asset objects reloaded before import = 0
Number of asset objects unloaded after import = 3
========================================================================
Received Import Request.
  Time since last request: 0.003920 seconds.
  path: Assets/Pallets/mainlevbuild_227.asset
  artifactKey: Guid(c43246e4e744bac4294c23b7e34d2873) Importer(815301076,1909f56bfc062723c751e8b465ee728b)
Start importing Assets/Pallets/mainlevbuild_227.asset using Guid(c43246e4e744bac4294c23b7e34d2873) Importer(815301076,1909f56bfc062723c751e8b465ee728b)  -> (artifact id: '7f7d8f3e35cf0220fc85b6a5481cf2a4') in 0.006768 seconds
Number of updated asset objects reloaded before import = 0
Number of asset objects unloaded after import = 3
========================================================================
Received Import Request.
  Time since last request: 0.000017 seconds.
  path: Assets/Pallets/mainlevbuild_230.asset
  artifactKey: Guid(3b1a127c305b38f478c24cb35cebfc32) Importer(815301076,1909f56bfc062723c751e8b465ee728b)
Start importing Assets/Pallets/mainlevbuild_230.asset using Guid(3b1a127c305b38f478c24cb35cebfc32) Importer(815301076,1909f56bfc062723c751e8b465ee728b)  -> (artifact id: '82701c5a2eab68ff47238442838ae789') in 0.005650 seconds
Number of updated asset objects reloaded before import = 0
Number of asset objects unloaded after import = 3
========================================================================
Received Import Request.
  Time since last request: 0.002755 seconds.
  path: Assets/Pallets/mainlevbuild_206.asset
  artifactKey: Guid(94f9d1ad26343ae4bae157cebac5c5da) Importer(815301076,1909f56bfc062723c751e8b465ee728b)
Start importing Assets/Pallets/mainlevbuild_206.asset using Guid(94f9d1ad26343ae4bae157cebac5c5da) Importer(815301076,1909f56bfc062723c751e8b465ee728b)  -> (artifact id: 'cc86e0b473fe1348be5b333ab8e4a748') in 0.006241 seconds
Number of updated asset objects reloaded before import = 0
Number of asset objects unloaded after import = 3
========================================================================
Received Import Request.
  Time since last request: 0.000016 seconds.
  path: Assets/Pallets/mainlevbuild_209.asset
  artifactKey: Guid(d2ab3f024be5f4440b6357825cb72054) Importer(815301076,1909f56bfc062723c751e8b465ee728b)
Start importing Assets/Pallets/mainlevbuild_209.asset using Guid(d2ab3f024be5f4440b6357825cb72054) Importer(815301076,1909f56bfc062723c751e8b465ee728b)  -> (artifact id: 'b662105a7aa7b9a5b31fbe2b8025249d') in 0.006730 seconds
Number of updated asset objects reloaded before import = 0
Number of asset objects unloaded after import = 3
========================================================================
Received Import Request.
  Time since last request: 0.234553 seconds.
  path: Assets/Pallets/mainlevbuild_197.asset
  artifactKey: Guid(9459cba1659e7c44e8da68327ee4d86f) Importer(815301076,1909f56bfc062723c751e8b465ee728b)
Start importing Assets/Pallets/mainlevbuild_197.asset using Guid(9459cba1659e7c44e8da68327ee4d86f) Importer(815301076,1909f56bfc062723c751e8b465ee728b)  -> (artifact id: '9e58da2201e760d84d42e1819fca1401') in 0.006964 seconds
Number of updated asset objects reloaded before import = 0
Number of asset objects unloaded after import = 3
========================================================================
Received Import Request.
  Time since last request: 0.000014 seconds.
  path: Assets/Pallets/mainlevbuild_200.asset
  artifactKey: Guid(9e508bc70ccc40a47b0fecccec9ab18b) Importer(815301076,1909f56bfc062723c751e8b465ee728b)
Start importing Assets/Pallets/mainlevbuild_200.asset using Guid(9e508bc70ccc40a47b0fecccec9ab18b) Importer(815301076,1909f56bfc062723c751e8b465ee728b)  -> (artifact id: '8a9ae2b4e9903657041600df4c4834da') in 0.007622 seconds
Number of updated asset objects reloaded before import = 0
Number of asset objects unloaded after import = 3
========================================================================
Received Import Request.
  Time since last request: 0.010904 seconds.
  path: Assets/Pallets/mainlevbuild_188.asset
  artifactKey: Guid(283f1c15e2a03dd419dfa925fa7e3df0) Importer(815301076,1909f56bfc062723c751e8b465ee728b)
Start importing Assets/Pallets/mainlevbuild_188.asset using Guid(283f1c15e2a03dd419dfa925fa7e3df0) Importer(815301076,1909f56bfc062723c751e8b465ee728b)  -> (artifact id: '873e245c786bd2eae6002df8130c88bc') in 0.006551 seconds
Number of updated asset objects reloaded before import = 0
Number of asset objects unloaded after import = 3
========================================================================
Received Import Request.
  Time since last request: 0.000022 seconds.
  path: Assets/Pallets/mainlevbuild_191.asset
  artifactKey: Guid(e4c8e2a19a3bad646bb34beaa93c8ff5) Importer(815301076,1909f56bfc062723c751e8b465ee728b)
Start importing Assets/Pallets/mainlevbuild_191.asset using Guid(e4c8e2a19a3bad646bb34beaa93c8ff5) Importer(815301076,1909f56bfc062723c751e8b465ee728b)  -> (artifact id: '3eeda00a0ca550092b8dbd392afef9c3') in 0.006379 seconds
Number of updated asset objects reloaded before import = 0
Number of asset objects unloaded after import = 3
========================================================================
Received Import Request.
  Time since last request: 0.002212 seconds.
  path: Assets/Pallets/mainlevbuild_138.asset
  artifactKey: Guid(aa887960bf1895740a3d4cdb68e52e1e) Importer(815301076,1909f56bfc062723c751e8b465ee728b)
Start importing Assets/Pallets/mainlevbuild_138.asset using Guid(aa887960bf1895740a3d4cdb68e52e1e) Importer(815301076,1909f56bfc062723c751e8b465ee728b)  -> (artifact id: '39ad1231443b0ec1cf5f0dc5ddf575c9') in 0.006902 seconds
Number of updated asset objects reloaded before import = 0
Number of asset objects unloaded after import = 3
========================================================================
Received Import Request.
  Time since last request: 0.000015 seconds.
  path: Assets/Pallets/mainlevbuild_141.asset
  artifactKey: Guid(88a429cb423660c45b0fed9b6a050a48) Importer(815301076,1909f56bfc062723c751e8b465ee728b)
Start importing Assets/Pallets/mainlevbuild_141.asset using Guid(88a429cb423660c45b0fed9b6a050a48) Importer(815301076,1909f56bfc062723c751e8b465ee728b)  -> (artifact id: '7b69fd70a68722b4fa288ef93cc73503') in 0.005987 seconds
Number of updated asset objects reloaded before import = 0
Number of asset objects unloaded after import = 3
========================================================================
Received Import Request.
  Time since last request: 0.006413 seconds.
  path: Assets/Pallets/mainlevbuild_80.asset
  artifactKey: Guid(2f75f253ab2a6b74085fa7b06949b142) Importer(815301076,1909f56bfc062723c751e8b465ee728b)
Start importing Assets/Pallets/mainlevbuild_80.asset using Guid(2f75f253ab2a6b74085fa7b06949b142) Importer(815301076,1909f56bfc062723c751e8b465ee728b)  -> (artifact id: '21a871e6ff4e36005565cdfe2a2192fa') in 0.007587 seconds
Number of updated asset objects reloaded before import = 0
Number of asset objects unloaded after import = 3
========================================================================
Received Import Request.
  Time since last request: 0.000023 seconds.
  path: Assets/Pallets/mainlevbuild_83.asset
  artifactKey: Guid(b2e6faed3b85f8946a6d7b36b3f6e220) Importer(815301076,1909f56bfc062723c751e8b465ee728b)
Start importing Assets/Pallets/mainlevbuild_83.asset using Guid(b2e6faed3b85f8946a6d7b36b3f6e220) Importer(815301076,1909f56bfc062723c751e8b465ee728b)  -> (artifact id: '7529ce1ab0dd83a866c93c9b5936c764') in 0.006480 seconds
Number of updated asset objects reloaded before import = 0
Number of asset objects unloaded after import = 3
========================================================================
Received Import Request.
  Time since last request: 0.022077 seconds.
  path: Assets/Castle/Animated/lightA01.png
  artifactKey: Guid(acd060104eda63341b93267260f10b34) Importer(815301076,1909f56bfc062723c751e8b465ee728b)
Start importing Assets/Castle/Animated/lightA01.png using Guid(acd060104eda63341b93267260f10b34) Importer(815301076,1909f56bfc062723c751e8b465ee728b)  -> (artifact id: '56b046123f207220b7681d1c4b911ddd') in 0.029979 seconds
Number of updated asset objects reloaded before import = 0
Number of asset objects unloaded after import = 3
========================================================================
Received Import Request.
  Time since last request: 0.058950 seconds.
  path: Assets/Enemies/Environment/EnvironmentTiles_0.asset
  artifactKey: Guid(099dfb8d0a4c81443afd494f1dd4efdb) Importer(815301076,1909f56bfc062723c751e8b465ee728b)
Start importing Assets/Enemies/Environment/EnvironmentTiles_0.asset using Guid(099dfb8d0a4c81443afd494f1dd4efdb) Importer(815301076,1909f56bfc062723c751e8b465ee728b)  -> (artifact id: 'cecbec9fd228b17742b8e89456f99948') in 0.008022 seconds
Number of updated asset objects reloaded before import = 0
Number of asset objects unloaded after import = 3
========================================================================
Received Import Request.
  Time since last request: 0.160881 seconds.
  path: Assets/TextMesh Pro/Resources/Sprite Assets/EmojiOne.asset
  artifactKey: Guid(c41005c129ba4d66911b75229fd70b45) Importer(815301076,1909f56bfc062723c751e8b465ee728b)
Start importing Assets/TextMesh Pro/Resources/Sprite Assets/EmojiOne.asset using Guid(c41005c129ba4d66911b75229fd70b45) Importer(815301076,1909f56bfc062723c751e8b465ee728b)  -> (artifact id: '49f57928ea3e50016ba38984b95b8e5d') in 0.003712 seconds
Number of updated asset objects reloaded before import = 0
Number of asset objects unloaded after import = 3
========================================================================
Received Import Request.
  Time since last request: 0.016837 seconds.
  path: Assets/TextMesh Pro/Resources/Style Sheets/Default Style Sheet.asset
  artifactKey: Guid(f952c082cb03451daed3ee968ac6c63e) Importer(815301076,1909f56bfc062723c751e8b465ee728b)
Start importing Assets/TextMesh Pro/Resources/Style Sheets/Default Style Sheet.asset using Guid(f952c082cb03451daed3ee968ac6c63e) Importer(815301076,1909f56bfc062723c751e8b465ee728b)  -> (artifact id: 'af00edb55e05cf3e37977090ae9927d6') in 0.001994 seconds
Number of updated asset objects reloaded before import = 0
Number of asset objects unloaded after import = 1
========================================================================
Received Import Request.
  Time since last request: 0.729574 seconds.
  path: Assets/Cat/Sprites/Cat-1/Cat-1-Sitting.png
  artifactKey: Guid(65ce8b731e1efbd4d8e681ee98d2ab85) Importer(815301076,1909f56bfc062723c751e8b465ee728b)
Start importing Assets/Cat/Sprites/Cat-1/Cat-1-Sitting.png using Guid(65ce8b731e1efbd4d8e681ee98d2ab85) Importer(815301076,1909f56bfc062723c751e8b465ee728b)  -> (artifact id: '97fd63e276f650a548e2d08b437506c5') in 0.015473 seconds
Number of updated asset objects reloaded before import = 0
Number of asset objects unloaded after import = 3
========================================================================
Received Prepare
Begin MonoManager ReloadAssembly
- Loaded All Assemblies, in  0.478 seconds
Refreshing native plugins compatible for Editor in 5.76 ms, found 4 plugins.
Native extension for WindowsStandalone target not found
Native extension for WebGL target not found
[Package Manager] Server::EnsureServerProcessIsRunning -- launch failed, reason: Unity was launched with the -noUpm command-line argument
[Package Manager] UpmClient::Send -- Unable to send message (not connected to UPM process).
[Package Manager] Cannot connect to Unity Package Manager local server
Mono: successfully reloaded assembly
- Finished resetting the current domain, in  1.032 seconds
Domain Reload Profiling: 1505ms
	BeginReloadAssembly (165ms)
		ExecutionOrderSort (0ms)
		DisableScriptedObjects (10ms)
		BackupInstance (0ms)
		ReleaseScriptingObjects (0ms)
		CreateAndSetChildDomain (47ms)
	RebuildCommonClasses (28ms)
	RebuildNativeTypeToScriptingClass (9ms)
	initialDomainReloadingComplete (31ms)
	LoadAllAssembliesAndSetupDomain (240ms)
		LoadAssemblies (290ms)
		RebuildTransferFunctionScriptingTraits (0ms)
		AnalyzeDomain (26ms)
			TypeCache.Refresh (10ms)
				TypeCache.ScanAssembly (1ms)
			ScanForSourceGeneratedMonoScriptInfo (11ms)
			ResolveRequiredComponents (4ms)
	FinalizeReload (1032ms)
		ReleaseScriptCaches (0ms)
		RebuildScriptCaches (0ms)
		SetupLoadedEditorAssemblies (375ms)
			LogAssemblyErrors (0ms)
			InitializePlatformSupportModulesInManaged (7ms)
			SetLoadedEditorAssemblies (3ms)
			RefreshPlugins (0ms)
			BeforeProcessingInitializeOnLoad (76ms)
			ProcessInitializeOnLoadAttributes (253ms)
			ProcessInitializeOnLoadMethodAttributes (26ms)
			AfterProcessingInitializeOnLoad (10ms)
			EditorAssembliesLoaded (0ms)
		ExecutionOrderSort2 (0ms)
		AwakeInstancesAfterBackupRestoration (16ms)
Refreshing native plugins compatible for Editor in 5.84 ms, found 4 plugins.
Preloading 0 native plugins for Editor in 0.00 ms.
Unloading 4019 Unused Serialized files (Serialized files now loaded: 0)
Unloading 40 unused Assets / (171.8 KB). Loaded Objects now: 4524.
Memory consumption went from 141.4 MB to 141.3 MB.
Total: 3.291800 ms (FindLiveObjects: 0.256600 ms CreateObjectMapping: 0.088100 ms MarkObjects: 2.770600 ms  DeleteObjects: 0.175200 ms)

Prepare: number of updated asset objects reloaded= 0
AssetImportParameters requested are different than current active one (requested -> active):
  custom:container-demuxer-ogg: 62fdf1f143b41e24485cea50d1cbac27 -> 
  custom:video-codec-MediaFoundation-h265: 746d11721c4dcdbdad8f713fa42b33f4 -> 
  custom:video-decoder-ogg-theora: a1e56fd34408186e4bbccfd4996cb3dc -> 
  custom:framework-win-MediaFoundation: 216162199b28c13a410421893ffa2e32 -> 
  custom:CustomObjectIndexerAttribute: 756ad292c208cfabdd7b50bc23989ffe -> 
  custom:container-demuxer-webm: 4f35f7cbe854078d1ac9338744f61a02 -> 
  custom:container-muxer-webm: aa71ff27fc2769a1b78a27578f13a17b -> 
  custom:video-decoder-webm-vp8: 9c59270c3fd7afecdb556c50c9e8de78 -> 
  custom:SearchIndexIgnoredProperties: e643bd26f0fe6173181afceb89e7c659 -> 
  custom:AudioImporter_EditorPlatform: d09bf68614088b80899f8185d706f6e7 -> 
  custom:video-encoder-webm-vp8: eb34c28f22e8b96e1ab97ce403110664 -> 
  custom:audio-decoder-ogg-vorbis: bf7c407c2cedff20999df2af8eb42d56 -> 
  custom:audio-encoder-webm-vorbis: bf7c407c2cedff20999df2af8eb42d56 -> 
========================================================================
Received Import Request.
  Time since last request: 2099.511040 seconds.
  path: Assets/Character_31002/31002
  artifactKey: Guid(be531f874b38bca4d805f5c5fdf9daa9) Importer(815301076,1909f56bfc062723c751e8b465ee728b)
Start importing Assets/Character_31002/31002 using Guid(be531f874b38bca4d805f5c5fdf9daa9) Importer(815301076,1909f56bfc062723c751e8b465ee728b)  -> (artifact id: '5d9d125eaf0ec4246a2d10b6d5aa7a08') in 0.002460 seconds
Number of updated asset objects reloaded before import = 0
Number of asset objects unloaded after import = 0
========================================================================
Received Import Request.
  Time since last request: 0.813874 seconds.
  path: Assets/Character_31002/31002/Prefab
  artifactKey: Guid(6d335b7913ed245408d61f6fe9328df6) Importer(815301076,1909f56bfc062723c751e8b465ee728b)
Start importing Assets/Character_31002/31002/Prefab using Guid(6d335b7913ed245408d61f6fe9328df6) Importer(815301076,1909f56bfc062723c751e8b465ee728b)  -> (artifact id: 'ea91f6237e75ebbf0403a01a60b0a4fc') in 0.000672 seconds
Number of updated asset objects reloaded before import = 0
Number of asset objects unloaded after import = 0
========================================================================
Received Import Request.
  Time since last request: 0.039107 seconds.
  path: Assets/Character_31002/31002/Prefab/Normal_Attack_045.prefab
  artifactKey: Guid(60544d0662c486340b886b61940a9a20) Importer(815301076,1909f56bfc062723c751e8b465ee728b)
Start importing Assets/Character_31002/31002/Prefab/Normal_Attack_045.prefab using Guid(60544d0662c486340b886b61940a9a20) Importer(815301076,1909f56bfc062723c751e8b465ee728b)  -> (artifact id: 'f9cf974a0a9a4e3a5bdeb72dec6d1147') in 0.048797 seconds
Number of updated asset objects reloaded before import = 0
Number of asset objects unloaded after import = 24
========================================================================
Received Import Request.
  Time since last request: 0.714172 seconds.
  path: Assets/Character_31002/31002/Prefab/Normal_Attack_270.prefab
  artifactKey: Guid(1322b687c9ef60a43a22ba29b849ee84) Importer(815301076,1909f56bfc062723c751e8b465ee728b)
Start importing Assets/Character_31002/31002/Prefab/Normal_Attack_270.prefab using Guid(1322b687c9ef60a43a22ba29b849ee84) Importer(815301076,1909f56bfc062723c751e8b465ee728b)  -> (artifact id: 'fb24b68e397ea18fc9ecc76ebe3d57dd') in 0.011020 seconds
Number of updated asset objects reloaded before import = 0
Number of asset objects unloaded after import = 24
========================================================================
Received Import Request.
  Time since last request: 0.014589 seconds.
  path: Assets/Character_31002/31002/Prefab/Normal_Hurt_000.prefab
  artifactKey: Guid(e2239ea56980d1d4d87f023fa79031ab) Importer(815301076,1909f56bfc062723c751e8b465ee728b)
Start importing Assets/Character_31002/31002/Prefab/Normal_Hurt_000.prefab using Guid(e2239ea56980d1d4d87f023fa79031ab) Importer(815301076,1909f56bfc062723c751e8b465ee728b)  -> (artifact id: 'd2a972082dc5abb47a6cf350efc8b77a') in 0.009662 seconds
Number of updated asset objects reloaded before import = 0
Number of asset objects unloaded after import = 16
========================================================================
Received Import Request.
  Time since last request: 0.000017 seconds.
  path: Assets/Character_31002/31002/Prefab/Normal_Hurt_225.prefab
  artifactKey: Guid(f2fc88e27a154f14cab4635dd72f13d3) Importer(815301076,1909f56bfc062723c751e8b465ee728b)
Start importing Assets/Character_31002/31002/Prefab/Normal_Hurt_225.prefab using Guid(f2fc88e27a154f14cab4635dd72f13d3) Importer(815301076,1909f56bfc062723c751e8b465ee728b)  -> (artifact id: '550f013e8217ee4377c0ec8366bebfd5') in 0.010216 seconds
Number of updated asset objects reloaded before import = 0
Number of asset objects unloaded after import = 16
========================================================================
Received Import Request.
  Time since last request: 0.000015 seconds.
  path: Assets/Character_31002/31002/Prefab/Normal_Stand_180.prefab
  artifactKey: Guid(446afc6e71a6c7d46a824c362d7ad17b) Importer(815301076,1909f56bfc062723c751e8b465ee728b)
Start importing Assets/Character_31002/31002/Prefab/Normal_Stand_180.prefab using Guid(446afc6e71a6c7d46a824c362d7ad17b) Importer(815301076,1909f56bfc062723c751e8b465ee728b)  -> (artifact id: 'ded8cf32447a8122aa81c2f9bfae3348') in 0.009576 seconds
Number of updated asset objects reloaded before import = 0
Number of asset objects unloaded after import = 19
========================================================================
Received Import Request.
  Time since last request: 0.000015 seconds.
  path: Assets/Character_31002/31002/Prefab/Normal_Stand_045.prefab
  artifactKey: Guid(f9918612f632f674fb83a2cdb270d723) Importer(815301076,1909f56bfc062723c751e8b465ee728b)
Start importing Assets/Character_31002/31002/Prefab/Normal_Stand_045.prefab using Guid(f9918612f632f674fb83a2cdb270d723) Importer(815301076,1909f56bfc062723c751e8b465ee728b)  -> (artifact id: '0b23f348c1eee2b0b0aacb1dcdb8d59e') in 0.009064 seconds
Number of updated asset objects reloaded before import = 0
Number of asset objects unloaded after import = 19
========================================================================
Received Import Request.
  Time since last request: 0.000016 seconds.
  path: Assets/Character_31002/31002/Prefab/Normal_Magic_225.prefab
  artifactKey: Guid(ed98395f12d13b944bba6d4230a78cc8) Importer(815301076,1909f56bfc062723c751e8b465ee728b)
Start importing Assets/Character_31002/31002/Prefab/Normal_Magic_225.prefab using Guid(ed98395f12d13b944bba6d4230a78cc8) Importer(815301076,1909f56bfc062723c751e8b465ee728b)  -> (artifact id: '70cad84a32bab1043c0a3f04bd514655') in 0.010310 seconds
Number of updated asset objects reloaded before import = 0
Number of asset objects unloaded after import = 26
========================================================================
Received Import Request.
  Time since last request: 0.000017 seconds.
  path: Assets/Character_31002/31002/Prefab/Normal_Walk_045.prefab
  artifactKey: Guid(ff32ac1bec315464686d3e099fd11911) Importer(815301076,1909f56bfc062723c751e8b465ee728b)
Start importing Assets/Character_31002/31002/Prefab/Normal_Walk_045.prefab using Guid(ff32ac1bec315464686d3e099fd11911) Importer(815301076,1909f56bfc062723c751e8b465ee728b)  -> (artifact id: 'c487d27d664449fa01af5e3850cd1871') in 0.009975 seconds
Number of updated asset objects reloaded before import = 0
Number of asset objects unloaded after import = 19
========================================================================
Received Import Request.
  Time since last request: 0.000026 seconds.
  path: Assets/Character_31002/31002/Prefab/Normal_Death_090.prefab
  artifactKey: Guid(0226afd24a059374195d5fc4d3898ac3) Importer(815301076,1909f56bfc062723c751e8b465ee728b)
Start importing Assets/Character_31002/31002/Prefab/Normal_Death_090.prefab using Guid(0226afd24a059374195d5fc4d3898ac3) Importer(815301076,1909f56bfc062723c751e8b465ee728b)  -> (artifact id: '2231bf1ff76a78c8bbd1e56cc7b4fc13') in 0.010458 seconds
Number of updated asset objects reloaded before import = 0
Number of asset objects unloaded after import = 23
========================================================================
Received Import Request.
  Time since last request: 0.000014 seconds.
  path: Assets/Character_31002/31002/Prefab/Normal_Magic_180.prefab
  artifactKey: Guid(0d460dbc893c9f544b78dc2f70c26ff4) Importer(815301076,1909f56bfc062723c751e8b465ee728b)
Start importing Assets/Character_31002/31002/Prefab/Normal_Magic_180.prefab using Guid(0d460dbc893c9f544b78dc2f70c26ff4) Importer(815301076,1909f56bfc062723c751e8b465ee728b)  -> (artifact id: '8414981f346bb45ede31b1a1388641d5') in 0.009354 seconds
Number of updated asset objects reloaded before import = 0
Number of asset objects unloaded after import = 26
========================================================================
Received Import Request.
  Time since last request: 0.000016 seconds.
  path: Assets/Character_31002/31002/Prefab/Normal_Walk_180.prefab
  artifactKey: Guid(9275a004779652e40b01264f59dff7e1) Importer(815301076,1909f56bfc062723c751e8b465ee728b)
Start importing Assets/Character_31002/31002/Prefab/Normal_Walk_180.prefab using Guid(9275a004779652e40b01264f59dff7e1) Importer(815301076,1909f56bfc062723c751e8b465ee728b)  -> (artifact id: 'b4ef1edafbe10d0f099e4d8a52ba920f') in 0.009439 seconds
Number of updated asset objects reloaded before import = 0
Number of asset objects unloaded after import = 19
========================================================================
Received Import Request.
  Time since last request: 0.000020 seconds.
  path: Assets/Character_31002/31002/Prefab/Normal_Death_045.prefab
  artifactKey: Guid(a5d7dc1c45913f24192357721e5d6fd0) Importer(815301076,1909f56bfc062723c751e8b465ee728b)
Start importing Assets/Character_31002/31002/Prefab/Normal_Death_045.prefab using Guid(a5d7dc1c45913f24192357721e5d6fd0) Importer(815301076,1909f56bfc062723c751e8b465ee728b)  -> (artifact id: '816e892c8bd4f4704f81a90d14782003') in 0.010236 seconds
Number of updated asset objects reloaded before import = 0
Number of asset objects unloaded after import = 23
========================================================================
Received Prepare
Begin MonoManager ReloadAssembly
- Loaded All Assemblies, in  0.527 seconds
Refreshing native plugins compatible for Editor in 5.80 ms, found 4 plugins.
Native extension for WindowsStandalone target not found
Native extension for WebGL target not found
[Package Manager] Server::EnsureServerProcessIsRunning -- launch failed, reason: Unity was launched with the -noUpm command-line argument
[Package Manager] UpmClient::Send -- Unable to send message (not connected to UPM process).
[Package Manager] Cannot connect to Unity Package Manager local server
Mono: successfully reloaded assembly
- Finished resetting the current domain, in  1.100 seconds
Domain Reload Profiling: 1622ms
	BeginReloadAssembly (169ms)
		ExecutionOrderSort (0ms)
		DisableScriptedObjects (11ms)
		BackupInstance (0ms)
		ReleaseScriptingObjects (0ms)
		CreateAndSetChildDomain (39ms)
	RebuildCommonClasses (35ms)
	RebuildNativeTypeToScriptingClass (9ms)
	initialDomainReloadingComplete (36ms)
	LoadAllAssembliesAndSetupDomain (272ms)
		LoadAssemblies (328ms)
		RebuildTransferFunctionScriptingTraits (0ms)
		AnalyzeDomain (25ms)
			TypeCache.Refresh (8ms)
				TypeCache.ScanAssembly (0ms)
			ScanForSourceGeneratedMonoScriptInfo (9ms)
			ResolveRequiredComponents (7ms)
	FinalizeReload (1101ms)
		ReleaseScriptCaches (0ms)
		RebuildScriptCaches (0ms)
		SetupLoadedEditorAssemblies (404ms)
			LogAssemblyErrors (0ms)
			InitializePlatformSupportModulesInManaged (8ms)
			SetLoadedEditorAssemblies (3ms)
			RefreshPlugins (0ms)
			BeforeProcessingInitializeOnLoad (69ms)
			ProcessInitializeOnLoadAttributes (285ms)
			ProcessInitializeOnLoadMethodAttributes (27ms)
			AfterProcessingInitializeOnLoad (11ms)
			EditorAssembliesLoaded (1ms)
		ExecutionOrderSort2 (0ms)
		AwakeInstancesAfterBackupRestoration (23ms)
Refreshing native plugins compatible for Editor in 5.78 ms, found 4 plugins.
Preloading 0 native plugins for Editor in 0.00 ms.
Unloading 4020 Unused Serialized files (Serialized files now loaded: 0)
Unloading 40 unused Assets / (171.6 KB). Loaded Objects now: 4529.
Memory consumption went from 141.5 MB to 141.3 MB.
Total: 3.614100 ms (FindLiveObjects: 0.354900 ms CreateObjectMapping: 0.177600 ms MarkObjects: 2.897200 ms  DeleteObjects: 0.183000 ms)

Prepare: number of updated asset objects reloaded= 0
AssetImportParameters requested are different than current active one (requested -> active):
  custom:container-demuxer-ogg: 62fdf1f143b41e24485cea50d1cbac27 -> 
  custom:video-codec-MediaFoundation-h265: 746d11721c4dcdbdad8f713fa42b33f4 -> 
  custom:video-decoder-ogg-theora: a1e56fd34408186e4bbccfd4996cb3dc -> 
  custom:framework-win-MediaFoundation: 216162199b28c13a410421893ffa2e32 -> 
  custom:CustomObjectIndexerAttribute: 756ad292c208cfabdd7b50bc23989ffe -> 
  custom:container-demuxer-webm: 4f35f7cbe854078d1ac9338744f61a02 -> 
  custom:container-muxer-webm: aa71ff27fc2769a1b78a27578f13a17b -> 
  custom:video-decoder-webm-vp8: 9c59270c3fd7afecdb556c50c9e8de78 -> 
  custom:SearchIndexIgnoredProperties: e643bd26f0fe6173181afceb89e7c659 -> 
  custom:AudioImporter_EditorPlatform: d09bf68614088b80899f8185d706f6e7 -> 
  custom:video-encoder-webm-vp8: eb34c28f22e8b96e1ab97ce403110664 -> 
  custom:audio-decoder-ogg-vorbis: bf7c407c2cedff20999df2af8eb42d56 -> 
  custom:audio-encoder-webm-vorbis: bf7c407c2cedff20999df2af8eb42d56 -> 
Editor requested this worker to shutdown with reason: Scaling down because of idle timeout
TcpMessagingSession - receive error: operation aborted. errorcode: 995, details:  I/O 
AssetImportWorker is now disconnected from the server
Process exiting
Exiting without the bug reporter. Application will terminate with return code 0