Using pre-set license
Built from '2022.3/staging' branch; Version is '2022.3.8f1 (b5eafc012955) revision 11922172'; Using compiler version '192829333'; Build Type 'Release'
OS: 'Windows 11  (10.0.22621) 64bit CoreCountrySpecific' Language: 'zh' Physical Memory: 64780 MB
BatchMode: 1, IsHumanControllingUs: 0, StartBugReporterOnCrash: 0, Is64bit: 1, IsPro: 1

COMMAND LINE ARGUMENTS:
C:\Program Files\Unity\Hub\Editor\2022.3.8f1\Editor\Unity.exe
-adb2
-batchMode
-noUpm
-name
AssetImportWorker5
-projectPath
C:/Users/rinny/Dark Revenge
-logFile
Logs/AssetImportWorker5.log
-srvPort
63766
Successfully changed project path to: C:/Users/rinny/Dark Revenge
C:/Users/rinny/Dark Revenge
[UnityMemory] Configuration Parameters - Can be set up in boot.config
    "memorysetup-bucket-allocator-granularity=16"
    "memorysetup-bucket-allocator-bucket-count=8"
    "memorysetup-bucket-allocator-block-size=33554432"
    "memorysetup-bucket-allocator-block-count=8"
    "memorysetup-main-allocator-block-size=16777216"
    "memorysetup-thread-allocator-block-size=16777216"
    "memorysetup-gfx-main-allocator-block-size=16777216"
    "memorysetup-gfx-thread-allocator-block-size=16777216"
    "memorysetup-cache-allocator-block-size=4194304"
    "memorysetup-typetree-allocator-block-size=2097152"
    "memorysetup-profiler-bucket-allocator-granularity=16"
    "memorysetup-profiler-bucket-allocator-bucket-count=8"
    "memorysetup-profiler-bucket-allocator-block-size=33554432"
    "memorysetup-profiler-bucket-allocator-block-count=8"
    "memorysetup-profiler-allocator-block-size=16777216"
    "memorysetup-profiler-editor-allocator-block-size=1048576"
    "memorysetup-temp-allocator-size-main=16777216"
    "memorysetup-job-temp-allocator-block-size=2097152"
    "memorysetup-job-temp-allocator-block-size-background=1048576"
    "memorysetup-job-temp-allocator-reduction-small-platforms=262144"
    "memorysetup-allocator-temp-initial-block-size-main=262144"
    "memorysetup-allocator-temp-initial-block-size-worker=262144"
    "memorysetup-temp-allocator-size-background-worker=32768"
    "memorysetup-temp-allocator-size-job-worker=262144"
    "memorysetup-temp-allocator-size-preload-manager=33554432"
    "memorysetup-temp-allocator-size-nav-mesh-worker=65536"
    "memorysetup-temp-allocator-size-audio-worker=65536"
    "memorysetup-temp-allocator-size-cloud-worker=32768"
    "memorysetup-temp-allocator-size-gi-baking-worker=262144"
    "memorysetup-temp-allocator-size-gfx=262144"
Player connection [34544] Host "[IP] 192.168.1.4 [Port] 0 [Flags] 2 [Guid] 603740718 [EditorId] 603740718 [Version] 1048832 [Id] WindowsEditor(7,NuclearComputer) [Debug] 1 [PackageName] WindowsEditor [ProjectName] Editor" joined multi-casting on [225.0.0.222:54997]...

Player connection [34544] Host "[IP] 192.168.1.4 [Port] 0 [Flags] 2 [Guid] 603740718 [EditorId] 603740718 [Version] 1048832 [Id] WindowsEditor(7,NuclearComputer) [Debug] 1 [PackageName] WindowsEditor [ProjectName] Editor" joined alternative multi-casting on [225.0.0.222:34997]...

[Physics::Module] Initialized MultithreadedJobDispatcher with 15 workers.
Refreshing native plugins compatible for Editor in 18.67 ms, found 4 plugins.
Preloading 0 native plugins for Editor in 0.00 ms.
Initialize engine version: 2022.3.8f1 (b5eafc012955)
[Subsystems] Discovering subsystems at path C:/Program Files/Unity/Hub/Editor/2022.3.8f1/Editor/Data/Resources/UnitySubsystems
[Subsystems] Discovering subsystems at path C:/Users/rinny/Dark Revenge/Assets
GfxDevice: creating device client; threaded=0; jobified=0
Direct3D:
    Version:  Direct3D 11.0 [level 11.1]
    Renderer: NVIDIA GeForce RTX 3070 Ti Laptop GPU (ID=0x24a0)
    Vendor:   NVIDIA
    VRAM:     8032 MB
    Driver:   31.0.15.2849
Initialize mono
Mono path[0] = 'C:/Program Files/Unity/Hub/Editor/2022.3.8f1/Editor/Data/Managed'
Mono path[1] = 'C:/Program Files/Unity/Hub/Editor/2022.3.8f1/Editor/Data/MonoBleedingEdge/lib/mono/unityjit-win32'
Mono config path = 'C:/Program Files/Unity/Hub/Editor/2022.3.8f1/Editor/Data/MonoBleedingEdge/etc'
Using monoOptions --debugger-agent=transport=dt_socket,embedding=1,server=y,suspend=n,address=127.0.0.1:56188
Begin MonoManager ReloadAssembly
Registering precompiled unity dll's ...
Register platform support module: C:/Program Files/Unity/Hub/Editor/2022.3.8f1/Editor/Data/PlaybackEngines/WebGLSupport/UnityEditor.WebGL.Extensions.dll
Register platform support module: C:/Program Files/Unity/Hub/Editor/2022.3.8f1/Editor/Data/PlaybackEngines/WindowsStandaloneSupport/UnityEditor.WindowsStandalone.Extensions.dll
Registered in 0.010256 seconds.
- Loaded All Assemblies, in  0.343 seconds
Native extension for WindowsStandalone target not found
Native extension for WebGL target not found
Mono: successfully reloaded assembly
- Finished resetting the current domain, in  0.230 seconds
Domain Reload Profiling: 571ms
	BeginReloadAssembly (113ms)
		ExecutionOrderSort (0ms)
		DisableScriptedObjects (0ms)
		BackupInstance (0ms)
		ReleaseScriptingObjects (0ms)
		CreateAndSetChildDomain (1ms)
	RebuildCommonClasses (35ms)
	RebuildNativeTypeToScriptingClass (12ms)
	initialDomainReloadingComplete (57ms)
	LoadAllAssembliesAndSetupDomain (123ms)
		LoadAssemblies (110ms)
		RebuildTransferFunctionScriptingTraits (0ms)
		AnalyzeDomain (121ms)
			TypeCache.Refresh (120ms)
				TypeCache.ScanAssembly (109ms)
			ScanForSourceGeneratedMonoScriptInfo (0ms)
			ResolveRequiredComponents (0ms)
	FinalizeReload (230ms)
		ReleaseScriptCaches (0ms)
		RebuildScriptCaches (0ms)
		SetupLoadedEditorAssemblies (178ms)
			LogAssemblyErrors (0ms)
			InitializePlatformSupportModulesInManaged (10ms)
			SetLoadedEditorAssemblies (5ms)
			RefreshPlugins (0ms)
			BeforeProcessingInitializeOnLoad (2ms)
			ProcessInitializeOnLoadAttributes (112ms)
			ProcessInitializeOnLoadMethodAttributes (49ms)
			AfterProcessingInitializeOnLoad (0ms)
			EditorAssembliesLoaded (0ms)
		ExecutionOrderSort2 (0ms)
		AwakeInstancesAfterBackupRestoration (0ms)
========================================================================
Worker process is ready to serve import requests
Begin MonoManager ReloadAssembly
- Loaded All Assemblies, in  0.590 seconds
Refreshing native plugins compatible for Editor in 5.56 ms, found 4 plugins.
Native extension for WindowsStandalone target not found
Native extension for WebGL target not found
Package Manager log level set to [2]
[Package Manager] Server::EnsureServerProcessIsRunning -- launch failed, reason: Unity was launched with the -noUpm command-line argument
[Package Manager] UpmClient::Send -- Unable to send message (not connected to UPM process).
[Package Manager] Cannot connect to Unity Package Manager local server
Mono: successfully reloaded assembly
- Finished resetting the current domain, in  0.578 seconds
Domain Reload Profiling: 1164ms
	BeginReloadAssembly (142ms)
		ExecutionOrderSort (0ms)
		DisableScriptedObjects (4ms)
		BackupInstance (0ms)
		ReleaseScriptingObjects (0ms)
		CreateAndSetChildDomain (23ms)
	RebuildCommonClasses (33ms)
	RebuildNativeTypeToScriptingClass (8ms)
	initialDomainReloadingComplete (40ms)
	LoadAllAssembliesAndSetupDomain (362ms)
		LoadAssemblies (296ms)
		RebuildTransferFunctionScriptingTraits (0ms)
		AnalyzeDomain (145ms)
			TypeCache.Refresh (123ms)
				TypeCache.ScanAssembly (110ms)
			ScanForSourceGeneratedMonoScriptInfo (16ms)
			ResolveRequiredComponents (3ms)
	FinalizeReload (578ms)
		ReleaseScriptCaches (0ms)
		RebuildScriptCaches (0ms)
		SetupLoadedEditorAssemblies (422ms)
			LogAssemblyErrors (0ms)
			InitializePlatformSupportModulesInManaged (11ms)
			SetLoadedEditorAssemblies (4ms)
			RefreshPlugins (0ms)
			BeforeProcessingInitializeOnLoad (81ms)
			ProcessInitializeOnLoadAttributes (283ms)
			ProcessInitializeOnLoadMethodAttributes (32ms)
			AfterProcessingInitializeOnLoad (10ms)
			EditorAssembliesLoaded (0ms)
		ExecutionOrderSort2 (0ms)
		AwakeInstancesAfterBackupRestoration (11ms)
Launched and connected shader compiler UnityShaderCompiler.exe after 0.07 seconds
Refreshing native plugins compatible for Editor in 7.16 ms, found 4 plugins.
Preloading 0 native plugins for Editor in 0.00 ms.
Unloading 4043 Unused Serialized files (Serialized files now loaded: 0)
Unloading 68 unused Assets / (198.8 KB). Loaded Objects now: 4504.
Memory consumption went from 141.4 MB to 141.2 MB.
Total: 4.048700 ms (FindLiveObjects: 0.471100 ms CreateObjectMapping: 0.360800 ms MarkObjects: 3.005900 ms  DeleteObjects: 0.209800 ms)

AssetImportParameters requested are different than current active one (requested -> active):
  custom:container-demuxer-ogg: 62fdf1f143b41e24485cea50d1cbac27 -> 
  custom:video-codec-MediaFoundation-h265: 746d11721c4dcdbdad8f713fa42b33f4 -> 
  custom:video-decoder-ogg-theora: a1e56fd34408186e4bbccfd4996cb3dc -> 
  custom:framework-win-MediaFoundation: 216162199b28c13a410421893ffa2e32 -> 
  custom:CustomObjectIndexerAttribute: 756ad292c208cfabdd7b50bc23989ffe -> 
  custom:container-demuxer-webm: 4f35f7cbe854078d1ac9338744f61a02 -> 
  custom:container-muxer-webm: aa71ff27fc2769a1b78a27578f13a17b -> 
  custom:video-decoder-webm-vp8: 9c59270c3fd7afecdb556c50c9e8de78 -> 
  custom:SearchIndexIgnoredProperties: e643bd26f0fe6173181afceb89e7c659 -> 
  custom:AudioImporter_EditorPlatform: d09bf68614088b80899f8185d706f6e7 -> 
  custom:video-encoder-webm-vp8: eb34c28f22e8b96e1ab97ce403110664 -> 
  custom:audio-decoder-ogg-vorbis: bf7c407c2cedff20999df2af8eb42d56 -> 
  custom:audio-encoder-webm-vorbis: bf7c407c2cedff20999df2af8eb42d56 -> 
========================================================================
Received Import Request.
  Time since last request: 1228729.361931 seconds.
  path: Assets/Hero and Opponents/Sprites/Enemy2/attack-A4.png
  artifactKey: Guid(4ca63e093201493469a8044bc3eb0e36) Importer(815301076,1909f56bfc062723c751e8b465ee728b)
Start importing Assets/Hero and Opponents/Sprites/Enemy2/attack-A4.png using Guid(4ca63e093201493469a8044bc3eb0e36) Importer(815301076,1909f56bfc062723c751e8b465ee728b)  -> (artifact id: 'f09538b5be67de47b078279a38cc82e7') in 0.102507 seconds
Number of updated asset objects reloaded before import = 0
Number of asset objects unloaded after import = 3
========================================================================
Received Import Request.
  Time since last request: 2.138566 seconds.
  path: Assets/Hero and Opponents/Sprites/Enemy3/attack-A4.png
  artifactKey: Guid(41e030cfeca85454f92849c3d2d02795) Importer(815301076,1909f56bfc062723c751e8b465ee728b)
Start importing Assets/Hero and Opponents/Sprites/Enemy3/attack-A4.png using Guid(41e030cfeca85454f92849c3d2d02795) Importer(815301076,1909f56bfc062723c751e8b465ee728b)  -> (artifact id: 'edaa1fc714d0bda6efc581b41bf90dfe') in 0.017603 seconds
Number of updated asset objects reloaded before import = 0
Number of asset objects unloaded after import = 3
========================================================================
Received Import Request.
  Time since last request: 0.000015 seconds.
  path: Assets/Hero and Opponents/Sprites/Enemy3/attack-A6.png
  artifactKey: Guid(54e44dcb5a49be04b8115b401cd78d2a) Importer(815301076,1909f56bfc062723c751e8b465ee728b)
Start importing Assets/Hero and Opponents/Sprites/Enemy3/attack-A6.png using Guid(54e44dcb5a49be04b8115b401cd78d2a) Importer(815301076,1909f56bfc062723c751e8b465ee728b)  -> (artifact id: '98049dbdf878e37ce7bd7dd56f56c789') in 0.028307 seconds
Number of updated asset objects reloaded before import = 0
Number of asset objects unloaded after import = 3
========================================================================
Received Import Request.
  Time since last request: 0.000015 seconds.
  path: Assets/Hero and Opponents/Sprites/Enemy3/idle-2.png
  artifactKey: Guid(3499081f32826c44f9c92212e855410d) Importer(815301076,1909f56bfc062723c751e8b465ee728b)
Start importing Assets/Hero and Opponents/Sprites/Enemy3/idle-2.png using Guid(3499081f32826c44f9c92212e855410d) Importer(815301076,1909f56bfc062723c751e8b465ee728b)  -> (artifact id: '9188b0006b695acd26777180b38d5ac2') in 0.019965 seconds
Number of updated asset objects reloaded before import = 0
Number of asset objects unloaded after import = 3
========================================================================
Received Import Request.
  Time since last request: 0.000018 seconds.
  path: Assets/Hero and Opponents/Sprites/Enemy3/attack-A5.png
  artifactKey: Guid(a13fef80e4f845e448f126d026ac31a0) Importer(815301076,1909f56bfc062723c751e8b465ee728b)
Start importing Assets/Hero and Opponents/Sprites/Enemy3/attack-A5.png using Guid(a13fef80e4f845e448f126d026ac31a0) Importer(815301076,1909f56bfc062723c751e8b465ee728b)  -> (artifact id: '485318ac777e7ab343c3a92361b1429c') in 0.020243 seconds
Number of updated asset objects reloaded before import = 0
Number of asset objects unloaded after import = 3
========================================================================
Received Import Request.
  Time since last request: 0.000016 seconds.
  path: Assets/Hero and Opponents/Sprites/Enemy3/attack-C8.png
  artifactKey: Guid(80c8373041307574b98fb385406fad57) Importer(815301076,1909f56bfc062723c751e8b465ee728b)
Start importing Assets/Hero and Opponents/Sprites/Enemy3/attack-C8.png using Guid(80c8373041307574b98fb385406fad57) Importer(815301076,1909f56bfc062723c751e8b465ee728b)  -> (artifact id: 'a2c95a91f7e5320c36e940c3c0e23b17') in 0.017510 seconds
Number of updated asset objects reloaded before import = 0
Number of asset objects unloaded after import = 3
========================================================================
Received Import Request.
  Time since last request: 0.000019 seconds.
  path: Assets/Hero and Opponents/Sprites/Enemy3/attack-B8.png
  artifactKey: Guid(422c03bc4fb8dfe4d9b02348961a9aad) Importer(815301076,1909f56bfc062723c751e8b465ee728b)
Start importing Assets/Hero and Opponents/Sprites/Enemy3/attack-B8.png using Guid(422c03bc4fb8dfe4d9b02348961a9aad) Importer(815301076,1909f56bfc062723c751e8b465ee728b)  -> (artifact id: 'cf644c08c4e7487bc05378cf85c231c0') in 0.021218 seconds
Number of updated asset objects reloaded before import = 0
Number of asset objects unloaded after import = 3
========================================================================
Received Import Request.
  Time since last request: 0.000027 seconds.
  path: Assets/Hero and Opponents/Sprites/Enemy3/hit-2.png
  artifactKey: Guid(7cad485b53033954196cb63a5a7fc086) Importer(815301076,1909f56bfc062723c751e8b465ee728b)
Start importing Assets/Hero and Opponents/Sprites/Enemy3/hit-2.png using Guid(7cad485b53033954196cb63a5a7fc086) Importer(815301076,1909f56bfc062723c751e8b465ee728b)  -> (artifact id: 'a41d51ac67e14231fa85e66bd029ee4a') in 0.026719 seconds
Number of updated asset objects reloaded before import = 0
Number of asset objects unloaded after import = 3
========================================================================
Received Import Request.
  Time since last request: 0.000018 seconds.
  path: Assets/Hero and Opponents/Sprites/Enemy3/idle-1.png
  artifactKey: Guid(6e4460827a2fe4f43b83b4c9c55ec1dd) Importer(815301076,1909f56bfc062723c751e8b465ee728b)
Start importing Assets/Hero and Opponents/Sprites/Enemy3/idle-1.png using Guid(6e4460827a2fe4f43b83b4c9c55ec1dd) Importer(815301076,1909f56bfc062723c751e8b465ee728b)  -> (artifact id: '701ccbf3bb0c1aab0c7d776113e951fc') in 0.017528 seconds
Number of updated asset objects reloaded before import = 0
Number of asset objects unloaded after import = 3
========================================================================
Received Import Request.
  Time since last request: 0.000016 seconds.
  path: Assets/Hero and Opponents/Sprites/Enemy3/attack-A7.png
  artifactKey: Guid(7a29ea24a0666404881687fb159f76a9) Importer(815301076,1909f56bfc062723c751e8b465ee728b)
Start importing Assets/Hero and Opponents/Sprites/Enemy3/attack-A7.png using Guid(7a29ea24a0666404881687fb159f76a9) Importer(815301076,1909f56bfc062723c751e8b465ee728b)  -> (artifact id: '2c84bf060d13dea0c91abc5925ff785b') in 0.018553 seconds
Number of updated asset objects reloaded before import = 0
Number of asset objects unloaded after import = 3
========================================================================
Received Import Request.
  Time since last request: 0.000013 seconds.
  path: Assets/Hero and Opponents/Sprites/Enemy3/attack-B9.png
  artifactKey: Guid(907ef88ec87b0a94f81407bb4cfff788) Importer(815301076,1909f56bfc062723c751e8b465ee728b)
Start importing Assets/Hero and Opponents/Sprites/Enemy3/attack-B9.png using Guid(907ef88ec87b0a94f81407bb4cfff788) Importer(815301076,1909f56bfc062723c751e8b465ee728b)  -> (artifact id: '3af3b89f569689a5e6ddcf78c57c593e') in 0.017984 seconds
Number of updated asset objects reloaded before import = 0
Number of asset objects unloaded after import = 3
========================================================================
Received Import Request.
  Time since last request: 0.000016 seconds.
  path: Assets/Hero and Opponents/Sprites/Enemy3/attack-B5.png
  artifactKey: Guid(d9a0d056f1dbfb7429e3122623c2d105) Importer(815301076,1909f56bfc062723c751e8b465ee728b)
Start importing Assets/Hero and Opponents/Sprites/Enemy3/attack-B5.png using Guid(d9a0d056f1dbfb7429e3122623c2d105) Importer(815301076,1909f56bfc062723c751e8b465ee728b)  -> (artifact id: '800d2d57226309bafc9758bc6a190cc0') in 0.031040 seconds
Number of updated asset objects reloaded before import = 0
Number of asset objects unloaded after import = 3
========================================================================
Received Import Request.
  Time since last request: 1.849743 seconds.
  path: Assets/Hero and Opponents/Sprites/Enemy4/attack-A4.png
  artifactKey: Guid(4b2b4fc361b72eb48a112d4c07ac5c42) Importer(815301076,1909f56bfc062723c751e8b465ee728b)
Start importing Assets/Hero and Opponents/Sprites/Enemy4/attack-A4.png using Guid(4b2b4fc361b72eb48a112d4c07ac5c42) Importer(815301076,1909f56bfc062723c751e8b465ee728b)  -> (artifact id: '90d606b54f11021a5b6bd25ee888b656') in 0.017289 seconds
Number of updated asset objects reloaded before import = 0
Number of asset objects unloaded after import = 3
========================================================================
Received Import Request.
  Time since last request: 0.000017 seconds.
  path: Assets/Hero and Opponents/Sprites/Enemy4/hit-1.png
  artifactKey: Guid(d9aec6a46a71e6b40b88d2282b2781e2) Importer(815301076,1909f56bfc062723c751e8b465ee728b)
Start importing Assets/Hero and Opponents/Sprites/Enemy4/hit-1.png using Guid(d9aec6a46a71e6b40b88d2282b2781e2) Importer(815301076,1909f56bfc062723c751e8b465ee728b)  -> (artifact id: 'fc482454e846f0d9c2077d02a4615b47') in 0.020117 seconds
Number of updated asset objects reloaded before import = 0
Number of asset objects unloaded after import = 3
========================================================================
Received Import Request.
  Time since last request: 0.000015 seconds.
  path: Assets/Hero and Opponents/Sprites/Enemy4/attack-B3.png
  artifactKey: Guid(304da8e4e3ca22d4f8ac368e350f4d93) Importer(815301076,1909f56bfc062723c751e8b465ee728b)
Start importing Assets/Hero and Opponents/Sprites/Enemy4/attack-B3.png using Guid(304da8e4e3ca22d4f8ac368e350f4d93) Importer(815301076,1909f56bfc062723c751e8b465ee728b)  -> (artifact id: '4e25af0e9a83cb45907df7ce98e118f0') in 0.015231 seconds
Number of updated asset objects reloaded before import = 0
Number of asset objects unloaded after import = 3
========================================================================
Received Import Request.
  Time since last request: 0.000014 seconds.
  path: Assets/Hero and Opponents/Sprites/Enemy4/dead-3.png
  artifactKey: Guid(2019113e6291591499504292116c6279) Importer(815301076,1909f56bfc062723c751e8b465ee728b)
Start importing Assets/Hero and Opponents/Sprites/Enemy4/dead-3.png using Guid(2019113e6291591499504292116c6279) Importer(815301076,1909f56bfc062723c751e8b465ee728b)  -> (artifact id: '50cfe591562c4ca878919b45645ca42e') in 0.016496 seconds
Number of updated asset objects reloaded before import = 0
Number of asset objects unloaded after import = 3
========================================================================
Received Import Request.
  Time since last request: 0.000015 seconds.
  path: Assets/Hero and Opponents/Sprites/Enemy4/walk-6.png
  artifactKey: Guid(5fe535831433b0849b15f71768973978) Importer(815301076,1909f56bfc062723c751e8b465ee728b)
Start importing Assets/Hero and Opponents/Sprites/Enemy4/walk-6.png using Guid(5fe535831433b0849b15f71768973978) Importer(815301076,1909f56bfc062723c751e8b465ee728b)  -> (artifact id: 'c84e388e4d6b07e2744b874a0fe9a4ea') in 0.017589 seconds
Number of updated asset objects reloaded before import = 0
Number of asset objects unloaded after import = 3
========================================================================
Received Import Request.
  Time since last request: 0.000024 seconds.
  path: Assets/Hero and Opponents/Sprites/Enemy4/walk-1.png
  artifactKey: Guid(a7fab4d5e73126e4394742f72eee9f2b) Importer(815301076,1909f56bfc062723c751e8b465ee728b)
Start importing Assets/Hero and Opponents/Sprites/Enemy4/walk-1.png using Guid(a7fab4d5e73126e4394742f72eee9f2b) Importer(815301076,1909f56bfc062723c751e8b465ee728b)  -> (artifact id: '83f4a642feee5d88431a3549086c1f83') in 0.018172 seconds
Number of updated asset objects reloaded before import = 0
Number of asset objects unloaded after import = 3
========================================================================
Received Import Request.
  Time since last request: 0.000030 seconds.
  path: Assets/Hero and Opponents/Sprites/Enemy4/attack-A5.png
  artifactKey: Guid(4713dc40a5acbd442b80ffb459d799c7) Importer(815301076,1909f56bfc062723c751e8b465ee728b)
Start importing Assets/Hero and Opponents/Sprites/Enemy4/attack-A5.png using Guid(4713dc40a5acbd442b80ffb459d799c7) Importer(815301076,1909f56bfc062723c751e8b465ee728b)  -> (artifact id: '87e29fc977b193d06b08189fc4e34f93') in 0.015437 seconds
Number of updated asset objects reloaded before import = 0
Number of asset objects unloaded after import = 3
========================================================================
Received Import Request.
  Time since last request: 0.000020 seconds.
  path: Assets/Hero and Opponents/Sprites/Enemy4/walk-5.png
  artifactKey: Guid(cb85cb5e3425a814398015527ff9bc4e) Importer(815301076,1909f56bfc062723c751e8b465ee728b)
Start importing Assets/Hero and Opponents/Sprites/Enemy4/walk-5.png using Guid(cb85cb5e3425a814398015527ff9bc4e) Importer(815301076,1909f56bfc062723c751e8b465ee728b)  -> (artifact id: 'ecd66be4a84b0f3013cff823f47a76f6') in 0.017262 seconds
Number of updated asset objects reloaded before import = 0
Number of asset objects unloaded after import = 3
========================================================================
Received Import Request.
  Time since last request: 0.000017 seconds.
  path: Assets/Hero and Opponents/Sprites/Enemy4/attack-B8.png
  artifactKey: Guid(9c95a885b6e8f4444837047a57ed3ac1) Importer(815301076,1909f56bfc062723c751e8b465ee728b)
Start importing Assets/Hero and Opponents/Sprites/Enemy4/attack-B8.png using Guid(9c95a885b6e8f4444837047a57ed3ac1) Importer(815301076,1909f56bfc062723c751e8b465ee728b)  -> (artifact id: 'a277b5b332ad3a822b63c70c908dbd9e') in 0.017646 seconds
Number of updated asset objects reloaded before import = 0
Number of asset objects unloaded after import = 3
========================================================================
Received Import Request.
  Time since last request: 1.471330 seconds.
  path: Assets/Hero and Opponents/Sprites/Enemy5/attack-A4.png
  artifactKey: Guid(5582bd9b3b2d30041aa476896aca6576) Importer(815301076,1909f56bfc062723c751e8b465ee728b)
Start importing Assets/Hero and Opponents/Sprites/Enemy5/attack-A4.png using Guid(5582bd9b3b2d30041aa476896aca6576) Importer(815301076,1909f56bfc062723c751e8b465ee728b)  -> (artifact id: '802959347207140ffdb8e27ced3637a4') in 0.017374 seconds
Number of updated asset objects reloaded before import = 0
Number of asset objects unloaded after import = 3
========================================================================
Received Import Request.
  Time since last request: 0.000015 seconds.
  path: Assets/Hero and Opponents/Sprites/Enemy5/hit-4.png
  artifactKey: Guid(b4306c055fa498742b39c712cbcd6caf) Importer(815301076,1909f56bfc062723c751e8b465ee728b)
Start importing Assets/Hero and Opponents/Sprites/Enemy5/hit-4.png using Guid(b4306c055fa498742b39c712cbcd6caf) Importer(815301076,1909f56bfc062723c751e8b465ee728b)  -> (artifact id: '476a872bfbf508285482de94cebd52d9') in 0.020457 seconds
Number of updated asset objects reloaded before import = 0
Number of asset objects unloaded after import = 3
========================================================================
Received Import Request.
  Time since last request: 0.000015 seconds.
  path: Assets/Hero and Opponents/Sprites/Enemy5/attack-B5.png
  artifactKey: Guid(027906b99dfaf3841b34ff09f2de01af) Importer(815301076,1909f56bfc062723c751e8b465ee728b)
Start importing Assets/Hero and Opponents/Sprites/Enemy5/attack-B5.png using Guid(027906b99dfaf3841b34ff09f2de01af) Importer(815301076,1909f56bfc062723c751e8b465ee728b)  -> (artifact id: '6b42fbf387494d739af5ddaebfb4441b') in 0.017892 seconds
Number of updated asset objects reloaded before import = 0
Number of asset objects unloaded after import = 3
========================================================================
Received Import Request.
  Time since last request: 0.000016 seconds.
  path: Assets/Hero and Opponents/Sprites/Enemy5/run-9.png
  artifactKey: Guid(15274a3e6e7df2642aa09dc44671d833) Importer(815301076,1909f56bfc062723c751e8b465ee728b)
Start importing Assets/Hero and Opponents/Sprites/Enemy5/run-9.png using Guid(15274a3e6e7df2642aa09dc44671d833) Importer(815301076,1909f56bfc062723c751e8b465ee728b)  -> (artifact id: '6bf72d41e1e5730b965d107727a76227') in 0.015407 seconds
Number of updated asset objects reloaded before import = 0
Number of asset objects unloaded after import = 3
========================================================================
Received Import Request.
  Time since last request: 0.000015 seconds.
  path: Assets/Hero and Opponents/Sprites/Enemy5/jump-4.png
  artifactKey: Guid(9fb7783f3be19e247a2166332029b4f1) Importer(815301076,1909f56bfc062723c751e8b465ee728b)
Start importing Assets/Hero and Opponents/Sprites/Enemy5/jump-4.png using Guid(9fb7783f3be19e247a2166332029b4f1) Importer(815301076,1909f56bfc062723c751e8b465ee728b)  -> (artifact id: '511059abf58a18f40e5d430187f177cd') in 0.014511 seconds
Number of updated asset objects reloaded before import = 0
Number of asset objects unloaded after import = 3
========================================================================
Received Import Request.
  Time since last request: 0.000020 seconds.
  path: Assets/Hero and Opponents/Sprites/Enemy5/run-12.png
  artifactKey: Guid(1c19c834d22bbda4f8269585a89f41fd) Importer(815301076,1909f56bfc062723c751e8b465ee728b)
Start importing Assets/Hero and Opponents/Sprites/Enemy5/run-12.png using Guid(1c19c834d22bbda4f8269585a89f41fd) Importer(815301076,1909f56bfc062723c751e8b465ee728b)  -> (artifact id: '1f399db15f3f944acaceabfa17b1c242') in 0.018119 seconds
Number of updated asset objects reloaded before import = 0
Number of asset objects unloaded after import = 3
========================================================================
Received Import Request.
  Time since last request: 0.000026 seconds.
  path: Assets/Hero and Opponents/Sprites/Enemy5/jump-1.png
  artifactKey: Guid(cde6a51afd6aa9a408d1258d11671bd8) Importer(815301076,1909f56bfc062723c751e8b465ee728b)
Start importing Assets/Hero and Opponents/Sprites/Enemy5/jump-1.png using Guid(cde6a51afd6aa9a408d1258d11671bd8) Importer(815301076,1909f56bfc062723c751e8b465ee728b)  -> (artifact id: '96b2ef44a0bc212e7dce1df75ead65e2') in 0.019792 seconds
Number of updated asset objects reloaded before import = 0
Number of asset objects unloaded after import = 3
========================================================================
Received Import Request.
  Time since last request: 0.000030 seconds.
  path: Assets/Hero and Opponents/Sprites/Enemy5/attack-B1.png
  artifactKey: Guid(490d52efbafe6184d8ff89ef9677b3b8) Importer(815301076,1909f56bfc062723c751e8b465ee728b)
Start importing Assets/Hero and Opponents/Sprites/Enemy5/attack-B1.png using Guid(490d52efbafe6184d8ff89ef9677b3b8) Importer(815301076,1909f56bfc062723c751e8b465ee728b)  -> (artifact id: '7403e6300025a6f0b7f3e5a34a155cfb') in 0.017496 seconds
Number of updated asset objects reloaded before import = 0
Number of asset objects unloaded after import = 3
========================================================================
Received Import Request.
  Time since last request: 0.000017 seconds.
  path: Assets/Hero and Opponents/Sprites/Enemy5/run-1.png
  artifactKey: Guid(32cfc26b3378a8b4f9d93e72c7c2cb6c) Importer(815301076,1909f56bfc062723c751e8b465ee728b)
Start importing Assets/Hero and Opponents/Sprites/Enemy5/run-1.png using Guid(32cfc26b3378a8b4f9d93e72c7c2cb6c) Importer(815301076,1909f56bfc062723c751e8b465ee728b)  -> (artifact id: '2d90f35816b1ed8ce8a6a001e48c61d6') in 0.017378 seconds
Number of updated asset objects reloaded before import = 0
Number of asset objects unloaded after import = 3
========================================================================
Received Import Request.
  Time since last request: 0.000019 seconds.
  path: Assets/Hero and Opponents/Sprites/Enemy5/run-3.png
  artifactKey: Guid(5061efb2ab941b4449aeacbbeab9e90c) Importer(815301076,1909f56bfc062723c751e8b465ee728b)
Start importing Assets/Hero and Opponents/Sprites/Enemy5/run-3.png using Guid(5061efb2ab941b4449aeacbbeab9e90c) Importer(815301076,1909f56bfc062723c751e8b465ee728b)  -> (artifact id: 'e55160d7ccb847fe0bceee655731ef74') in 0.016060 seconds
Number of updated asset objects reloaded before import = 0
Number of asset objects unloaded after import = 3
========================================================================
Received Import Request.
  Time since last request: 1.372017 seconds.
  path: Assets/Hero and Opponents/Sprites/Player/walk-with-weapon-4.png
  artifactKey: Guid(88b8a8e2c56d2ce41850d0d95fee3e00) Importer(815301076,1909f56bfc062723c751e8b465ee728b)
Start importing Assets/Hero and Opponents/Sprites/Player/walk-with-weapon-4.png using Guid(88b8a8e2c56d2ce41850d0d95fee3e00) Importer(815301076,1909f56bfc062723c751e8b465ee728b)  -> (artifact id: '66768ad4d5192de6cfa82bc4c3a6c9ff') in 0.016624 seconds
Number of updated asset objects reloaded before import = 0
Number of asset objects unloaded after import = 3
========================================================================
Received Import Request.
  Time since last request: 0.000014 seconds.
  path: Assets/Hero and Opponents/Sprites/Player/walk-with-weapon-8.png
  artifactKey: Guid(7ef555a90bd480947946ac512b5cb5d7) Importer(815301076,1909f56bfc062723c751e8b465ee728b)
Start importing Assets/Hero and Opponents/Sprites/Player/walk-with-weapon-8.png using Guid(7ef555a90bd480947946ac512b5cb5d7) Importer(815301076,1909f56bfc062723c751e8b465ee728b)  -> (artifact id: 'f3ac3e52d5d44a42bf0b1ce405a226e6') in 0.016871 seconds
Number of updated asset objects reloaded before import = 0
Number of asset objects unloaded after import = 3
========================================================================
Received Import Request.
  Time since last request: 0.000098 seconds.
  path: Assets/Hero and Opponents/Sprites/Player/walk-with-weapon-6.png
  artifactKey: Guid(edc98b22a0e5bd9438841ddd121b683b) Importer(815301076,1909f56bfc062723c751e8b465ee728b)
Start importing Assets/Hero and Opponents/Sprites/Player/walk-with-weapon-6.png using Guid(edc98b22a0e5bd9438841ddd121b683b) Importer(815301076,1909f56bfc062723c751e8b465ee728b)  -> (artifact id: '20e21fbaccb26bb5049cf29282e6e766') in 0.016515 seconds
Number of updated asset objects reloaded before import = 0
Number of asset objects unloaded after import = 3
========================================================================
Received Prepare
Begin MonoManager ReloadAssembly
- Loaded All Assemblies, in  0.434 seconds
Refreshing native plugins compatible for Editor in 5.74 ms, found 4 plugins.
Native extension for WindowsStandalone target not found
Native extension for WebGL target not found
[Package Manager] Server::EnsureServerProcessIsRunning -- launch failed, reason: Unity was launched with the -noUpm command-line argument
[Package Manager] UpmClient::Send -- Unable to send message (not connected to UPM process).
[Package Manager] Cannot connect to Unity Package Manager local server
Mono: successfully reloaded assembly
- Finished resetting the current domain, in  1.051 seconds
Domain Reload Profiling: 1481ms
	BeginReloadAssembly (149ms)
		ExecutionOrderSort (0ms)
		DisableScriptedObjects (10ms)
		BackupInstance (0ms)
		ReleaseScriptingObjects (0ms)
		CreateAndSetChildDomain (35ms)
	RebuildCommonClasses (26ms)
	RebuildNativeTypeToScriptingClass (8ms)
	initialDomainReloadingComplete (31ms)
	LoadAllAssembliesAndSetupDomain (215ms)
		LoadAssemblies (276ms)
		RebuildTransferFunctionScriptingTraits (0ms)
		AnalyzeDomain (13ms)
			TypeCache.Refresh (5ms)
				TypeCache.ScanAssembly (0ms)
			ScanForSourceGeneratedMonoScriptInfo (0ms)
			ResolveRequiredComponents (6ms)
	FinalizeReload (1052ms)
		ReleaseScriptCaches (0ms)
		RebuildScriptCaches (0ms)
		SetupLoadedEditorAssemblies (403ms)
			LogAssemblyErrors (0ms)
			InitializePlatformSupportModulesInManaged (8ms)
			SetLoadedEditorAssemblies (3ms)
			RefreshPlugins (0ms)
			BeforeProcessingInitializeOnLoad (79ms)
			ProcessInitializeOnLoadAttributes (266ms)
			ProcessInitializeOnLoadMethodAttributes (38ms)
			AfterProcessingInitializeOnLoad (10ms)
			EditorAssembliesLoaded (0ms)
		ExecutionOrderSort2 (0ms)
		AwakeInstancesAfterBackupRestoration (21ms)
Refreshing native plugins compatible for Editor in 8.68 ms, found 4 plugins.
Preloading 0 native plugins for Editor in 0.00 ms.
Unloading 4022 Unused Serialized files (Serialized files now loaded: 0)
Unloading 40 unused Assets / (171.0 KB). Loaded Objects now: 4515.
Memory consumption went from 140.8 MB to 140.6 MB.
Total: 4.745400 ms (FindLiveObjects: 0.320900 ms CreateObjectMapping: 0.284100 ms MarkObjects: 3.957500 ms  DeleteObjects: 0.181200 ms)

Prepare: number of updated asset objects reloaded= 0
AssetImportParameters requested are different than current active one (requested -> active):
  custom:container-demuxer-ogg: 62fdf1f143b41e24485cea50d1cbac27 -> 
  custom:video-codec-MediaFoundation-h265: 746d11721c4dcdbdad8f713fa42b33f4 -> 
  custom:video-decoder-ogg-theora: a1e56fd34408186e4bbccfd4996cb3dc -> 
  custom:framework-win-MediaFoundation: 216162199b28c13a410421893ffa2e32 -> 
  custom:CustomObjectIndexerAttribute: 756ad292c208cfabdd7b50bc23989ffe -> 
  custom:container-demuxer-webm: 4f35f7cbe854078d1ac9338744f61a02 -> 
  custom:container-muxer-webm: aa71ff27fc2769a1b78a27578f13a17b -> 
  custom:video-decoder-webm-vp8: 9c59270c3fd7afecdb556c50c9e8de78 -> 
  custom:SearchIndexIgnoredProperties: e643bd26f0fe6173181afceb89e7c659 -> 
  custom:AudioImporter_EditorPlatform: d09bf68614088b80899f8185d706f6e7 -> 
  custom:video-encoder-webm-vp8: eb34c28f22e8b96e1ab97ce403110664 -> 
  custom:audio-decoder-ogg-vorbis: bf7c407c2cedff20999df2af8eb42d56 -> 
  custom:audio-encoder-webm-vorbis: bf7c407c2cedff20999df2af8eb42d56 -> 
========================================================================
Received Prepare
Begin MonoManager ReloadAssembly
- Loaded All Assemblies, in  0.451 seconds
Refreshing native plugins compatible for Editor in 5.95 ms, found 4 plugins.
Native extension for WindowsStandalone target not found
Native extension for WebGL target not found
[Package Manager] Server::EnsureServerProcessIsRunning -- launch failed, reason: Unity was launched with the -noUpm command-line argument
[Package Manager] UpmClient::Send -- Unable to send message (not connected to UPM process).
[Package Manager] Cannot connect to Unity Package Manager local server
Mono: successfully reloaded assembly
- Finished resetting the current domain, in  1.057 seconds
Domain Reload Profiling: 1504ms
	BeginReloadAssembly (158ms)
		ExecutionOrderSort (0ms)
		DisableScriptedObjects (10ms)
		BackupInstance (0ms)
		ReleaseScriptingObjects (0ms)
		CreateAndSetChildDomain (32ms)
	RebuildCommonClasses (35ms)
	RebuildNativeTypeToScriptingClass (8ms)
	initialDomainReloadingComplete (28ms)
	LoadAllAssembliesAndSetupDomain (217ms)
		LoadAssemblies (293ms)
		RebuildTransferFunctionScriptingTraits (0ms)
		AnalyzeDomain (9ms)
			TypeCache.Refresh (4ms)
				TypeCache.ScanAssembly (0ms)
			ScanForSourceGeneratedMonoScriptInfo (0ms)
			ResolveRequiredComponents (4ms)
	FinalizeReload (1058ms)
		ReleaseScriptCaches (0ms)
		RebuildScriptCaches (0ms)
		SetupLoadedEditorAssemblies (407ms)
			LogAssemblyErrors (0ms)
			InitializePlatformSupportModulesInManaged (7ms)
			SetLoadedEditorAssemblies (3ms)
			RefreshPlugins (0ms)
			BeforeProcessingInitializeOnLoad (82ms)
			ProcessInitializeOnLoadAttributes (276ms)
			ProcessInitializeOnLoadMethodAttributes (28ms)
			AfterProcessingInitializeOnLoad (10ms)
			EditorAssembliesLoaded (0ms)
		ExecutionOrderSort2 (0ms)
		AwakeInstancesAfterBackupRestoration (21ms)
Refreshing native plugins compatible for Editor in 6.47 ms, found 4 plugins.
Preloading 0 native plugins for Editor in 0.00 ms.
Unloading 4023 Unused Serialized files (Serialized files now loaded: 0)
Unloading 40 unused Assets / (171.1 KB). Loaded Objects now: 4519.
Memory consumption went from 141.0 MB to 140.8 MB.
Total: 4.050000 ms (FindLiveObjects: 0.517700 ms CreateObjectMapping: 0.357600 ms MarkObjects: 2.973300 ms  DeleteObjects: 0.200200 ms)

Prepare: number of updated asset objects reloaded= 0
AssetImportParameters requested are different than current active one (requested -> active):
  custom:container-demuxer-ogg: 62fdf1f143b41e24485cea50d1cbac27 -> 
  custom:video-codec-MediaFoundation-h265: 746d11721c4dcdbdad8f713fa42b33f4 -> 
  custom:video-decoder-ogg-theora: a1e56fd34408186e4bbccfd4996cb3dc -> 
  custom:framework-win-MediaFoundation: 216162199b28c13a410421893ffa2e32 -> 
  custom:CustomObjectIndexerAttribute: 756ad292c208cfabdd7b50bc23989ffe -> 
  custom:container-demuxer-webm: 4f35f7cbe854078d1ac9338744f61a02 -> 
  custom:container-muxer-webm: aa71ff27fc2769a1b78a27578f13a17b -> 
  custom:video-decoder-webm-vp8: 9c59270c3fd7afecdb556c50c9e8de78 -> 
  custom:SearchIndexIgnoredProperties: e643bd26f0fe6173181afceb89e7c659 -> 
  custom:AudioImporter_EditorPlatform: d09bf68614088b80899f8185d706f6e7 -> 
  custom:video-encoder-webm-vp8: eb34c28f22e8b96e1ab97ce403110664 -> 
  custom:audio-decoder-ogg-vorbis: bf7c407c2cedff20999df2af8eb42d56 -> 
  custom:audio-encoder-webm-vorbis: bf7c407c2cedff20999df2af8eb42d56 -> 
========================================================================
Received Prepare
Begin MonoManager ReloadAssembly
- Loaded All Assemblies, in  0.433 seconds
Refreshing native plugins compatible for Editor in 5.27 ms, found 4 plugins.
Native extension for WindowsStandalone target not found
Native extension for WebGL target not found
[Package Manager] Server::EnsureServerProcessIsRunning -- launch failed, reason: Unity was launched with the -noUpm command-line argument
[Package Manager] UpmClient::Send -- Unable to send message (not connected to UPM process).
[Package Manager] Cannot connect to Unity Package Manager local server
Mono: successfully reloaded assembly
- Finished resetting the current domain, in  1.047 seconds
Domain Reload Profiling: 1476ms
	BeginReloadAssembly (144ms)
		ExecutionOrderSort (0ms)
		DisableScriptedObjects (10ms)
		BackupInstance (0ms)
		ReleaseScriptingObjects (0ms)
		CreateAndSetChildDomain (32ms)
	RebuildCommonClasses (26ms)
	RebuildNativeTypeToScriptingClass (8ms)
	initialDomainReloadingComplete (30ms)
	LoadAllAssembliesAndSetupDomain (219ms)
		LoadAssemblies (281ms)
		RebuildTransferFunctionScriptingTraits (0ms)
		AnalyzeDomain (11ms)
			TypeCache.Refresh (5ms)
				TypeCache.ScanAssembly (0ms)
			ScanForSourceGeneratedMonoScriptInfo (0ms)
			ResolveRequiredComponents (5ms)
	FinalizeReload (1048ms)
		ReleaseScriptCaches (0ms)
		RebuildScriptCaches (0ms)
		SetupLoadedEditorAssemblies (411ms)
			LogAssemblyErrors (0ms)
			InitializePlatformSupportModulesInManaged (9ms)
			SetLoadedEditorAssemblies (3ms)
			RefreshPlugins (0ms)
			BeforeProcessingInitializeOnLoad (80ms)
			ProcessInitializeOnLoadAttributes (282ms)
			ProcessInitializeOnLoadMethodAttributes (27ms)
			AfterProcessingInitializeOnLoad (10ms)
			EditorAssembliesLoaded (0ms)
		ExecutionOrderSort2 (0ms)
		AwakeInstancesAfterBackupRestoration (19ms)
Refreshing native plugins compatible for Editor in 6.63 ms, found 4 plugins.
Preloading 0 native plugins for Editor in 0.00 ms.
Unloading 4023 Unused Serialized files (Serialized files now loaded: 0)
Unloading 40 unused Assets / (171.2 KB). Loaded Objects now: 4523.
Memory consumption went from 141.0 MB to 140.9 MB.
Total: 4.148600 ms (FindLiveObjects: 0.482900 ms CreateObjectMapping: 0.164800 ms MarkObjects: 3.273400 ms  DeleteObjects: 0.225900 ms)

Prepare: number of updated asset objects reloaded= 0
AssetImportParameters requested are different than current active one (requested -> active):
  custom:container-demuxer-ogg: 62fdf1f143b41e24485cea50d1cbac27 -> 
  custom:video-codec-MediaFoundation-h265: 746d11721c4dcdbdad8f713fa42b33f4 -> 
  custom:video-decoder-ogg-theora: a1e56fd34408186e4bbccfd4996cb3dc -> 
  custom:framework-win-MediaFoundation: 216162199b28c13a410421893ffa2e32 -> 
  custom:CustomObjectIndexerAttribute: 756ad292c208cfabdd7b50bc23989ffe -> 
  custom:container-demuxer-webm: 4f35f7cbe854078d1ac9338744f61a02 -> 
  custom:container-muxer-webm: aa71ff27fc2769a1b78a27578f13a17b -> 
  custom:video-decoder-webm-vp8: 9c59270c3fd7afecdb556c50c9e8de78 -> 
  custom:SearchIndexIgnoredProperties: e643bd26f0fe6173181afceb89e7c659 -> 
  custom:AudioImporter_EditorPlatform: d09bf68614088b80899f8185d706f6e7 -> 
  custom:video-encoder-webm-vp8: eb34c28f22e8b96e1ab97ce403110664 -> 
  custom:audio-decoder-ogg-vorbis: bf7c407c2cedff20999df2af8eb42d56 -> 
  custom:audio-encoder-webm-vorbis: bf7c407c2cedff20999df2af8eb42d56 -> 
