Unity Editor version:    2022.3.8f1 (b5eafc012955)
Branch:                  2022.3/staging
Build type:              Release
Batch mode:              YES
macOS version:           Version 14.0 (Build 23A344)
Darwin version:          23.0.0
Architecture:            x86_64
Running under Rosetta:   YES
Available memory:        16384 MB
Using pre-set license
Pro License: YES

COMMAND LINE ARGUMENTS:
/Applications/Unity/Hub/Editor/2022.3.8f1/Unity.app/Contents/MacOS/Unity
-adb2
-batchMode
-noUpm
-name
AssetImportWorker0
-projectPath
/Users/roosamozoomdar/newProject/Dark-Revenge
-logFile
Logs/AssetImportWorker0.log
-srvPort
64699
Successfully changed project path to: /Users/roosamozoomdar/newProject/Dark-Revenge
/Users/roosamozoomdar/newProject/Dark-Revenge
[UnityMemory] Configuration Parameters - Can be set up in boot.config
    "memorysetup-bucket-allocator-granularity=16"
    "memorysetup-bucket-allocator-bucket-count=8"
    "memorysetup-bucket-allocator-block-size=33554432"
    "memorysetup-bucket-allocator-block-count=8"
    "memorysetup-main-allocator-block-size=16777216"
    "memorysetup-thread-allocator-block-size=16777216"
    "memorysetup-gfx-main-allocator-block-size=16777216"
    "memorysetup-gfx-thread-allocator-block-size=16777216"
    "memorysetup-cache-allocator-block-size=4194304"
    "memorysetup-typetree-allocator-block-size=2097152"
    "memorysetup-profiler-bucket-allocator-granularity=16"
    "memorysetup-profiler-bucket-allocator-bucket-count=8"
    "memorysetup-profiler-bucket-allocator-block-size=33554432"
    "memorysetup-profiler-bucket-allocator-block-count=8"
    "memorysetup-profiler-allocator-block-size=16777216"
    "memorysetup-profiler-editor-allocator-block-size=1048576"
    "memorysetup-temp-allocator-size-main=16777216"
    "memorysetup-job-temp-allocator-block-size=2097152"
    "memorysetup-job-temp-allocator-block-size-background=1048576"
    "memorysetup-job-temp-allocator-reduction-small-platforms=262144"
    "memorysetup-allocator-temp-initial-block-size-main=262144"
    "memorysetup-allocator-temp-initial-block-size-worker=262144"
    "memorysetup-temp-allocator-size-background-worker=32768"
    "memorysetup-temp-allocator-size-job-worker=262144"
    "memorysetup-temp-allocator-size-preload-manager=33554432"
    "memorysetup-temp-allocator-size-nav-mesh-worker=65536"
    "memorysetup-temp-allocator-size-audio-worker=65536"
    "memorysetup-temp-allocator-size-cloud-worker=32768"
    "memorysetup-temp-allocator-size-gi-baking-worker=262144"
    "memorysetup-temp-allocator-size-gfx=262144"
Player connection [8710517312] Host "[IP] 0.0.0.0 [Port] 0 [Flags] 2 [Guid] 1283540515 [EditorId] 1283540515 [Version] 1048832 [Id] OSXEditor(0,Roosas-MacBook-Pro.local) [Debug] 1 [PackageName] OSXEditor [ProjectName] Editor" joined multi-casting on [225.0.0.222:54997]...

Player connection [8710517312] Host "[IP] 0.0.0.0 [Port] 0 [Flags] 2 [Guid] 1283540515 [EditorId] 1283540515 [Version] 1048832 [Id] OSXEditor(0,Roosas-MacBook-Pro.local) [Debug] 1 [PackageName] OSXEditor [ProjectName] Editor" joined alternative multi-casting on [225.0.0.222:34997]...

[Physics::Module] Initialized MultithreadedJobDispatcher with 9 workers.
Refreshing native plugins compatible for Editor in 17.85 ms, found 3 plugins.
Preloading 0 native plugins for Editor in 0.00 ms.
Initialize engine version: 2022.3.8f1 (b5eafc012955)
[Subsystems] Discovering subsystems at path /Applications/Unity/Hub/Editor/2022.3.8f1/Unity.app/Contents/Resources/UnitySubsystems
[Subsystems] Discovering subsystems at path /Users/roosamozoomdar/newProject/Dark-Revenge/Assets
GfxDevice: creating device client; threaded=0; jobified=0
 preferred device: Apple M2 Pro (high power)
Metal devices available: 1
0: Apple M2 Pro (high power)
Using device Apple M2 Pro (high power)
Initializing Metal device caps: Apple M2 Pro
Initialize mono
Mono path[0] = '/Applications/Unity/Hub/Editor/2022.3.8f1/Unity.app/Contents/Managed'
Mono path[1] = '/Applications/Unity/Hub/Editor/2022.3.8f1/Unity.app/Contents/MonoBleedingEdge/lib/mono/unityjit-macos'
Mono config path = '/Applications/Unity/Hub/Editor/2022.3.8f1/Unity.app/Contents/MonoBleedingEdge/etc'
Using monoOptions --debugger-agent=transport=dt_socket,embedding=1,server=y,suspend=n,address=127.0.0.1:56461
Begin MonoManager ReloadAssembly
Registering precompiled unity dll's ...
Register platform support module: /Applications/Unity/Hub/Editor/2022.3.8f1/Unity.app/Contents/PlaybackEngines/MacStandaloneSupport/UnityEditor.OSXStandalone.Extensions.dll
Registered in 0.002433 seconds.
- Loaded All Assemblies, in  0.751 seconds
Native extension for OSXStandalone target not found
Mono: successfully reloaded assembly
- Finished resetting the current domain, in  1.700 seconds
Domain Reload Profiling: 2454ms
	BeginReloadAssembly (310ms)
		ExecutionOrderSort (0ms)
		DisableScriptedObjects (0ms)
		BackupInstance (0ms)
		ReleaseScriptingObjects (0ms)
		CreateAndSetChildDomain (4ms)
	RebuildCommonClasses (46ms)
	RebuildNativeTypeToScriptingClass (15ms)
	initialDomainReloadingComplete (199ms)
	LoadAllAssembliesAndSetupDomain (180ms)
		LoadAssemblies (307ms)
		RebuildTransferFunctionScriptingTraits (0ms)
		AnalyzeDomain (173ms)
			TypeCache.Refresh (166ms)
				TypeCache.ScanAssembly (147ms)
			ScanForSourceGeneratedMonoScriptInfo (0ms)
			ResolveRequiredComponents (5ms)
	FinalizeReload (1704ms)
		ReleaseScriptCaches (0ms)
		RebuildScriptCaches (0ms)
		SetupLoadedEditorAssemblies (1369ms)
			LogAssemblyErrors (0ms)
			InitializePlatformSupportModulesInManaged (37ms)
			SetLoadedEditorAssemblies (26ms)
			RefreshPlugins (0ms)
			BeforeProcessingInitializeOnLoad (10ms)
			ProcessInitializeOnLoadAttributes (663ms)
			ProcessInitializeOnLoadMethodAttributes (632ms)
			AfterProcessingInitializeOnLoad (0ms)
			EditorAssembliesLoaded (1ms)
		ExecutionOrderSort2 (0ms)
		AwakeInstancesAfterBackupRestoration (0ms)
========================================================================
Worker process is ready to serve import requests
Begin MonoManager ReloadAssembly
- Loaded All Assemblies, in  2.256 seconds
Refreshing native plugins compatible for Editor in 1.49 ms, found 3 plugins.
Native extension for OSXStandalone target not found
Package Manager log level set to [2]
[Package Manager] Server::EnsureServerProcessIsRunning -- launch failed, reason: Unity was launched with the -noUpm command-line argument
[Package Manager] UpmClient::Send -- Unable to send message (not connected to UPM process).
[Package Manager] Cannot connect to Unity Package Manager local server
Mono: successfully reloaded assembly
- Finished resetting the current domain, in  9.786 seconds
Domain Reload Profiling: 12046ms
	BeginReloadAssembly (454ms)
		ExecutionOrderSort (0ms)
		DisableScriptedObjects (55ms)
		BackupInstance (0ms)
		ReleaseScriptingObjects (0ms)
		CreateAndSetChildDomain (42ms)
	RebuildCommonClasses (44ms)
	RebuildNativeTypeToScriptingClass (13ms)
	initialDomainReloadingComplete (256ms)
	LoadAllAssembliesAndSetupDomain (1487ms)
		LoadAssemblies (1246ms)
		RebuildTransferFunctionScriptingTraits (0ms)
		AnalyzeDomain (450ms)
			TypeCache.Refresh (179ms)
				TypeCache.ScanAssembly (157ms)
			ScanForSourceGeneratedMonoScriptInfo (246ms)
			ResolveRequiredComponents (24ms)
	FinalizeReload (9792ms)
		ReleaseScriptCaches (0ms)
		RebuildScriptCaches (0ms)
		SetupLoadedEditorAssemblies (7915ms)
			LogAssemblyErrors (0ms)
			InitializePlatformSupportModulesInManaged (90ms)
			SetLoadedEditorAssemblies (35ms)
			RefreshPlugins (0ms)
			BeforeProcessingInitializeOnLoad (636ms)
			ProcessInitializeOnLoadAttributes (6279ms)
			ProcessInitializeOnLoadMethodAttributes (870ms)
			AfterProcessingInitializeOnLoad (1ms)
			EditorAssembliesLoaded (4ms)
		ExecutionOrderSort2 (0ms)
		AwakeInstancesAfterBackupRestoration (72ms)
Launching external process: /Applications/Unity/Hub/Editor/2022.3.8f1/Unity.app/Contents/Tools/UnityShaderCompiler
Launched and connected shader compiler UnityShaderCompiler after 0.61 seconds
Refreshing native plugins compatible for Editor in 7.22 ms, found 3 plugins.
Preloading 0 native plugins for Editor in 0.00 ms.
Unloading 4038 Unused Serialized files (Serialized files now loaded: 0)
Unloading 63 unused Assets / (55.2 KB). Loaded Objects now: 4500.
Memory consumption went from 145.1 MB to 145.1 MB.
Total: 77.645584 ms (FindLiveObjects: 0.458333 ms CreateObjectMapping: 0.115167 ms MarkObjects: 76.859417 ms  DeleteObjects: 0.209667 ms)

AssetImportParameters requested are different than current active one (requested -> active):
  custom:container-demuxer-ogg: 62fdf1f143b41e24485cea50d1cbac27 -> 
  custom:video-decoder-ogg-theora: a1e56fd34408186e4bbccfd4996cb3dc -> 
  custom:CustomObjectIndexerAttribute: 756ad292c208cfabdd7b50bc23989ffe -> 
  custom:container-demuxer-webm: 4f35f7cbe854078d1ac9338744f61a02 -> 
  custom:container-muxer-webm: aa71ff27fc2769a1b78a27578f13a17b -> 
  custom:video-decoder-webm-vp8: 9c59270c3fd7afecdb556c50c9e8de78 -> 
  custom:SearchIndexIgnoredProperties: e643bd26f0fe6173181afceb89e7c659 -> 
  custom:AudioImporter_EditorPlatform: 3918e3fc78b5a79bad01e8451be0beb8 -> 
  custom:framework-osx-AVFoundation: e770b220cccbd017edd2c1fefb359320 -> 
  custom:video-encoder-webm-vp8: eb34c28f22e8b96e1ab97ce403110664 -> 
  custom:audio-decoder-ogg-vorbis: bf7c407c2cedff20999df2af8eb42d56 -> 
  custom:audio-encoder-webm-vorbis: bf7c407c2cedff20999df2af8eb42d56 -> 
========================================================================
Received Import Request.
  Time since last request: 165989.370975 seconds.
  path: Assets/Scenes/GameScene.unity
  artifactKey: Guid(2cda990e2423bbf4892e6590ba056729) Importer(815301076,1909f56bfc062723c751e8b465ee728b)
Start importing Assets/Scenes/GameScene.unity using Guid(2cda990e2423bbf4892e6590ba056729) Importer(815301076,1909f56bfc062723c751e8b465ee728b)  -> (artifact id: 'af9f81ef82d2dd8012687f12a80f7ec1') in 0.020570 seconds
Number of updated asset objects reloaded before import = 0
Number of asset objects unloaded after import = 0
========================================================================
Received Import Request.
  Time since last request: 108.598024 seconds.
  path: Assets/Cat
  artifactKey: Guid(a510e18d661b89543bc0fa9d7239a4ab) Importer(815301076,1909f56bfc062723c751e8b465ee728b)
Start importing Assets/Cat using Guid(a510e18d661b89543bc0fa9d7239a4ab) Importer(815301076,1909f56bfc062723c751e8b465ee728b)  -> (artifact id: '1f64df5ecb5c0f3aec16dd9bbc550f01') in 0.006982 seconds
Number of updated asset objects reloaded before import = 0
Number of asset objects unloaded after import = 0
========================================================================
Received Import Request.
  Time since last request: 1.902361 seconds.
  path: Assets/Cat/Sprites
  artifactKey: Guid(283af690603add64e9950701b51dd52b) Importer(815301076,1909f56bfc062723c751e8b465ee728b)
Start importing Assets/Cat/Sprites using Guid(283af690603add64e9950701b51dd52b) Importer(815301076,1909f56bfc062723c751e8b465ee728b)  -> (artifact id: 'f84dd46f7932cba5316e0b2786a8e7fc') in 0.000687 seconds
Number of updated asset objects reloaded before import = 0
Number of asset objects unloaded after import = 0
========================================================================
Received Import Request.
  Time since last request: 1.713437 seconds.
  path: Assets/Cat/Sprites/Cat-1
  artifactKey: Guid(632db0ca588be8243b5f9f0b393cb15b) Importer(815301076,1909f56bfc062723c751e8b465ee728b)
Start importing Assets/Cat/Sprites/Cat-1 using Guid(632db0ca588be8243b5f9f0b393cb15b) Importer(815301076,1909f56bfc062723c751e8b465ee728b)  -> (artifact id: '13eb2319a526082da02791104fcec940') in 0.000415 seconds
Number of updated asset objects reloaded before import = 0
Number of asset objects unloaded after import = 0
========================================================================
Received Import Request.
  Time since last request: 0.173352 seconds.
  path: Assets/Cat/Sprites/Cat-1/Cat-1-Idle.png
  artifactKey: Guid(43bfa2b184972d548a99ff0ee9ab7a9f) Importer(815301076,1909f56bfc062723c751e8b465ee728b)
Start importing Assets/Cat/Sprites/Cat-1/Cat-1-Idle.png using Guid(43bfa2b184972d548a99ff0ee9ab7a9f) Importer(815301076,1909f56bfc062723c751e8b465ee728b)  -> (artifact id: '3448883aa7f7131df7469ffdcc6ede91') in 0.420798 seconds
Number of updated asset objects reloaded before import = 0
Number of asset objects unloaded after import = 12
========================================================================
Received Import Request.
  Time since last request: 0.059757 seconds.
  path: Assets/Cat/Sprites/Cat-1/Cat-1-Laying.png
  artifactKey: Guid(8cf1ba603b4568043b88c79f5f508f63) Importer(815301076,1909f56bfc062723c751e8b465ee728b)
Start importing Assets/Cat/Sprites/Cat-1/Cat-1-Laying.png using Guid(8cf1ba603b4568043b88c79f5f508f63) Importer(815301076,1909f56bfc062723c751e8b465ee728b)  -> (artifact id: '5c3efe10ba6899013d16baf4f8b734ec') in 0.030695 seconds
Number of updated asset objects reloaded before import = 0
Number of asset objects unloaded after import = 10
========================================================================
Received Import Request.
  Time since last request: 0.029857 seconds.
  path: Assets/Cat/Sprites/Cat-1/Cat-1-Sleeping1.png
  artifactKey: Guid(f19e90b91234c9140844af2c361b9335) Importer(815301076,1909f56bfc062723c751e8b465ee728b)
Start importing Assets/Cat/Sprites/Cat-1/Cat-1-Sleeping1.png using Guid(f19e90b91234c9140844af2c361b9335) Importer(815301076,1909f56bfc062723c751e8b465ee728b)  -> (artifact id: '9fee0d132dc27d4def2cc8e0edcb8886') in 0.008273 seconds
Number of updated asset objects reloaded before import = 0
Number of asset objects unloaded after import = 3
========================================================================
Received Import Request.
  Time since last request: 0.035102 seconds.
  path: Assets/Cat/Sprites/Cat-1/Cat-1-Licking 1.png
  artifactKey: Guid(0ba83ae3e39fa1e418bf74f5e82b1f5d) Importer(815301076,1909f56bfc062723c751e8b465ee728b)
Start importing Assets/Cat/Sprites/Cat-1/Cat-1-Licking 1.png using Guid(0ba83ae3e39fa1e418bf74f5e82b1f5d) Importer(815301076,1909f56bfc062723c751e8b465ee728b)  -> (artifact id: '8e43003c827afeee76b6d80508803dc9') in 0.023570 seconds
Number of updated asset objects reloaded before import = 0
Number of asset objects unloaded after import = 7
========================================================================
Received Import Request.
  Time since last request: 0.061104 seconds.
  path: Assets/Cat/Sprites/Cat-1/Cat-1-Walk.png
  artifactKey: Guid(575eda94bad32984fa4935919f2c1b1b) Importer(815301076,1909f56bfc062723c751e8b465ee728b)
Start importing Assets/Cat/Sprites/Cat-1/Cat-1-Walk.png using Guid(575eda94bad32984fa4935919f2c1b1b) Importer(815301076,1909f56bfc062723c751e8b465ee728b)  -> (artifact id: 'a2f8b144e5d79c6323712c9ad1440c50') in 0.025716 seconds
Number of updated asset objects reloaded before import = 0
Number of asset objects unloaded after import = 10
========================================================================
Received Import Request.
  Time since last request: 0.010569 seconds.
  path: Assets/Cat/Sprites/Cat-1/Cat-1-Run.png
  artifactKey: Guid(2ad3cc18f9a18b048a10527d2aa6ae46) Importer(815301076,1909f56bfc062723c751e8b465ee728b)
Start importing Assets/Cat/Sprites/Cat-1/Cat-1-Run.png using Guid(2ad3cc18f9a18b048a10527d2aa6ae46) Importer(815301076,1909f56bfc062723c751e8b465ee728b)  -> (artifact id: '78af27b85e525a308b82bc35b1d2f8d6') in 0.029584 seconds
Number of updated asset objects reloaded before import = 0
Number of asset objects unloaded after import = 10
========================================================================
Received Import Request.
  Time since last request: 17.162922 seconds.
  path: Assets/Cat/Sprites/Cat-6/Cat-6-Itch.png
  artifactKey: Guid(cbdbe726a1defa24086985fdb3828285) Importer(815301076,1909f56bfc062723c751e8b465ee728b)
Start importing Assets/Cat/Sprites/Cat-6/Cat-6-Itch.png using Guid(cbdbe726a1defa24086985fdb3828285) Importer(815301076,1909f56bfc062723c751e8b465ee728b)  -> (artifact id: '65a83140128f674a27f523f2165efa60') in 0.036003 seconds
Number of updated asset objects reloaded before import = 0
Number of asset objects unloaded after import = 4
========================================================================
Received Import Request.
  Time since last request: 0.000246 seconds.
  path: Assets/Cat/Sprites/Cat-6/Cat-6-Walk.png
  artifactKey: Guid(49e7895c68a00054d85207e49bcc9b87) Importer(815301076,1909f56bfc062723c751e8b465ee728b)
Start importing Assets/Cat/Sprites/Cat-6/Cat-6-Walk.png using Guid(49e7895c68a00054d85207e49bcc9b87) Importer(815301076,1909f56bfc062723c751e8b465ee728b)  -> (artifact id: 'b2bd9ab20cca48aafeb69d954f3c9803') in 0.026275 seconds
Number of updated asset objects reloaded before import = 0
Number of asset objects unloaded after import = 10
========================================================================
Received Import Request.
  Time since last request: 0.000345 seconds.
  path: Assets/Cat/Sprites/Cat-6/Cat-6-Meow.png
  artifactKey: Guid(3ae5402f1d2f68c41bd1b7fd3f76fbf8) Importer(815301076,1909f56bfc062723c751e8b465ee728b)
Start importing Assets/Cat/Sprites/Cat-6/Cat-6-Meow.png using Guid(3ae5402f1d2f68c41bd1b7fd3f76fbf8) Importer(815301076,1909f56bfc062723c751e8b465ee728b)  -> (artifact id: '357e655a848634e068d419149322b8ab') in 0.015199 seconds
Number of updated asset objects reloaded before import = 0
Number of asset objects unloaded after import = 6
========================================================================
Received Import Request.
  Time since last request: 0.000324 seconds.
  path: Assets/Cat/Sprites/Cat-6/Cat-6-Stretching.png
  artifactKey: Guid(8b84f3e518e740f4ebe2f2fae095802c) Importer(815301076,1909f56bfc062723c751e8b465ee728b)
Start importing Assets/Cat/Sprites/Cat-6/Cat-6-Stretching.png using Guid(8b84f3e518e740f4ebe2f2fae095802c) Importer(815301076,1909f56bfc062723c751e8b465ee728b)  -> (artifact id: '0608e8aeb77f8e3e6144f004b927f181') in 0.033281 seconds
Number of updated asset objects reloaded before import = 0
Number of asset objects unloaded after import = 15
Editor requested this worker to shutdown with reason: Scaling down because of idle timeout
TcpMessagingSession - receive error: operation aborted. errorcode: 89, details: Operation aborted.
AssetImportWorker is now disconnected from the server
Process exiting
