Using pre-set license
Built from '2022.3/staging' branch; Version is '2022.3.8f1 (b5eafc012955) revision 11922172'; Using compiler version '192829333'; Build Type 'Release'
OS: 'Windows 11  (10.0.22621) 64bit CoreCountrySpecific' Language: 'zh' Physical Memory: 64780 MB
BatchMode: 1, IsHumanControllingUs: 0, StartBugReporterOnCrash: 0, Is64bit: 1, IsPro: 1

COMMAND LINE ARGUMENTS:
C:\Program Files\Unity\Hub\Editor\2022.3.8f1\Editor\Unity.exe
-adb2
-batchMode
-noUpm
-name
AssetImportWorker9
-projectPath
C:/Users/rinny/Dark Revenge
-logFile
Logs/AssetImportWorker9.log
-srvPort
58298
Successfully changed project path to: C:/Users/rinny/Dark Revenge
C:/Users/rinny/Dark Revenge
[UnityMemory] Configuration Parameters - Can be set up in boot.config
    "memorysetup-bucket-allocator-granularity=16"
    "memorysetup-bucket-allocator-bucket-count=8"
    "memorysetup-bucket-allocator-block-size=33554432"
    "memorysetup-bucket-allocator-block-count=8"
    "memorysetup-main-allocator-block-size=16777216"
    "memorysetup-thread-allocator-block-size=16777216"
    "memorysetup-gfx-main-allocator-block-size=16777216"
    "memorysetup-gfx-thread-allocator-block-size=16777216"
    "memorysetup-cache-allocator-block-size=4194304"
    "memorysetup-typetree-allocator-block-size=2097152"
    "memorysetup-profiler-bucket-allocator-granularity=16"
    "memorysetup-profiler-bucket-allocator-bucket-count=8"
    "memorysetup-profiler-bucket-allocator-block-size=33554432"
    "memorysetup-profiler-bucket-allocator-block-count=8"
    "memorysetup-profiler-allocator-block-size=16777216"
    "memorysetup-profiler-editor-allocator-block-size=1048576"
    "memorysetup-temp-allocator-size-main=16777216"
    "memorysetup-job-temp-allocator-block-size=2097152"
    "memorysetup-job-temp-allocator-block-size-background=1048576"
    "memorysetup-job-temp-allocator-reduction-small-platforms=262144"
    "memorysetup-allocator-temp-initial-block-size-main=262144"
    "memorysetup-allocator-temp-initial-block-size-worker=262144"
    "memorysetup-temp-allocator-size-background-worker=32768"
    "memorysetup-temp-allocator-size-job-worker=262144"
    "memorysetup-temp-allocator-size-preload-manager=33554432"
    "memorysetup-temp-allocator-size-nav-mesh-worker=65536"
    "memorysetup-temp-allocator-size-audio-worker=65536"
    "memorysetup-temp-allocator-size-cloud-worker=32768"
    "memorysetup-temp-allocator-size-gi-baking-worker=262144"
    "memorysetup-temp-allocator-size-gfx=262144"
Player connection [38384] Host "[IP] 192.168.1.4 [Port] 0 [Flags] 2 [Guid] 2588853975 [EditorId] 2588853975 [Version] 1048832 [Id] WindowsEditor(7,NuclearComputer) [Debug] 1 [PackageName] WindowsEditor [ProjectName] Editor" joined multi-casting on [225.0.0.222:54997]...

Player connection [38384] Host "[IP] 192.168.1.4 [Port] 0 [Flags] 2 [Guid] 2588853975 [EditorId] 2588853975 [Version] 1048832 [Id] WindowsEditor(7,NuclearComputer) [Debug] 1 [PackageName] WindowsEditor [ProjectName] Editor" joined alternative multi-casting on [225.0.0.222:34997]...

[Physics::Module] Initialized MultithreadedJobDispatcher with 15 workers.
Refreshing native plugins compatible for Editor in 14.25 ms, found 4 plugins.
Preloading 0 native plugins for Editor in 0.00 ms.
Initialize engine version: 2022.3.8f1 (b5eafc012955)
[Subsystems] Discovering subsystems at path C:/Program Files/Unity/Hub/Editor/2022.3.8f1/Editor/Data/Resources/UnitySubsystems
[Subsystems] Discovering subsystems at path C:/Users/rinny/Dark Revenge/Assets
GfxDevice: creating device client; threaded=0; jobified=0
Direct3D:
    Version:  Direct3D 11.0 [level 11.1]
    Renderer: NVIDIA GeForce RTX 3070 Ti Laptop GPU (ID=0x24a0)
    Vendor:   NVIDIA
    VRAM:     8032 MB
    Driver:   31.0.15.2849
Initialize mono
Mono path[0] = 'C:/Program Files/Unity/Hub/Editor/2022.3.8f1/Editor/Data/Managed'
Mono path[1] = 'C:/Program Files/Unity/Hub/Editor/2022.3.8f1/Editor/Data/MonoBleedingEdge/lib/mono/unityjit-win32'
Mono config path = 'C:/Program Files/Unity/Hub/Editor/2022.3.8f1/Editor/Data/MonoBleedingEdge/etc'
Using monoOptions --debugger-agent=transport=dt_socket,embedding=1,server=y,suspend=n,address=127.0.0.1:56096
Begin MonoManager ReloadAssembly
Registering precompiled unity dll's ...
Register platform support module: C:/Program Files/Unity/Hub/Editor/2022.3.8f1/Editor/Data/PlaybackEngines/WebGLSupport/UnityEditor.WebGL.Extensions.dll
Register platform support module: C:/Program Files/Unity/Hub/Editor/2022.3.8f1/Editor/Data/PlaybackEngines/WindowsStandaloneSupport/UnityEditor.WindowsStandalone.Extensions.dll
Registered in 0.010626 seconds.
- Loaded All Assemblies, in  0.306 seconds
Native extension for WindowsStandalone target not found
Native extension for WebGL target not found
Mono: successfully reloaded assembly
- Finished resetting the current domain, in  0.248 seconds
Domain Reload Profiling: 551ms
	BeginReloadAssembly (96ms)
		ExecutionOrderSort (0ms)
		DisableScriptedObjects (0ms)
		BackupInstance (0ms)
		ReleaseScriptingObjects (0ms)
		CreateAndSetChildDomain (1ms)
	RebuildCommonClasses (29ms)
	RebuildNativeTypeToScriptingClass (8ms)
	initialDomainReloadingComplete (55ms)
	LoadAllAssembliesAndSetupDomain (115ms)
		LoadAssemblies (93ms)
		RebuildTransferFunctionScriptingTraits (0ms)
		AnalyzeDomain (113ms)
			TypeCache.Refresh (111ms)
				TypeCache.ScanAssembly (101ms)
			ScanForSourceGeneratedMonoScriptInfo (0ms)
			ResolveRequiredComponents (0ms)
	FinalizeReload (248ms)
		ReleaseScriptCaches (0ms)
		RebuildScriptCaches (0ms)
		SetupLoadedEditorAssemblies (199ms)
			LogAssemblyErrors (0ms)
			InitializePlatformSupportModulesInManaged (10ms)
			SetLoadedEditorAssemblies (5ms)
			RefreshPlugins (0ms)
			BeforeProcessingInitializeOnLoad (2ms)
			ProcessInitializeOnLoadAttributes (126ms)
			ProcessInitializeOnLoadMethodAttributes (57ms)
			AfterProcessingInitializeOnLoad (0ms)
			EditorAssembliesLoaded (0ms)
		ExecutionOrderSort2 (0ms)
		AwakeInstancesAfterBackupRestoration (0ms)
========================================================================
Worker process is ready to serve import requests
Begin MonoManager ReloadAssembly
- Loaded All Assemblies, in  0.576 seconds
Refreshing native plugins compatible for Editor in 5.53 ms, found 4 plugins.
Native extension for WindowsStandalone target not found
Native extension for WebGL target not found
Package Manager log level set to [2]
[Package Manager] Server::EnsureServerProcessIsRunning -- launch failed, reason: Unity was launched with the -noUpm command-line argument
[Package Manager] UpmClient::Send -- Unable to send message (not connected to UPM process).
[Package Manager] Cannot connect to Unity Package Manager local server
Mono: successfully reloaded assembly
- Finished resetting the current domain, in  0.534 seconds
Domain Reload Profiling: 1105ms
	BeginReloadAssembly (131ms)
		ExecutionOrderSort (0ms)
		DisableScriptedObjects (5ms)
		BackupInstance (0ms)
		ReleaseScriptingObjects (0ms)
		CreateAndSetChildDomain (22ms)
	RebuildCommonClasses (27ms)
	RebuildNativeTypeToScriptingClass (8ms)
	initialDomainReloadingComplete (42ms)
	LoadAllAssembliesAndSetupDomain (362ms)
		LoadAssemblies (285ms)
		RebuildTransferFunctionScriptingTraits (0ms)
		AnalyzeDomain (151ms)
			TypeCache.Refresh (125ms)
				TypeCache.ScanAssembly (112ms)
			ScanForSourceGeneratedMonoScriptInfo (20ms)
			ResolveRequiredComponents (4ms)
	FinalizeReload (535ms)
		ReleaseScriptCaches (0ms)
		RebuildScriptCaches (0ms)
		SetupLoadedEditorAssemblies (398ms)
			LogAssemblyErrors (0ms)
			InitializePlatformSupportModulesInManaged (8ms)
			SetLoadedEditorAssemblies (3ms)
			RefreshPlugins (0ms)
			BeforeProcessingInitializeOnLoad (70ms)
			ProcessInitializeOnLoadAttributes (277ms)
			ProcessInitializeOnLoadMethodAttributes (31ms)
			AfterProcessingInitializeOnLoad (9ms)
			EditorAssembliesLoaded (0ms)
		ExecutionOrderSort2 (0ms)
		AwakeInstancesAfterBackupRestoration (10ms)
Launched and connected shader compiler UnityShaderCompiler.exe after 0.07 seconds
Refreshing native plugins compatible for Editor in 5.35 ms, found 4 plugins.
Preloading 0 native plugins for Editor in 0.00 ms.
Unloading 4019 Unused Serialized files (Serialized files now loaded: 0)
Unloading 68 unused Assets / (198.6 KB). Loaded Objects now: 4479.
Memory consumption went from 137.1 MB to 136.9 MB.
Total: 4.349100 ms (FindLiveObjects: 0.334600 ms CreateObjectMapping: 0.198400 ms MarkObjects: 3.616300 ms  DeleteObjects: 0.198300 ms)

AssetImportParameters requested are different than current active one (requested -> active):
  custom:container-demuxer-ogg: 62fdf1f143b41e24485cea50d1cbac27 -> 
  custom:video-codec-MediaFoundation-h265: 746d11721c4dcdbdad8f713fa42b33f4 -> 
  custom:video-decoder-ogg-theora: a1e56fd34408186e4bbccfd4996cb3dc -> 
  custom:framework-win-MediaFoundation: 216162199b28c13a410421893ffa2e32 -> 
  custom:CustomObjectIndexerAttribute: 756ad292c208cfabdd7b50bc23989ffe -> 
  custom:container-demuxer-webm: 4f35f7cbe854078d1ac9338744f61a02 -> 
  custom:container-muxer-webm: aa71ff27fc2769a1b78a27578f13a17b -> 
  custom:video-decoder-webm-vp8: 9c59270c3fd7afecdb556c50c9e8de78 -> 
  custom:SearchIndexIgnoredProperties: e643bd26f0fe6173181afceb89e7c659 -> 
  custom:AudioImporter_EditorPlatform: d09bf68614088b80899f8185d706f6e7 -> 
  custom:video-encoder-webm-vp8: eb34c28f22e8b96e1ab97ce403110664 -> 
  custom:audio-decoder-ogg-vorbis: bf7c407c2cedff20999df2af8eb42d56 -> 
  custom:audio-encoder-webm-vorbis: bf7c407c2cedff20999df2af8eb42d56 -> 
========================================================================
Received Import Request.
  Time since last request: 1250715.346732 seconds.
  path: Assets/Pallets/mainlevbuild_40.asset
  artifactKey: Guid(e2c4c491d5be5a949ab00c5a09b32cce) Importer(815301076,1909f56bfc062723c751e8b465ee728b)
Start importing Assets/Pallets/mainlevbuild_40.asset using Guid(e2c4c491d5be5a949ab00c5a09b32cce) Importer(815301076,1909f56bfc062723c751e8b465ee728b)  -> (artifact id: '363f16cf99e986f6023036681e5b1866') in 0.078005 seconds
Number of updated asset objects reloaded before import = 0
Number of asset objects unloaded after import = 3
========================================================================
Received Import Request.
  Time since last request: 0.000024 seconds.
  path: Assets/Pallets/mainlevbuild_66.asset
  artifactKey: Guid(b05dfb1697882384898cc4f7164f6b37) Importer(815301076,1909f56bfc062723c751e8b465ee728b)
Start importing Assets/Pallets/mainlevbuild_66.asset using Guid(b05dfb1697882384898cc4f7164f6b37) Importer(815301076,1909f56bfc062723c751e8b465ee728b)  -> (artifact id: '7dfc2495f8cacd1010fef2651029801f') in 0.007946 seconds
Number of updated asset objects reloaded before import = 0
Number of asset objects unloaded after import = 3
========================================================================
Received Import Request.
  Time since last request: 0.000022 seconds.
  path: Assets/Pallets/mainlevbuild_73.asset
  artifactKey: Guid(0f3c6dd2b44afc74caae7c90087eb9ed) Importer(815301076,1909f56bfc062723c751e8b465ee728b)
Start importing Assets/Pallets/mainlevbuild_73.asset using Guid(0f3c6dd2b44afc74caae7c90087eb9ed) Importer(815301076,1909f56bfc062723c751e8b465ee728b)  -> (artifact id: '176ab14dadd6f11b6eca59709dc95495') in 0.007094 seconds
Number of updated asset objects reloaded before import = 0
Number of asset objects unloaded after import = 3
========================================================================
Received Import Request.
  Time since last request: 0.000014 seconds.
  path: Assets/Pallets/mainlevbuild_72.asset
  artifactKey: Guid(55064c59cde79ba4aa69d5e3646c7b84) Importer(815301076,1909f56bfc062723c751e8b465ee728b)
Start importing Assets/Pallets/mainlevbuild_72.asset using Guid(55064c59cde79ba4aa69d5e3646c7b84) Importer(815301076,1909f56bfc062723c751e8b465ee728b)  -> (artifact id: '6271c119b0bd8301d48b0449b5cd2c3f') in 0.009896 seconds
Number of updated asset objects reloaded before import = 0
Number of asset objects unloaded after import = 3
========================================================================
Received Import Request.
  Time since last request: 0.000013 seconds.
  path: Assets/Pallets/mainlevbuild_55.asset
  artifactKey: Guid(8dd2473146cbace4197b9779cc5b48bf) Importer(815301076,1909f56bfc062723c751e8b465ee728b)
Start importing Assets/Pallets/mainlevbuild_55.asset using Guid(8dd2473146cbace4197b9779cc5b48bf) Importer(815301076,1909f56bfc062723c751e8b465ee728b)  -> (artifact id: '632926b50363f0395e351794e275f4db') in 0.006098 seconds
Number of updated asset objects reloaded before import = 0
Number of asset objects unloaded after import = 3
========================================================================
Received Import Request.
  Time since last request: 0.185793 seconds.
  path: Assets/Pallets/mainlevbuild_79.asset
  artifactKey: Guid(dafc7a56b9ff34d40bb196e2f874bf79) Importer(815301076,1909f56bfc062723c751e8b465ee728b)
Start importing Assets/Pallets/mainlevbuild_79.asset using Guid(dafc7a56b9ff34d40bb196e2f874bf79) Importer(815301076,1909f56bfc062723c751e8b465ee728b)  -> (artifact id: '64d58099121bf3a56fd7c35851f56de4') in 0.008311 seconds
Number of updated asset objects reloaded before import = 0
Number of asset objects unloaded after import = 3
========================================================================
Received Import Request.
  Time since last request: 0.000012 seconds.
  path: Assets/Pallets/mainlevbuild_89.asset
  artifactKey: Guid(e244b1616bee35f4087465fcb2ecd23c) Importer(815301076,1909f56bfc062723c751e8b465ee728b)
Start importing Assets/Pallets/mainlevbuild_89.asset using Guid(e244b1616bee35f4087465fcb2ecd23c) Importer(815301076,1909f56bfc062723c751e8b465ee728b)  -> (artifact id: '356afb9bd496fe081316efc7fa1297dd') in 0.006441 seconds
Number of updated asset objects reloaded before import = 0
Number of asset objects unloaded after import = 3
========================================================================
Received Import Request.
  Time since last request: 0.000018 seconds.
  path: Assets/Pallets/mainlevbuild_84.asset
  artifactKey: Guid(ba6949a280c291c46a954e52d6eaad95) Importer(815301076,1909f56bfc062723c751e8b465ee728b)
Start importing Assets/Pallets/mainlevbuild_84.asset using Guid(ba6949a280c291c46a954e52d6eaad95) Importer(815301076,1909f56bfc062723c751e8b465ee728b)  -> (artifact id: '69d00615a7fcd9760a09010988016122') in 0.006462 seconds
Number of updated asset objects reloaded before import = 0
Number of asset objects unloaded after import = 3
========================================================================
Received Import Request.
  Time since last request: 0.000423 seconds.
  path: Assets/Pallets/mainlevbuild_90.asset
  artifactKey: Guid(8ff43160e51285848a52022d56279873) Importer(815301076,1909f56bfc062723c751e8b465ee728b)
Start importing Assets/Pallets/mainlevbuild_90.asset using Guid(8ff43160e51285848a52022d56279873) Importer(815301076,1909f56bfc062723c751e8b465ee728b)  -> (artifact id: 'a16722a44eeb10038a5b947d92e460fd') in 0.008340 seconds
Number of updated asset objects reloaded before import = 0
Number of asset objects unloaded after import = 3
========================================================================
Received Import Request.
  Time since last request: 0.000019 seconds.
  path: Assets/Pallets/mainlevbuild_100.asset
  artifactKey: Guid(61ee576e4187e5f4dab370fb7b39bd2e) Importer(815301076,1909f56bfc062723c751e8b465ee728b)
Start importing Assets/Pallets/mainlevbuild_100.asset using Guid(61ee576e4187e5f4dab370fb7b39bd2e) Importer(815301076,1909f56bfc062723c751e8b465ee728b)  -> (artifact id: '7dd8d448d328a603c850ac090084bf87') in 0.006798 seconds
Number of updated asset objects reloaded before import = 0
Number of asset objects unloaded after import = 3
========================================================================
Received Import Request.
  Time since last request: 0.000014 seconds.
  path: Assets/Pallets/mainlevbuild_96.asset
  artifactKey: Guid(9ec51611456752c4fa8f3d85008cb3da) Importer(815301076,1909f56bfc062723c751e8b465ee728b)
Start importing Assets/Pallets/mainlevbuild_96.asset using Guid(9ec51611456752c4fa8f3d85008cb3da) Importer(815301076,1909f56bfc062723c751e8b465ee728b)  -> (artifact id: '7cab3f32db86bd6aa47df5038cfa7e77') in 0.006804 seconds
Number of updated asset objects reloaded before import = 0
Number of asset objects unloaded after import = 3
========================================================================
Received Import Request.
  Time since last request: 0.000014 seconds.
  path: Assets/Pallets/mainlevbuild_107.asset
  artifactKey: Guid(a99db6a0b927aac48a7284f81e1616a3) Importer(815301076,1909f56bfc062723c751e8b465ee728b)
Start importing Assets/Pallets/mainlevbuild_107.asset using Guid(a99db6a0b927aac48a7284f81e1616a3) Importer(815301076,1909f56bfc062723c751e8b465ee728b)  -> (artifact id: '8938286a7cfa455b8e8e71f7cd43c349') in 0.006136 seconds
Number of updated asset objects reloaded before import = 0
Number of asset objects unloaded after import = 3
========================================================================
Received Import Request.
  Time since last request: 0.000017 seconds.
  path: Assets/Pallets/mainlevbuild_104.asset
  artifactKey: Guid(137eede0dc58e6347a3f71d5765eeb94) Importer(815301076,1909f56bfc062723c751e8b465ee728b)
Start importing Assets/Pallets/mainlevbuild_104.asset using Guid(137eede0dc58e6347a3f71d5765eeb94) Importer(815301076,1909f56bfc062723c751e8b465ee728b)  -> (artifact id: '5e099bca17d23647d5c7f119c41572d3') in 0.005785 seconds
Number of updated asset objects reloaded before import = 0
Number of asset objects unloaded after import = 3
========================================================================
Received Import Request.
  Time since last request: 0.000017 seconds.
  path: Assets/Pallets/mainlevbuild_114.asset
  artifactKey: Guid(f7b83231297370d4aa5d386614d8ce95) Importer(815301076,1909f56bfc062723c751e8b465ee728b)
Start importing Assets/Pallets/mainlevbuild_114.asset using Guid(f7b83231297370d4aa5d386614d8ce95) Importer(815301076,1909f56bfc062723c751e8b465ee728b)  -> (artifact id: 'c428229aadc1ad6de8d0b26479c7b1b0') in 0.008106 seconds
Number of updated asset objects reloaded before import = 0
Number of asset objects unloaded after import = 3
========================================================================
Received Import Request.
  Time since last request: 0.000018 seconds.
  path: Assets/Pallets/mainlevbuild_92.asset
  artifactKey: Guid(fc54ca37070f24c4ea2f30e3411d0982) Importer(815301076,1909f56bfc062723c751e8b465ee728b)
Start importing Assets/Pallets/mainlevbuild_92.asset using Guid(fc54ca37070f24c4ea2f30e3411d0982) Importer(815301076,1909f56bfc062723c751e8b465ee728b)  -> (artifact id: 'a04544467e3843a0e5fb06414608817d') in 0.006190 seconds
Number of updated asset objects reloaded before import = 0
Number of asset objects unloaded after import = 3
========================================================================
Received Import Request.
  Time since last request: 0.208709 seconds.
  path: Assets/Pallets/mainlevbuild_118.asset
  artifactKey: Guid(4cb3e97942846264cb4ea256ec35fb86) Importer(815301076,1909f56bfc062723c751e8b465ee728b)
Start importing Assets/Pallets/mainlevbuild_118.asset using Guid(4cb3e97942846264cb4ea256ec35fb86) Importer(815301076,1909f56bfc062723c751e8b465ee728b)  -> (artifact id: '5d6a04eae390a280921fe82464ce78e9') in 0.010581 seconds
Number of updated asset objects reloaded before import = 0
Number of asset objects unloaded after import = 3
========================================================================
Received Import Request.
  Time since last request: 0.000021 seconds.
  path: Assets/Pallets/mainlevbuild_122.asset
  artifactKey: Guid(5a0371da3271acd4da86986a54325eb2) Importer(815301076,1909f56bfc062723c751e8b465ee728b)
Start importing Assets/Pallets/mainlevbuild_122.asset using Guid(5a0371da3271acd4da86986a54325eb2) Importer(815301076,1909f56bfc062723c751e8b465ee728b)  -> (artifact id: 'ded765e192982864ebf98ef1ea1896fc') in 0.007840 seconds
Number of updated asset objects reloaded before import = 0
Number of asset objects unloaded after import = 3
========================================================================
Received Import Request.
  Time since last request: 0.000012 seconds.
  path: Assets/Pallets/mainlevbuild_128.asset
  artifactKey: Guid(02297a9217b54344abd086ef1a73cc49) Importer(815301076,1909f56bfc062723c751e8b465ee728b)
Start importing Assets/Pallets/mainlevbuild_128.asset using Guid(02297a9217b54344abd086ef1a73cc49) Importer(815301076,1909f56bfc062723c751e8b465ee728b)  -> (artifact id: '7f995ad3aca438401242562125923795') in 0.005681 seconds
Number of updated asset objects reloaded before import = 0
Number of asset objects unloaded after import = 3
========================================================================
Received Import Request.
  Time since last request: 0.010365 seconds.
  path: Assets/Pallets/mainlevbuild_131.asset
  artifactKey: Guid(1caaf319c526ac64587c5c0a7e6a4d34) Importer(815301076,1909f56bfc062723c751e8b465ee728b)
Start importing Assets/Pallets/mainlevbuild_131.asset using Guid(1caaf319c526ac64587c5c0a7e6a4d34) Importer(815301076,1909f56bfc062723c751e8b465ee728b)  -> (artifact id: 'e84d8be35e04d6615ad3eb4fbd7d996c') in 0.009284 seconds
Number of updated asset objects reloaded before import = 0
Number of asset objects unloaded after import = 3
========================================================================
Received Import Request.
  Time since last request: 0.000013 seconds.
  path: Assets/Pallets/mainlevbuild_140.asset
  artifactKey: Guid(b322e316ce5554444800b9ed007d3629) Importer(815301076,1909f56bfc062723c751e8b465ee728b)
Start importing Assets/Pallets/mainlevbuild_140.asset using Guid(b322e316ce5554444800b9ed007d3629) Importer(815301076,1909f56bfc062723c751e8b465ee728b)  -> (artifact id: 'f7d1c6f435fa121ab5704aa624fc3d2d') in 0.005790 seconds
Number of updated asset objects reloaded before import = 0
Number of asset objects unloaded after import = 3
========================================================================
Received Import Request.
  Time since last request: 0.000013 seconds.
  path: Assets/Pallets/mainlevbuild_144.asset
  artifactKey: Guid(e9d46fe4df0d44542aee0e6a127c179e) Importer(815301076,1909f56bfc062723c751e8b465ee728b)
Start importing Assets/Pallets/mainlevbuild_144.asset using Guid(e9d46fe4df0d44542aee0e6a127c179e) Importer(815301076,1909f56bfc062723c751e8b465ee728b)  -> (artifact id: '00c0a726bd4f9a096fe9d6192ac08315') in 0.008973 seconds
Number of updated asset objects reloaded before import = 0
Number of asset objects unloaded after import = 3
========================================================================
Received Import Request.
  Time since last request: 0.000011 seconds.
  path: Assets/Pallets/mainlevbuild_153.asset
  artifactKey: Guid(7f189ecc343429b4689254ffe8fc930d) Importer(815301076,1909f56bfc062723c751e8b465ee728b)
Start importing Assets/Pallets/mainlevbuild_153.asset using Guid(7f189ecc343429b4689254ffe8fc930d) Importer(815301076,1909f56bfc062723c751e8b465ee728b)  -> (artifact id: 'd3d5b4a507ae329c2e52488cf775e416') in 0.006518 seconds
Number of updated asset objects reloaded before import = 0
Number of asset objects unloaded after import = 3
========================================================================
Received Import Request.
  Time since last request: 0.000013 seconds.
  path: Assets/Pallets/mainlevbuild_143.asset
  artifactKey: Guid(6dd74d3a0476817449dc3217f35467ae) Importer(815301076,1909f56bfc062723c751e8b465ee728b)
Start importing Assets/Pallets/mainlevbuild_143.asset using Guid(6dd74d3a0476817449dc3217f35467ae) Importer(815301076,1909f56bfc062723c751e8b465ee728b)  -> (artifact id: '3e5ca2478246bf16e1486d85aa7a9fc0') in 0.006259 seconds
Number of updated asset objects reloaded before import = 0
Number of asset objects unloaded after import = 3
========================================================================
Received Import Request.
  Time since last request: 0.000015 seconds.
  path: Assets/Pallets/mainlevbuild_136.asset
  artifactKey: Guid(c4f13caf0ce84594f998e8eebed67be2) Importer(815301076,1909f56bfc062723c751e8b465ee728b)
Start importing Assets/Pallets/mainlevbuild_136.asset using Guid(c4f13caf0ce84594f998e8eebed67be2) Importer(815301076,1909f56bfc062723c751e8b465ee728b)  -> (artifact id: '5505f8d7dfbda32951c2d11d600ab816') in 0.007875 seconds
Number of updated asset objects reloaded before import = 0
Number of asset objects unloaded after import = 3
========================================================================
Received Import Request.
  Time since last request: 0.000015 seconds.
  path: Assets/Pallets/mainlevbuild_135.asset
  artifactKey: Guid(dfc29cbeb9691ed48910b7c7627dbd42) Importer(815301076,1909f56bfc062723c751e8b465ee728b)
Start importing Assets/Pallets/mainlevbuild_135.asset using Guid(dfc29cbeb9691ed48910b7c7627dbd42) Importer(815301076,1909f56bfc062723c751e8b465ee728b)  -> (artifact id: '533ff9109a005cb337d2c526da3a502f') in 0.007066 seconds
Number of updated asset objects reloaded before import = 0
Number of asset objects unloaded after import = 3
========================================================================
Received Import Request.
  Time since last request: 0.000017 seconds.
  path: Assets/Pallets/mainlevbuild_159.asset
  artifactKey: Guid(ab3c73b004d9bf34a8afe682a74bb1f9) Importer(815301076,1909f56bfc062723c751e8b465ee728b)
Start importing Assets/Pallets/mainlevbuild_159.asset using Guid(ab3c73b004d9bf34a8afe682a74bb1f9) Importer(815301076,1909f56bfc062723c751e8b465ee728b)  -> (artifact id: 'ea7e73221846f1edf0f3d73ccbf69fae') in 0.008980 seconds
Number of updated asset objects reloaded before import = 0
Number of asset objects unloaded after import = 3
========================================================================
Received Import Request.
  Time since last request: 0.000012 seconds.
  path: Assets/Pallets/mainlevbuild_166.asset
  artifactKey: Guid(01879c93c986a694288ed2318eea8137) Importer(815301076,1909f56bfc062723c751e8b465ee728b)
Start importing Assets/Pallets/mainlevbuild_166.asset using Guid(01879c93c986a694288ed2318eea8137) Importer(815301076,1909f56bfc062723c751e8b465ee728b)  -> (artifact id: 'a89ac6a8fe37afc62269771e9b09a5fe') in 0.006422 seconds
Number of updated asset objects reloaded before import = 0
Number of asset objects unloaded after import = 3
========================================================================
Received Import Request.
  Time since last request: 0.000013 seconds.
  path: Assets/Pallets/mainlevbuild_164.asset
  artifactKey: Guid(d936756d8ae68bc4088a7c4f13515fc1) Importer(815301076,1909f56bfc062723c751e8b465ee728b)
Start importing Assets/Pallets/mainlevbuild_164.asset using Guid(d936756d8ae68bc4088a7c4f13515fc1) Importer(815301076,1909f56bfc062723c751e8b465ee728b)  -> (artifact id: 'd7d97ddf6ae07c51b9e2e1e5bdc8585b') in 0.008265 seconds
Number of updated asset objects reloaded before import = 0
Number of asset objects unloaded after import = 3
========================================================================
Received Import Request.
  Time since last request: 0.179896 seconds.
  path: Assets/Pallets/mainlevbuild_170.asset
  artifactKey: Guid(cdb37e3d3517eb64198e09db1aa7eb11) Importer(815301076,1909f56bfc062723c751e8b465ee728b)
Start importing Assets/Pallets/mainlevbuild_170.asset using Guid(cdb37e3d3517eb64198e09db1aa7eb11) Importer(815301076,1909f56bfc062723c751e8b465ee728b)  -> (artifact id: '1fa7d4bd40a9a632d0ecff3fd8767aab') in 0.008093 seconds
Number of updated asset objects reloaded before import = 0
Number of asset objects unloaded after import = 3
========================================================================
Received Import Request.
  Time since last request: 0.000013 seconds.
  path: Assets/Pallets/mainlevbuild_180.asset
  artifactKey: Guid(d3688f009d7d2ae459077e8b6ae48bd3) Importer(815301076,1909f56bfc062723c751e8b465ee728b)
Start importing Assets/Pallets/mainlevbuild_180.asset using Guid(d3688f009d7d2ae459077e8b6ae48bd3) Importer(815301076,1909f56bfc062723c751e8b465ee728b)  -> (artifact id: '2aacfbb6a0aa26f29fbda719cce307b3') in 0.006372 seconds
Number of updated asset objects reloaded before import = 0
Number of asset objects unloaded after import = 3
========================================================================
Received Import Request.
  Time since last request: 0.000017 seconds.
  path: Assets/Pallets/mainlevbuild_178.asset
  artifactKey: Guid(3a0f982091338d34eb9364f998c5afb3) Importer(815301076,1909f56bfc062723c751e8b465ee728b)
Start importing Assets/Pallets/mainlevbuild_178.asset using Guid(3a0f982091338d34eb9364f998c5afb3) Importer(815301076,1909f56bfc062723c751e8b465ee728b)  -> (artifact id: '0baf7f51153287588c71ca28b38ad311') in 0.007145 seconds
Number of updated asset objects reloaded before import = 0
Number of asset objects unloaded after import = 3
========================================================================
Received Import Request.
  Time since last request: 0.000020 seconds.
  path: Assets/Pallets/mainlevbuild_176.asset
  artifactKey: Guid(b0fa67a138a69f04f850629d06f056c8) Importer(815301076,1909f56bfc062723c751e8b465ee728b)
Start importing Assets/Pallets/mainlevbuild_176.asset using Guid(b0fa67a138a69f04f850629d06f056c8) Importer(815301076,1909f56bfc062723c751e8b465ee728b)  -> (artifact id: '161fc7e0226aad5623edcdfa1716daf3') in 0.006604 seconds
Number of updated asset objects reloaded before import = 0
Number of asset objects unloaded after import = 3
========================================================================
Received Import Request.
  Time since last request: 0.000017 seconds.
  path: Assets/Pallets/mainlevbuild_192.asset
  artifactKey: Guid(ce45c5fa0f064cf408c492de645c71c5) Importer(815301076,1909f56bfc062723c751e8b465ee728b)
Start importing Assets/Pallets/mainlevbuild_192.asset using Guid(ce45c5fa0f064cf408c492de645c71c5) Importer(815301076,1909f56bfc062723c751e8b465ee728b)  -> (artifact id: 'b3a4eef6086f52edffbdfe2556515aaa') in 0.008480 seconds
Number of updated asset objects reloaded before import = 0
Number of asset objects unloaded after import = 3
========================================================================
Received Import Request.
  Time since last request: 0.000023 seconds.
  path: Assets/Pallets/mainlevbuild_185.asset
  artifactKey: Guid(ed692508876cf2f4ea43679b365222d2) Importer(815301076,1909f56bfc062723c751e8b465ee728b)
Start importing Assets/Pallets/mainlevbuild_185.asset using Guid(ed692508876cf2f4ea43679b365222d2) Importer(815301076,1909f56bfc062723c751e8b465ee728b)  -> (artifact id: 'f70fcb39878f07191164faa1ea71350c') in 0.007699 seconds
Number of updated asset objects reloaded before import = 0
Number of asset objects unloaded after import = 3
========================================================================
Received Import Request.
  Time since last request: 0.000012 seconds.
  path: Assets/Pallets/mainlevbuild_190.asset
  artifactKey: Guid(23ea4eca73270fb478bba2a84f088d2e) Importer(815301076,1909f56bfc062723c751e8b465ee728b)
Start importing Assets/Pallets/mainlevbuild_190.asset using Guid(23ea4eca73270fb478bba2a84f088d2e) Importer(815301076,1909f56bfc062723c751e8b465ee728b)  -> (artifact id: '0f713c3776ea117a2434e206a4363f3e') in 0.007463 seconds
Number of updated asset objects reloaded before import = 0
Number of asset objects unloaded after import = 3
========================================================================
Received Import Request.
  Time since last request: 0.000016 seconds.
  path: Assets/Pallets/mainlevbuild_216.asset
  artifactKey: Guid(fb1c447aaa032a34f8d6b6bb32e16148) Importer(815301076,1909f56bfc062723c751e8b465ee728b)
Start importing Assets/Pallets/mainlevbuild_216.asset using Guid(fb1c447aaa032a34f8d6b6bb32e16148) Importer(815301076,1909f56bfc062723c751e8b465ee728b)  -> (artifact id: '7208874b8871c24f8f161bb72753714c') in 0.008348 seconds
Number of updated asset objects reloaded before import = 0
Number of asset objects unloaded after import = 3
========================================================================
Received Import Request.
  Time since last request: 0.000012 seconds.
  path: Assets/Pallets/mainlevbuild_206.asset
  artifactKey: Guid(94f9d1ad26343ae4bae157cebac5c5da) Importer(815301076,1909f56bfc062723c751e8b465ee728b)
Start importing Assets/Pallets/mainlevbuild_206.asset using Guid(94f9d1ad26343ae4bae157cebac5c5da) Importer(815301076,1909f56bfc062723c751e8b465ee728b)  -> (artifact id: '8902ab54309cfb041c0a2d029577e3d1') in 0.006603 seconds
Number of updated asset objects reloaded before import = 0
Number of asset objects unloaded after import = 3
========================================================================
Received Import Request.
  Time since last request: 0.000017 seconds.
  path: Assets/Pallets/mainlevbuild_186.asset
  artifactKey: Guid(50aa8be2b5460fe42ab3a7d63a330147) Importer(815301076,1909f56bfc062723c751e8b465ee728b)
Start importing Assets/Pallets/mainlevbuild_186.asset using Guid(50aa8be2b5460fe42ab3a7d63a330147) Importer(815301076,1909f56bfc062723c751e8b465ee728b)  -> (artifact id: '52dfd26bbb56cb9222b8d3603ec18983') in 0.006747 seconds
Number of updated asset objects reloaded before import = 0
Number of asset objects unloaded after import = 3
========================================================================
Received Import Request.
  Time since last request: 0.000013 seconds.
  path: Assets/Pallets/mainlevbuild_199.asset
  artifactKey: Guid(882043ce0af423d4cb483bd17f68e335) Importer(815301076,1909f56bfc062723c751e8b465ee728b)
Start importing Assets/Pallets/mainlevbuild_199.asset using Guid(882043ce0af423d4cb483bd17f68e335) Importer(815301076,1909f56bfc062723c751e8b465ee728b)  -> (artifact id: 'fa23b4e49a7a0d85bd9eda93143c2b02') in 0.007484 seconds
Number of updated asset objects reloaded before import = 0
Number of asset objects unloaded after import = 3
========================================================================
Received Import Request.
  Time since last request: 0.000020 seconds.
  path: Assets/Pallets/mainlevbuild_207.asset
  artifactKey: Guid(980b4697cdaa729498582d567b67587f) Importer(815301076,1909f56bfc062723c751e8b465ee728b)
Start importing Assets/Pallets/mainlevbuild_207.asset using Guid(980b4697cdaa729498582d567b67587f) Importer(815301076,1909f56bfc062723c751e8b465ee728b)  -> (artifact id: 'f790b41df82a4ca4c20cd05b0458f8ff') in 0.007363 seconds
Number of updated asset objects reloaded before import = 0
Number of asset objects unloaded after import = 3
========================================================================
Received Import Request.
  Time since last request: 0.000016 seconds.
  path: Assets/Pallets/mainlevbuild_205.asset
  artifactKey: Guid(9efee38d93141664382fff1314d048f1) Importer(815301076,1909f56bfc062723c751e8b465ee728b)
Start importing Assets/Pallets/mainlevbuild_205.asset using Guid(9efee38d93141664382fff1314d048f1) Importer(815301076,1909f56bfc062723c751e8b465ee728b)  -> (artifact id: '0b8caac52df5c9df5e36cf9f29dfe075') in 0.010587 seconds
Number of updated asset objects reloaded before import = 0
Number of asset objects unloaded after import = 3
========================================================================
Received Import Request.
  Time since last request: 0.173059 seconds.
  path: Assets/Pallets/mainlevbuild_222.asset
  artifactKey: Guid(0194dfbd471cf1540aa7e2e76ff80f75) Importer(815301076,1909f56bfc062723c751e8b465ee728b)
Start importing Assets/Pallets/mainlevbuild_222.asset using Guid(0194dfbd471cf1540aa7e2e76ff80f75) Importer(815301076,1909f56bfc062723c751e8b465ee728b)  -> (artifact id: '58148e48547c2053e0453ca92c94c981') in 0.008152 seconds
Number of updated asset objects reloaded before import = 0
Number of asset objects unloaded after import = 3
========================================================================
Received Import Request.
  Time since last request: 0.000013 seconds.
  path: Assets/Pallets/mainlevbuild_229.asset
  artifactKey: Guid(708e6af1c0f434342acf0ebede155004) Importer(815301076,1909f56bfc062723c751e8b465ee728b)
Start importing Assets/Pallets/mainlevbuild_229.asset using Guid(708e6af1c0f434342acf0ebede155004) Importer(815301076,1909f56bfc062723c751e8b465ee728b)  -> (artifact id: '37b6f4f4c008a907afb982a3903a028a') in 0.006858 seconds
Number of updated asset objects reloaded before import = 0
Number of asset objects unloaded after import = 3
========================================================================
Received Import Request.
  Time since last request: 0.000015 seconds.
  path: Assets/Pallets/mainlevbuild_224.asset
  artifactKey: Guid(4d9b1f8d7ccd2d9498c73e9e4ef5d993) Importer(815301076,1909f56bfc062723c751e8b465ee728b)
Start importing Assets/Pallets/mainlevbuild_224.asset using Guid(4d9b1f8d7ccd2d9498c73e9e4ef5d993) Importer(815301076,1909f56bfc062723c751e8b465ee728b)  -> (artifact id: '10e289dcf5e9f86870bb3ddb6632f5a7') in 0.006560 seconds
Number of updated asset objects reloaded before import = 0
Number of asset objects unloaded after import = 3
========================================================================
Received Import Request.
  Time since last request: 0.000013 seconds.
  path: Assets/Pallets/mainlevbuild_233.asset
  artifactKey: Guid(fce1c2cbccba2f742a8d263275a305f7) Importer(815301076,1909f56bfc062723c751e8b465ee728b)
Start importing Assets/Pallets/mainlevbuild_233.asset using Guid(fce1c2cbccba2f742a8d263275a305f7) Importer(815301076,1909f56bfc062723c751e8b465ee728b)  -> (artifact id: '77c947033e6c46f134d14deb7cad2356') in 0.006198 seconds
Number of updated asset objects reloaded before import = 0
Number of asset objects unloaded after import = 3
========================================================================
Received Import Request.
  Time since last request: 0.000014 seconds.
  path: Assets/Pallets/mainlevbuild_240.asset
  artifactKey: Guid(457d3ed139f4d56419f1621d867aa115) Importer(815301076,1909f56bfc062723c751e8b465ee728b)
Start importing Assets/Pallets/mainlevbuild_240.asset using Guid(457d3ed139f4d56419f1621d867aa115) Importer(815301076,1909f56bfc062723c751e8b465ee728b)  -> (artifact id: 'abe36a395720b6a85c7eddea31993222') in 0.007710 seconds
Number of updated asset objects reloaded before import = 0
Number of asset objects unloaded after import = 3
========================================================================
Received Import Request.
  Time since last request: 0.000013 seconds.
  path: Assets/Pallets/mainlevbuild_239.asset
  artifactKey: Guid(a2d75ae3e8e9bec45944fb0b422cd887) Importer(815301076,1909f56bfc062723c751e8b465ee728b)
Start importing Assets/Pallets/mainlevbuild_239.asset using Guid(a2d75ae3e8e9bec45944fb0b422cd887) Importer(815301076,1909f56bfc062723c751e8b465ee728b)  -> (artifact id: '6c458067ac4d852323285a5d7c845d94') in 0.007124 seconds
Number of updated asset objects reloaded before import = 0
Number of asset objects unloaded after import = 3
========================================================================
Received Import Request.
  Time since last request: 0.000013 seconds.
  path: Assets/Pallets/mainlevbuild_251.asset
  artifactKey: Guid(48cbdbe7c174f9f4189391f30ea71bbd) Importer(815301076,1909f56bfc062723c751e8b465ee728b)
Start importing Assets/Pallets/mainlevbuild_251.asset using Guid(48cbdbe7c174f9f4189391f30ea71bbd) Importer(815301076,1909f56bfc062723c751e8b465ee728b)  -> (artifact id: '7a3b376cb8f1eaabe10498f538cae962') in 0.008885 seconds
Number of updated asset objects reloaded before import = 0
Number of asset objects unloaded after import = 3
========================================================================
Received Import Request.
  Time since last request: 0.000013 seconds.
  path: Assets/Pallets/mainlevbuild_263.asset
  artifactKey: Guid(b820798adb7728545b2495c69f41b6c3) Importer(815301076,1909f56bfc062723c751e8b465ee728b)
Start importing Assets/Pallets/mainlevbuild_263.asset using Guid(b820798adb7728545b2495c69f41b6c3) Importer(815301076,1909f56bfc062723c751e8b465ee728b)  -> (artifact id: 'a50367387bf71b70d3403d9ee9b23a2a') in 0.010781 seconds
Number of updated asset objects reloaded before import = 0
Number of asset objects unloaded after import = 3
========================================================================
Received Import Request.
  Time since last request: 0.000013 seconds.
  path: Assets/Pallets/mainlevbuild_261.asset
  artifactKey: Guid(6819b4a7377987340a6fa071e1dafa3f) Importer(815301076,1909f56bfc062723c751e8b465ee728b)
Start importing Assets/Pallets/mainlevbuild_261.asset using Guid(6819b4a7377987340a6fa071e1dafa3f) Importer(815301076,1909f56bfc062723c751e8b465ee728b)  -> (artifact id: '9f1197f6100e200acad130e4a505791e') in 0.006637 seconds
Number of updated asset objects reloaded before import = 0
Number of asset objects unloaded after import = 3
========================================================================
Received Import Request.
  Time since last request: 0.000015 seconds.
  path: Assets/Pallets/mainlevbuild_268.asset
  artifactKey: Guid(a17ec60ff44565e47baf6aa55aade9fb) Importer(815301076,1909f56bfc062723c751e8b465ee728b)
Start importing Assets/Pallets/mainlevbuild_268.asset using Guid(a17ec60ff44565e47baf6aa55aade9fb) Importer(815301076,1909f56bfc062723c751e8b465ee728b)  -> (artifact id: '425383a01a0ea3ad10a9854f5dc32846') in 0.008798 seconds
Number of updated asset objects reloaded before import = 0
Number of asset objects unloaded after import = 3
========================================================================
Received Import Request.
  Time since last request: 0.000014 seconds.
  path: Assets/Pallets/mainlevbuild_246.asset
  artifactKey: Guid(69084f78b4fb05e46828267db7a5d487) Importer(815301076,1909f56bfc062723c751e8b465ee728b)
Start importing Assets/Pallets/mainlevbuild_246.asset using Guid(69084f78b4fb05e46828267db7a5d487) Importer(815301076,1909f56bfc062723c751e8b465ee728b)  -> (artifact id: 'e7cc43ebdd2733eb9459d123349dddb3') in 0.008429 seconds
Number of updated asset objects reloaded before import = 0
Number of asset objects unloaded after import = 3
========================================================================
Received Import Request.
  Time since last request: 0.000022 seconds.
  path: Assets/Pallets/mainlevbuild_271.asset
  artifactKey: Guid(a806fc612b7ae114bbbfd22a933d518e) Importer(815301076,1909f56bfc062723c751e8b465ee728b)
Start importing Assets/Pallets/mainlevbuild_271.asset using Guid(a806fc612b7ae114bbbfd22a933d518e) Importer(815301076,1909f56bfc062723c751e8b465ee728b)  -> (artifact id: '9dbc540ab7cc17bdf8d219d9201a03a7') in 0.007463 seconds
Number of updated asset objects reloaded before import = 0
Number of asset objects unloaded after import = 3
========================================================================
Received Import Request.
  Time since last request: 0.000014 seconds.
  path: Assets/Pallets/mainlevbuild_250.asset
  artifactKey: Guid(193213680aa39a647891c8d67d685423) Importer(815301076,1909f56bfc062723c751e8b465ee728b)
Start importing Assets/Pallets/mainlevbuild_250.asset using Guid(193213680aa39a647891c8d67d685423) Importer(815301076,1909f56bfc062723c751e8b465ee728b)  -> (artifact id: '04973277cafd95ef2f542a7d1124ad5a') in 0.006397 seconds
Number of updated asset objects reloaded before import = 0
Number of asset objects unloaded after import = 3
========================================================================
Received Import Request.
  Time since last request: 0.000014 seconds.
  path: Assets/Pallets/mainlevbuild_232.asset
  artifactKey: Guid(75870459c042ca14c84dea371621097e) Importer(815301076,1909f56bfc062723c751e8b465ee728b)
Start importing Assets/Pallets/mainlevbuild_232.asset using Guid(75870459c042ca14c84dea371621097e) Importer(815301076,1909f56bfc062723c751e8b465ee728b)  -> (artifact id: 'e2fa2b82975d38ac71bab68e399d7111') in 0.006705 seconds
Number of updated asset objects reloaded before import = 0
Number of asset objects unloaded after import = 3
========================================================================
Received Import Request.
  Time since last request: 1.020754 seconds.
  path: Assets/Pallets/mainlevbuild_274.asset
  artifactKey: Guid(14ec942320697f541a6406df9a21df8b) Importer(815301076,1909f56bfc062723c751e8b465ee728b)
Start importing Assets/Pallets/mainlevbuild_274.asset using Guid(14ec942320697f541a6406df9a21df8b) Importer(815301076,1909f56bfc062723c751e8b465ee728b)  -> (artifact id: 'e0e7674fa913f103d52fc4ebe9154a55') in 0.009732 seconds
Number of updated asset objects reloaded before import = 0
Number of asset objects unloaded after import = 3
========================================================================
Received Import Request.
  Time since last request: 0.000014 seconds.
  path: Assets/Pallets/mainlevbuild_282.asset
  artifactKey: Guid(e745d928874a2a149b594609a48e9530) Importer(815301076,1909f56bfc062723c751e8b465ee728b)
Start importing Assets/Pallets/mainlevbuild_282.asset using Guid(e745d928874a2a149b594609a48e9530) Importer(815301076,1909f56bfc062723c751e8b465ee728b)  -> (artifact id: '8907eee7204e2addb705dab0b33dd1c0') in 0.008433 seconds
Number of updated asset objects reloaded before import = 0
Number of asset objects unloaded after import = 3
========================================================================
Received Import Request.
  Time since last request: 0.000013 seconds.
  path: Assets/Pallets/mainlevbuild_285.asset
  artifactKey: Guid(93ed734ba4e3ca5478c23336d1994a28) Importer(815301076,1909f56bfc062723c751e8b465ee728b)
Start importing Assets/Pallets/mainlevbuild_285.asset using Guid(93ed734ba4e3ca5478c23336d1994a28) Importer(815301076,1909f56bfc062723c751e8b465ee728b)  -> (artifact id: '6afe497aadaa51f7bc3d807aecf2fe21') in 0.006799 seconds
Number of updated asset objects reloaded before import = 0
Number of asset objects unloaded after import = 3
========================================================================
Received Import Request.
  Time since last request: 0.000015 seconds.
  path: Assets/Pallets/mainlevbuild_276.asset
  artifactKey: Guid(daf4cfd01ecf44543bf00d5a53156235) Importer(815301076,1909f56bfc062723c751e8b465ee728b)
Start importing Assets/Pallets/mainlevbuild_276.asset using Guid(daf4cfd01ecf44543bf00d5a53156235) Importer(815301076,1909f56bfc062723c751e8b465ee728b)  -> (artifact id: '7ba0eef9f14848174bc9297b520e555a') in 0.006871 seconds
Number of updated asset objects reloaded before import = 0
Number of asset objects unloaded after import = 3
========================================================================
Received Import Request.
  Time since last request: 0.000014 seconds.
  path: Assets/Pallets/mainlevbuild_303.asset
  artifactKey: Guid(0f6cb1c36ec4ce7499cfa08eecb65398) Importer(815301076,1909f56bfc062723c751e8b465ee728b)
Start importing Assets/Pallets/mainlevbuild_303.asset using Guid(0f6cb1c36ec4ce7499cfa08eecb65398) Importer(815301076,1909f56bfc062723c751e8b465ee728b)  -> (artifact id: '09a5e9608924061bf8ada03bb8b090e1') in 0.008748 seconds
Number of updated asset objects reloaded before import = 0
Number of asset objects unloaded after import = 3
========================================================================
Received Import Request.
  Time since last request: 0.000013 seconds.
  path: Assets/Pallets/mainlevbuild_313.asset
  artifactKey: Guid(492bc6a357c442a48886f3a3ae2519c0) Importer(815301076,1909f56bfc062723c751e8b465ee728b)
Start importing Assets/Pallets/mainlevbuild_313.asset using Guid(492bc6a357c442a48886f3a3ae2519c0) Importer(815301076,1909f56bfc062723c751e8b465ee728b)  -> (artifact id: '0f75a736af4e338bb9320a661fcf2ae9') in 0.008226 seconds
Number of updated asset objects reloaded before import = 0
Number of asset objects unloaded after import = 3
========================================================================
Received Import Request.
  Time since last request: 0.000019 seconds.
  path: Assets/Pallets/mainlevbuild_305.asset
  artifactKey: Guid(2938a27416e4a454e8a17a4b993aa381) Importer(815301076,1909f56bfc062723c751e8b465ee728b)
Start importing Assets/Pallets/mainlevbuild_305.asset using Guid(2938a27416e4a454e8a17a4b993aa381) Importer(815301076,1909f56bfc062723c751e8b465ee728b)  -> (artifact id: '4ed53c79765915a99669249d44a72234') in 0.006983 seconds
Number of updated asset objects reloaded before import = 0
Number of asset objects unloaded after import = 3
========================================================================
Received Import Request.
  Time since last request: 0.000030 seconds.
  path: Assets/Pallets/mainlevbuild_304.asset
  artifactKey: Guid(528f3f41537a5d34dae54b972cf6871a) Importer(815301076,1909f56bfc062723c751e8b465ee728b)
Start importing Assets/Pallets/mainlevbuild_304.asset using Guid(528f3f41537a5d34dae54b972cf6871a) Importer(815301076,1909f56bfc062723c751e8b465ee728b)  -> (artifact id: '44aba56ba2e4891a3bab7092678c3fa4') in 0.009174 seconds
Number of updated asset objects reloaded before import = 0
Number of asset objects unloaded after import = 3
========================================================================
Received Import Request.
  Time since last request: 0.000014 seconds.
  path: Assets/Pallets/mainlevbuild_336.asset
  artifactKey: Guid(a153e0865caf2c846ba3cd7835d5f7fd) Importer(815301076,1909f56bfc062723c751e8b465ee728b)
Start importing Assets/Pallets/mainlevbuild_336.asset using Guid(a153e0865caf2c846ba3cd7835d5f7fd) Importer(815301076,1909f56bfc062723c751e8b465ee728b)  -> (artifact id: '5b1d8df3c0e1758c100fe34689eb7aef') in 0.007679 seconds
Number of updated asset objects reloaded before import = 0
Number of asset objects unloaded after import = 3
========================================================================
Received Import Request.
  Time since last request: 0.000013 seconds.
  path: Assets/Pallets/mainlevbuild_422.asset
  artifactKey: Guid(2a4073996a089d549b1dcada6959650c) Importer(815301076,1909f56bfc062723c751e8b465ee728b)
Start importing Assets/Pallets/mainlevbuild_422.asset using Guid(2a4073996a089d549b1dcada6959650c) Importer(815301076,1909f56bfc062723c751e8b465ee728b)  -> (artifact id: '2a980b4d9511f0e683e35a8b6954da6a') in 0.007956 seconds
Number of updated asset objects reloaded before import = 0
Number of asset objects unloaded after import = 3
========================================================================
Received Import Request.
  Time since last request: 0.000016 seconds.
  path: Assets/Pallets/mainlevbuild_427.asset
  artifactKey: Guid(90835dd5344dcc5498e64ea7dde50e43) Importer(815301076,1909f56bfc062723c751e8b465ee728b)
Start importing Assets/Pallets/mainlevbuild_427.asset using Guid(90835dd5344dcc5498e64ea7dde50e43) Importer(815301076,1909f56bfc062723c751e8b465ee728b)  -> (artifact id: '2324b409d84b1a30d49cd3e229ce82c9') in 0.007848 seconds
Number of updated asset objects reloaded before import = 0
Number of asset objects unloaded after import = 3
========================================================================
Received Import Request.
  Time since last request: 0.000014 seconds.
  path: Assets/Pallets/mainlevbuild_317.asset
  artifactKey: Guid(f8d07703f093ceb4aa5ef538774c8d52) Importer(815301076,1909f56bfc062723c751e8b465ee728b)
Start importing Assets/Pallets/mainlevbuild_317.asset using Guid(f8d07703f093ceb4aa5ef538774c8d52) Importer(815301076,1909f56bfc062723c751e8b465ee728b)  -> (artifact id: '4680814beab2bb28d3e231b6a0b05561') in 0.007355 seconds
Number of updated asset objects reloaded before import = 0
Number of asset objects unloaded after import = 3
========================================================================
Received Import Request.
  Time since last request: 0.000013 seconds.
  path: Assets/Pallets/mainlevbuild_446.asset
  artifactKey: Guid(84846b1a9fc421b4d9dcd45cb6054272) Importer(815301076,1909f56bfc062723c751e8b465ee728b)
Start importing Assets/Pallets/mainlevbuild_446.asset using Guid(84846b1a9fc421b4d9dcd45cb6054272) Importer(815301076,1909f56bfc062723c751e8b465ee728b)  -> (artifact id: 'f2cc480949492df22693037a78c7caee') in 0.007353 seconds
Number of updated asset objects reloaded before import = 0
Number of asset objects unloaded after import = 3
========================================================================
Received Import Request.
  Time since last request: 0.000024 seconds.
  path: Assets/Pallets/mainlevbuild_349.asset
  artifactKey: Guid(a5d57b8fd79cee849937877e9cdf9441) Importer(815301076,1909f56bfc062723c751e8b465ee728b)
Start importing Assets/Pallets/mainlevbuild_349.asset using Guid(a5d57b8fd79cee849937877e9cdf9441) Importer(815301076,1909f56bfc062723c751e8b465ee728b)  -> (artifact id: 'e58233a329ca82ba0df36c2816af196b') in 0.007463 seconds
Number of updated asset objects reloaded before import = 0
Number of asset objects unloaded after import = 3
========================================================================
Received Import Request.
  Time since last request: 0.000015 seconds.
  path: Assets/Pallets/mainlevbuild_300.asset
  artifactKey: Guid(11bab6d1bfdd96146a524c8e3adf0221) Importer(815301076,1909f56bfc062723c751e8b465ee728b)
Start importing Assets/Pallets/mainlevbuild_300.asset using Guid(11bab6d1bfdd96146a524c8e3adf0221) Importer(815301076,1909f56bfc062723c751e8b465ee728b)  -> (artifact id: '515883177a5c735d3a44a5a7b27eb542') in 0.006891 seconds
Number of updated asset objects reloaded before import = 0
Number of asset objects unloaded after import = 3
========================================================================
Received Import Request.
  Time since last request: 0.000017 seconds.
  path: Assets/Pallets/mainlevbuild_447.asset
  artifactKey: Guid(b820132d7c0a95b4cbdf67edb63a6c1e) Importer(815301076,1909f56bfc062723c751e8b465ee728b)
Start importing Assets/Pallets/mainlevbuild_447.asset using Guid(b820132d7c0a95b4cbdf67edb63a6c1e) Importer(815301076,1909f56bfc062723c751e8b465ee728b)  -> (artifact id: 'cfe3edea30511fa1280787534b89bc11') in 0.005993 seconds
Number of updated asset objects reloaded before import = 0
Number of asset objects unloaded after import = 3
========================================================================
Received Import Request.
  Time since last request: 0.000017 seconds.
  path: Assets/Pallets/mainlevbuild_600.asset
  artifactKey: Guid(c4439b207098d344981ca9132b37ebb9) Importer(815301076,1909f56bfc062723c751e8b465ee728b)
Start importing Assets/Pallets/mainlevbuild_600.asset using Guid(c4439b207098d344981ca9132b37ebb9) Importer(815301076,1909f56bfc062723c751e8b465ee728b)  -> (artifact id: 'f0aaf5453e249ae4cc5643ee39b38230') in 0.006224 seconds
Number of updated asset objects reloaded before import = 0
Number of asset objects unloaded after import = 3
========================================================================
Received Import Request.
  Time since last request: 0.000016 seconds.
  path: Assets/Pallets/mainlevbuild_311.asset
  artifactKey: Guid(3552defdf988c1045af4c16e12056d8e) Importer(815301076,1909f56bfc062723c751e8b465ee728b)
Start importing Assets/Pallets/mainlevbuild_311.asset using Guid(3552defdf988c1045af4c16e12056d8e) Importer(815301076,1909f56bfc062723c751e8b465ee728b)  -> (artifact id: '1066c6433731d7f7b2a6ee0f40c706d5') in 0.008262 seconds
Number of updated asset objects reloaded before import = 0
Number of asset objects unloaded after import = 3
========================================================================
Received Import Request.
  Time since last request: 0.000016 seconds.
  path: Assets/Pallets/mainlevbuild_613.asset
  artifactKey: Guid(9de450f4c4f29144780bf929cc01c78c) Importer(815301076,1909f56bfc062723c751e8b465ee728b)
Start importing Assets/Pallets/mainlevbuild_613.asset using Guid(9de450f4c4f29144780bf929cc01c78c) Importer(815301076,1909f56bfc062723c751e8b465ee728b)  -> (artifact id: '80b9d4f94a289548a3eb902b81420f61') in 0.006642 seconds
Number of updated asset objects reloaded before import = 0
Number of asset objects unloaded after import = 3
========================================================================
Received Import Request.
  Time since last request: 0.000017 seconds.
  path: Assets/Pallets/mainlevbuild_620.asset
  artifactKey: Guid(7c3b392d530a481408b98681dc4df037) Importer(815301076,1909f56bfc062723c751e8b465ee728b)
Start importing Assets/Pallets/mainlevbuild_620.asset using Guid(7c3b392d530a481408b98681dc4df037) Importer(815301076,1909f56bfc062723c751e8b465ee728b)  -> (artifact id: 'f27dff765bade68817c172d1db4ffcc6') in 0.007864 seconds
Number of updated asset objects reloaded before import = 0
Number of asset objects unloaded after import = 3
========================================================================
Received Import Request.
  Time since last request: 0.000014 seconds.
  path: Assets/Pallets/mainlevbuild_348.asset
  artifactKey: Guid(18792e8ff9ce645429f146a599a1172e) Importer(815301076,1909f56bfc062723c751e8b465ee728b)
Start importing Assets/Pallets/mainlevbuild_348.asset using Guid(18792e8ff9ce645429f146a599a1172e) Importer(815301076,1909f56bfc062723c751e8b465ee728b)  -> (artifact id: '7bf02650b87ef8d245d3f55910b9484d') in 0.006127 seconds
Number of updated asset objects reloaded before import = 0
Number of asset objects unloaded after import = 3
========================================================================
Received Import Request.
  Time since last request: 0.000018 seconds.
  path: Assets/Pallets/mainlevbuild_700.asset
  artifactKey: Guid(db23a00a2f453404198f26e1b6f2c520) Importer(815301076,1909f56bfc062723c751e8b465ee728b)
Start importing Assets/Pallets/mainlevbuild_700.asset using Guid(db23a00a2f453404198f26e1b6f2c520) Importer(815301076,1909f56bfc062723c751e8b465ee728b)  -> (artifact id: 'eda33abaec3b7a479262d6944c51799f') in 0.008970 seconds
Number of updated asset objects reloaded before import = 0
Number of asset objects unloaded after import = 3
========================================================================
Received Import Request.
  Time since last request: 0.000014 seconds.
  path: Assets/Pallets/mainlevbuild_705.asset
  artifactKey: Guid(ffd6ce7a757b17948a444ef4d9aa83cc) Importer(815301076,1909f56bfc062723c751e8b465ee728b)
Start importing Assets/Pallets/mainlevbuild_705.asset using Guid(ffd6ce7a757b17948a444ef4d9aa83cc) Importer(815301076,1909f56bfc062723c751e8b465ee728b)  -> (artifact id: '387817b07f597318cd249763c422dc53') in 0.007798 seconds
Number of updated asset objects reloaded before import = 0
Number of asset objects unloaded after import = 3
========================================================================
Received Import Request.
  Time since last request: 0.000012 seconds.
  path: Assets/Pallets/mainlevbuild_716.asset
  artifactKey: Guid(72611e0f57c80eb43a4783d022751325) Importer(815301076,1909f56bfc062723c751e8b465ee728b)
Start importing Assets/Pallets/mainlevbuild_716.asset using Guid(72611e0f57c80eb43a4783d022751325) Importer(815301076,1909f56bfc062723c751e8b465ee728b)  -> (artifact id: 'd9370cb8f3e3036b97148d0a65842091') in 0.007027 seconds
Number of updated asset objects reloaded before import = 0
Number of asset objects unloaded after import = 3
========================================================================
Received Import Request.
  Time since last request: 0.000013 seconds.
  path: Assets/Pallets/mainlevbuild_607.asset
  artifactKey: Guid(d3786786dd23f024584b321827ce9c69) Importer(815301076,1909f56bfc062723c751e8b465ee728b)
Start importing Assets/Pallets/mainlevbuild_607.asset using Guid(d3786786dd23f024584b321827ce9c69) Importer(815301076,1909f56bfc062723c751e8b465ee728b)  -> (artifact id: '5094f26ebf563febfcb8c552b85c6fc3') in 0.006157 seconds
Number of updated asset objects reloaded before import = 0
Number of asset objects unloaded after import = 3
========================================================================
Received Import Request.
  Time since last request: 0.000017 seconds.
  path: Assets/Pallets/mainlevbuild_419.asset
  artifactKey: Guid(68c4253e6ca64ef4bb98871e2f21892e) Importer(815301076,1909f56bfc062723c751e8b465ee728b)
Start importing Assets/Pallets/mainlevbuild_419.asset using Guid(68c4253e6ca64ef4bb98871e2f21892e) Importer(815301076,1909f56bfc062723c751e8b465ee728b)  -> (artifact id: 'c57e17b87eaed4dd1512f06f7729557d') in 0.006546 seconds
Number of updated asset objects reloaded before import = 0
Number of asset objects unloaded after import = 3
========================================================================
Received Import Request.
  Time since last request: 0.000016 seconds.
  path: Assets/Pallets/mainlevbuild_731.asset
  artifactKey: Guid(c57d37dcce9738b458f5abae7fa8abdc) Importer(815301076,1909f56bfc062723c751e8b465ee728b)
Start importing Assets/Pallets/mainlevbuild_731.asset using Guid(c57d37dcce9738b458f5abae7fa8abdc) Importer(815301076,1909f56bfc062723c751e8b465ee728b)  -> (artifact id: '59efccd01d3af3343e6af26883a8a53d') in 0.006835 seconds
Number of updated asset objects reloaded before import = 0
Number of asset objects unloaded after import = 3
========================================================================
Received Import Request.
  Time since last request: 0.000015 seconds.
  path: Assets/Pallets/mainlevbuild_736.asset
  artifactKey: Guid(64531911fbb2fca45ad980eb2b44f742) Importer(815301076,1909f56bfc062723c751e8b465ee728b)
Start importing Assets/Pallets/mainlevbuild_736.asset using Guid(64531911fbb2fca45ad980eb2b44f742) Importer(815301076,1909f56bfc062723c751e8b465ee728b)  -> (artifact id: '230edc158205b0e0229b87b2ec12b562') in 0.005929 seconds
Number of updated asset objects reloaded before import = 0
Number of asset objects unloaded after import = 3
========================================================================
Received Import Request.
  Time since last request: 0.000015 seconds.
  path: Assets/Pallets/mainlevbuild_283.asset
  artifactKey: Guid(ebcb562bceae8144ab1829c6c161a994) Importer(815301076,1909f56bfc062723c751e8b465ee728b)
Start importing Assets/Pallets/mainlevbuild_283.asset using Guid(ebcb562bceae8144ab1829c6c161a994) Importer(815301076,1909f56bfc062723c751e8b465ee728b)  -> (artifact id: '5299876c1db6e53b70ab60d1ee259c14') in 0.007797 seconds
Number of updated asset objects reloaded before import = 0
Number of asset objects unloaded after import = 3
========================================================================
Received Import Request.
  Time since last request: 0.000014 seconds.
  path: Assets/Pallets/mainlevbuild_845.asset
  artifactKey: Guid(7f868187064aa7140aa1bb3c25e7cc53) Importer(815301076,1909f56bfc062723c751e8b465ee728b)
Start importing Assets/Pallets/mainlevbuild_845.asset using Guid(7f868187064aa7140aa1bb3c25e7cc53) Importer(815301076,1909f56bfc062723c751e8b465ee728b)  -> (artifact id: '2e6bc284348b0a48e1332639b2903587') in 0.006996 seconds
Number of updated asset objects reloaded before import = 0
Number of asset objects unloaded after import = 3
========================================================================
Received Import Request.
  Time since last request: 0.000016 seconds.
  path: Assets/Pallets/mainlevbuild_851.asset
  artifactKey: Guid(686230d4d14ccd041a1a723fba4000ae) Importer(815301076,1909f56bfc062723c751e8b465ee728b)
Start importing Assets/Pallets/mainlevbuild_851.asset using Guid(686230d4d14ccd041a1a723fba4000ae) Importer(815301076,1909f56bfc062723c751e8b465ee728b)  -> (artifact id: '030f24fdab35104e4728025e1c13d107') in 0.006720 seconds
Number of updated asset objects reloaded before import = 0
Number of asset objects unloaded after import = 3
========================================================================
Received Import Request.
  Time since last request: 0.000015 seconds.
  path: Assets/Pallets/mainlevbuild_286.asset
  artifactKey: Guid(1ce01ac2dae57074883b290b5cdfbba0) Importer(815301076,1909f56bfc062723c751e8b465ee728b)
Start importing Assets/Pallets/mainlevbuild_286.asset using Guid(1ce01ac2dae57074883b290b5cdfbba0) Importer(815301076,1909f56bfc062723c751e8b465ee728b)  -> (artifact id: '6772a166c26e1dc21e4bab88829a484c') in 0.006589 seconds
Number of updated asset objects reloaded before import = 0
Number of asset objects unloaded after import = 3
========================================================================
Received Import Request.
  Time since last request: 0.000017 seconds.
  path: Assets/Pallets/mainlevbuild_862.asset
  artifactKey: Guid(c932c67f95f86a540bb93de0a1e9c6cc) Importer(815301076,1909f56bfc062723c751e8b465ee728b)
Start importing Assets/Pallets/mainlevbuild_862.asset using Guid(c932c67f95f86a540bb93de0a1e9c6cc) Importer(815301076,1909f56bfc062723c751e8b465ee728b)  -> (artifact id: '2e030630f3ba437c19c832573bd5501d') in 0.005627 seconds
Number of updated asset objects reloaded before import = 0
Number of asset objects unloaded after import = 3
========================================================================
Received Import Request.
  Time since last request: 0.000012 seconds.
  path: Assets/Pallets/mainlevbuild_420.asset
  artifactKey: Guid(8cc1d6ac338b57b4fbd0fea725176598) Importer(815301076,1909f56bfc062723c751e8b465ee728b)
Start importing Assets/Pallets/mainlevbuild_420.asset using Guid(8cc1d6ac338b57b4fbd0fea725176598) Importer(815301076,1909f56bfc062723c751e8b465ee728b)  -> (artifact id: '558b8bcc4aa2d660b11942bce70777c2') in 0.006053 seconds
Number of updated asset objects reloaded before import = 0
Number of asset objects unloaded after import = 3
========================================================================
Received Import Request.
  Time since last request: 0.000014 seconds.
  path: Assets/Pallets/mainlevbuild_723.asset
  artifactKey: Guid(1988bf158a6442b4593e1a98019d4beb) Importer(815301076,1909f56bfc062723c751e8b465ee728b)
Start importing Assets/Pallets/mainlevbuild_723.asset using Guid(1988bf158a6442b4593e1a98019d4beb) Importer(815301076,1909f56bfc062723c751e8b465ee728b)  -> (artifact id: '5d10c55398e3c1fb1727e39b54b0b1e5') in 0.005956 seconds
Number of updated asset objects reloaded before import = 0
Number of asset objects unloaded after import = 3
========================================================================
Received Import Request.
  Time since last request: 0.000027 seconds.
  path: Assets/Pallets/mainlevbuild_726.asset
  artifactKey: Guid(0f5699ca8490be449999a3dd66337f17) Importer(815301076,1909f56bfc062723c751e8b465ee728b)
Start importing Assets/Pallets/mainlevbuild_726.asset using Guid(0f5699ca8490be449999a3dd66337f17) Importer(815301076,1909f56bfc062723c751e8b465ee728b)  -> (artifact id: '89fc711fb7811eff4a800793923ce04f') in 0.005612 seconds
Number of updated asset objects reloaded before import = 0
Number of asset objects unloaded after import = 3
========================================================================
Received Import Request.
  Time since last request: 0.000016 seconds.
  path: Assets/Pallets/mainlevbuild_880.asset
  artifactKey: Guid(0edc52f00e3662343bcfe10cfccd223e) Importer(815301076,1909f56bfc062723c751e8b465ee728b)
Start importing Assets/Pallets/mainlevbuild_880.asset using Guid(0edc52f00e3662343bcfe10cfccd223e) Importer(815301076,1909f56bfc062723c751e8b465ee728b)  -> (artifact id: 'c72622983945fdf1f36e8b4e1867a84d') in 0.007630 seconds
Number of updated asset objects reloaded before import = 0
Number of asset objects unloaded after import = 3
========================================================================
Received Import Request.
  Time since last request: 0.000019 seconds.
  path: Assets/Pallets/mainlevbuild_935.asset
  artifactKey: Guid(eced18c79d64c7b4caa7055a2b644713) Importer(815301076,1909f56bfc062723c751e8b465ee728b)
Start importing Assets/Pallets/mainlevbuild_935.asset using Guid(eced18c79d64c7b4caa7055a2b644713) Importer(815301076,1909f56bfc062723c751e8b465ee728b)  -> (artifact id: '60a30de79500b3caa321277511c60903') in 0.005505 seconds
Number of updated asset objects reloaded before import = 0
Number of asset objects unloaded after import = 3
========================================================================
Received Import Request.
  Time since last request: 0.000013 seconds.
  path: Assets/Pallets/mainlevbuild_938.asset
  artifactKey: Guid(c30840dd193f0bf4fb36292eb47b0e2f) Importer(815301076,1909f56bfc062723c751e8b465ee728b)
Start importing Assets/Pallets/mainlevbuild_938.asset using Guid(c30840dd193f0bf4fb36292eb47b0e2f) Importer(815301076,1909f56bfc062723c751e8b465ee728b)  -> (artifact id: 'f2e21355cebf53cfb607411812ecb3d9') in 0.005036 seconds
Number of updated asset objects reloaded before import = 0
Number of asset objects unloaded after import = 3
========================================================================
Received Import Request.
  Time since last request: 0.000015 seconds.
  path: Assets/Pallets/mainlevbuild_941.asset
  artifactKey: Guid(213b5346f755dc8439ff7bfd5c15bbc6) Importer(815301076,1909f56bfc062723c751e8b465ee728b)
Start importing Assets/Pallets/mainlevbuild_941.asset using Guid(213b5346f755dc8439ff7bfd5c15bbc6) Importer(815301076,1909f56bfc062723c751e8b465ee728b)  -> (artifact id: '5bccf319629120d7c9a1c60ab418eaae') in 0.005159 seconds
Number of updated asset objects reloaded before import = 0
Number of asset objects unloaded after import = 3
========================================================================
Received Import Request.
  Time since last request: 0.000013 seconds.
  path: Assets/Pallets/mainlevbuild_947.asset
  artifactKey: Guid(c2916b6291244e2469e3aa253103baa5) Importer(815301076,1909f56bfc062723c751e8b465ee728b)
Start importing Assets/Pallets/mainlevbuild_947.asset using Guid(c2916b6291244e2469e3aa253103baa5) Importer(815301076,1909f56bfc062723c751e8b465ee728b)  -> (artifact id: '415e0a2d6bd099b2ec8e67d78a490007') in 0.005450 seconds
Number of updated asset objects reloaded before import = 0
Number of asset objects unloaded after import = 3
========================================================================
Received Import Request.
  Time since last request: 0.000014 seconds.
  path: Assets/Pallets/mainlevbuild_953.asset
  artifactKey: Guid(6de7ab59d90ea744dbb546821dada362) Importer(815301076,1909f56bfc062723c751e8b465ee728b)
Start importing Assets/Pallets/mainlevbuild_953.asset using Guid(6de7ab59d90ea744dbb546821dada362) Importer(815301076,1909f56bfc062723c751e8b465ee728b)  -> (artifact id: 'c0ad2c11d6484a29efb6fb682930b697') in 0.005991 seconds
Number of updated asset objects reloaded before import = 0
Number of asset objects unloaded after import = 3
========================================================================
Received Import Request.
  Time since last request: 0.000016 seconds.
  path: Assets/Pallets/New Palette.prefab
  artifactKey: Guid(2a3ed2ad80564d34b82abf7326f50190) Importer(815301076,1909f56bfc062723c751e8b465ee728b)
Start importing Assets/Pallets/New Palette.prefab using Guid(2a3ed2ad80564d34b82abf7326f50190) Importer(815301076,1909f56bfc062723c751e8b465ee728b)  -> (artifact id: '37466c244921b600310688969dd3c4e6') in 0.446355 seconds
Number of updated asset objects reloaded before import = 0
Number of asset objects unloaded after import = 1928
========================================================================
Received Prepare
Begin MonoManager ReloadAssembly
- Loaded All Assemblies, in  0.440 seconds
Refreshing native plugins compatible for Editor in 5.34 ms, found 4 plugins.
Native extension for WindowsStandalone target not found
Native extension for WebGL target not found
[Package Manager] Server::EnsureServerProcessIsRunning -- launch failed, reason: Unity was launched with the -noUpm command-line argument
[Package Manager] UpmClient::Send -- Unable to send message (not connected to UPM process).
[Package Manager] Cannot connect to Unity Package Manager local server
Mono: successfully reloaded assembly
- Finished resetting the current domain, in  1.030 seconds
Domain Reload Profiling: 1466ms
	BeginReloadAssembly (146ms)
		ExecutionOrderSort (0ms)
		DisableScriptedObjects (11ms)
		BackupInstance (0ms)
		ReleaseScriptingObjects (0ms)
		CreateAndSetChildDomain (33ms)
	RebuildCommonClasses (33ms)
	RebuildNativeTypeToScriptingClass (8ms)
	initialDomainReloadingComplete (31ms)
	LoadAllAssembliesAndSetupDomain (217ms)
		LoadAssemblies (282ms)
		RebuildTransferFunctionScriptingTraits (0ms)
		AnalyzeDomain (9ms)
			TypeCache.Refresh (5ms)
				TypeCache.ScanAssembly (0ms)
			ScanForSourceGeneratedMonoScriptInfo (0ms)
			ResolveRequiredComponents (4ms)
	FinalizeReload (1031ms)
		ReleaseScriptCaches (0ms)
		RebuildScriptCaches (0ms)
		SetupLoadedEditorAssemblies (406ms)
			LogAssemblyErrors (0ms)
			InitializePlatformSupportModulesInManaged (7ms)
			SetLoadedEditorAssemblies (4ms)
			RefreshPlugins (0ms)
			BeforeProcessingInitializeOnLoad (82ms)
			ProcessInitializeOnLoadAttributes (276ms)
			ProcessInitializeOnLoadMethodAttributes (27ms)
			AfterProcessingInitializeOnLoad (9ms)
			EditorAssembliesLoaded (0ms)
		ExecutionOrderSort2 (0ms)
		AwakeInstancesAfterBackupRestoration (20ms)
Refreshing native plugins compatible for Editor in 6.32 ms, found 4 plugins.
Preloading 0 native plugins for Editor in 0.00 ms.
Unloading 4011 Unused Serialized files (Serialized files now loaded: 0)
Unloading 40 unused Assets / (170.7 KB). Loaded Objects now: 4497.
Memory consumption went from 140.2 MB to 140.0 MB.
Total: 4.683800 ms (FindLiveObjects: 0.458100 ms CreateObjectMapping: 0.287100 ms MarkObjects: 3.769500 ms  DeleteObjects: 0.167900 ms)

Prepare: number of updated asset objects reloaded= 0
AssetImportParameters requested are different than current active one (requested -> active):
  custom:container-demuxer-ogg: 62fdf1f143b41e24485cea50d1cbac27 -> 
  custom:video-codec-MediaFoundation-h265: 746d11721c4dcdbdad8f713fa42b33f4 -> 
  custom:video-decoder-ogg-theora: a1e56fd34408186e4bbccfd4996cb3dc -> 
  custom:framework-win-MediaFoundation: 216162199b28c13a410421893ffa2e32 -> 
  custom:CustomObjectIndexerAttribute: 756ad292c208cfabdd7b50bc23989ffe -> 
  custom:container-demuxer-webm: 4f35f7cbe854078d1ac9338744f61a02 -> 
  custom:container-muxer-webm: aa71ff27fc2769a1b78a27578f13a17b -> 
  custom:video-decoder-webm-vp8: 9c59270c3fd7afecdb556c50c9e8de78 -> 
  custom:SearchIndexIgnoredProperties: e643bd26f0fe6173181afceb89e7c659 -> 
  custom:AudioImporter_EditorPlatform: d09bf68614088b80899f8185d706f6e7 -> 
  custom:video-encoder-webm-vp8: eb34c28f22e8b96e1ab97ce403110664 -> 
  custom:audio-decoder-ogg-vorbis: bf7c407c2cedff20999df2af8eb42d56 -> 
  custom:audio-encoder-webm-vorbis: bf7c407c2cedff20999df2af8eb42d56 -> 
========================================================================
Received Prepare
Begin MonoManager ReloadAssembly
- Loaded All Assemblies, in  0.407 seconds
Refreshing native plugins compatible for Editor in 5.69 ms, found 4 plugins.
Native extension for WindowsStandalone target not found
Native extension for WebGL target not found
[Package Manager] Server::EnsureServerProcessIsRunning -- launch failed, reason: Unity was launched with the -noUpm command-line argument
[Package Manager] UpmClient::Send -- Unable to send message (not connected to UPM process).
[Package Manager] Cannot connect to Unity Package Manager local server
Mono: successfully reloaded assembly
- Finished resetting the current domain, in  0.963 seconds
Domain Reload Profiling: 1365ms
	BeginReloadAssembly (135ms)
		ExecutionOrderSort (0ms)
		DisableScriptedObjects (9ms)
		BackupInstance (0ms)
		ReleaseScriptingObjects (0ms)
		CreateAndSetChildDomain (29ms)
	RebuildCommonClasses (24ms)
	RebuildNativeTypeToScriptingClass (8ms)
	initialDomainReloadingComplete (28ms)
	LoadAllAssembliesAndSetupDomain (207ms)
		LoadAssemblies (267ms)
		RebuildTransferFunctionScriptingTraits (0ms)
		AnalyzeDomain (9ms)
			TypeCache.Refresh (4ms)
				TypeCache.ScanAssembly (0ms)
			ScanForSourceGeneratedMonoScriptInfo (0ms)
			ResolveRequiredComponents (4ms)
	FinalizeReload (963ms)
		ReleaseScriptCaches (0ms)
		RebuildScriptCaches (0ms)
		SetupLoadedEditorAssemblies (371ms)
			LogAssemblyErrors (0ms)
			InitializePlatformSupportModulesInManaged (7ms)
			SetLoadedEditorAssemblies (2ms)
			RefreshPlugins (0ms)
			BeforeProcessingInitializeOnLoad (65ms)
			ProcessInitializeOnLoadAttributes (259ms)
			ProcessInitializeOnLoadMethodAttributes (27ms)
			AfterProcessingInitializeOnLoad (9ms)
			EditorAssembliesLoaded (0ms)
		ExecutionOrderSort2 (0ms)
		AwakeInstancesAfterBackupRestoration (16ms)
Refreshing native plugins compatible for Editor in 5.68 ms, found 4 plugins.
Preloading 0 native plugins for Editor in 0.00 ms.
Unloading 4012 Unused Serialized files (Serialized files now loaded: 0)
Unloading 40 unused Assets / (170.9 KB). Loaded Objects now: 4501.
Memory consumption went from 140.4 MB to 140.3 MB.
Total: 4.083300 ms (FindLiveObjects: 0.283100 ms CreateObjectMapping: 0.268300 ms MarkObjects: 3.126700 ms  DeleteObjects: 0.403900 ms)

Prepare: number of updated asset objects reloaded= 0
AssetImportParameters requested are different than current active one (requested -> active):
  custom:container-demuxer-ogg: 62fdf1f143b41e24485cea50d1cbac27 -> 
  custom:video-codec-MediaFoundation-h265: 746d11721c4dcdbdad8f713fa42b33f4 -> 
  custom:video-decoder-ogg-theora: a1e56fd34408186e4bbccfd4996cb3dc -> 
  custom:framework-win-MediaFoundation: 216162199b28c13a410421893ffa2e32 -> 
  custom:CustomObjectIndexerAttribute: 756ad292c208cfabdd7b50bc23989ffe -> 
  custom:container-demuxer-webm: 4f35f7cbe854078d1ac9338744f61a02 -> 
  custom:container-muxer-webm: aa71ff27fc2769a1b78a27578f13a17b -> 
  custom:video-decoder-webm-vp8: 9c59270c3fd7afecdb556c50c9e8de78 -> 
  custom:SearchIndexIgnoredProperties: e643bd26f0fe6173181afceb89e7c659 -> 
  custom:AudioImporter_EditorPlatform: d09bf68614088b80899f8185d706f6e7 -> 
  custom:video-encoder-webm-vp8: eb34c28f22e8b96e1ab97ce403110664 -> 
  custom:audio-decoder-ogg-vorbis: bf7c407c2cedff20999df2af8eb42d56 -> 
  custom:audio-encoder-webm-vorbis: bf7c407c2cedff20999df2af8eb42d56 -> 
